[0.079s] Invoking command in '/home/ubuntu/ros2_ws/build/opencv_cam': CMAKE_PREFIX_PATH=/home/ubuntu/ros2_ws/install/ros2_shared:/home/ubuntu/ros2_ws/install/opencv_cam:/home/ubuntu/ros2_ws/install/apriltag_ros:/home/ubuntu/ros2_ws/install/apriltag_msgs:/home/ubuntu/ros2_ws/install/pi_car:/opt/ros/foxy /usr/bin/cmake --build /home/ubuntu/ros2_ws/build/opencv_cam -- -j4 -l4
[0.712s] [ 25%] Built target subscriber_node
[0.764s] [ 50%] Built target opencv_cam_node
[1.115s] [ 75%] Built target ipc_test_main
[1.128s] [100%] Built target opencv_cam_main
[1.225s] Invoked command in '/home/ubuntu/ros2_ws/build/opencv_cam' returned '0': CMAKE_PREFIX_PATH=/home/ubuntu/ros2_ws/install/ros2_shared:/home/ubuntu/ros2_ws/install/opencv_cam:/home/ubuntu/ros2_ws/install/apriltag_ros:/home/ubuntu/ros2_ws/install/apriltag_msgs:/home/ubuntu/ros2_ws/install/pi_car:/opt/ros/foxy /usr/bin/cmake --build /home/ubuntu/ros2_ws/build/opencv_cam -- -j4 -l4
[1.536s] Invoking command in '/home/ubuntu/ros2_ws/build/opencv_cam': CMAKE_PREFIX_PATH=/home/ubuntu/ros2_ws/install/ros2_shared:/home/ubuntu/ros2_ws/install/opencv_cam:/home/ubuntu/ros2_ws/install/apriltag_ros:/home/ubuntu/ros2_ws/install/apriltag_msgs:/home/ubuntu/ros2_ws/install/pi_car:/opt/ros/foxy /usr/bin/cmake --install /home/ubuntu/ros2_ws/build/opencv_cam
[1.616s] -- Install configuration: ""
[1.619s] -- Up-to-date: /home/ubuntu/ros2_ws/install/opencv_cam/share/opencv_cam/environment/library_path.sh
[1.621s] -- Up-to-date: /home/ubuntu/ros2_ws/install/opencv_cam/share/opencv_cam/environment/library_path.dsv
[1.624s] -- Up-to-date: /home/ubuntu/ros2_ws/install/opencv_cam/share/ament_index/resource_index/package_run_dependencies/opencv_cam
[1.627s] -- Up-to-date: /home/ubuntu/ros2_ws/install/opencv_cam/share/ament_index/resource_index/parent_prefix_path/opencv_cam
[1.629s] -- Up-to-date: /home/ubuntu/ros2_ws/install/opencv_cam/share/opencv_cam/environment/ament_prefix_path.sh
[1.631s] -- Up-to-date: /home/ubuntu/ros2_ws/install/opencv_cam/share/opencv_cam/environment/ament_prefix_path.dsv
[1.633s] -- Up-to-date: /home/ubuntu/ros2_ws/install/opencv_cam/share/opencv_cam/environment/path.sh
[1.636s] -- Up-to-date: /home/ubuntu/ros2_ws/install/opencv_cam/share/opencv_cam/environment/path.dsv
[1.638s] -- Up-to-date: /home/ubuntu/ros2_ws/install/opencv_cam/share/opencv_cam/local_setup.bash
[1.641s] -- Up-to-date: /home/ubuntu/ros2_ws/install/opencv_cam/share/opencv_cam/local_setup.sh
[1.645s] -- Up-to-date: /home/ubuntu/ros2_ws/install/opencv_cam/share/opencv_cam/local_setup.zsh
[1.647s] -- Up-to-date: /home/ubuntu/ros2_ws/install/opencv_cam/share/opencv_cam/local_setup.dsv
[1.648s] -- Installing: /home/ubuntu/ros2_ws/install/opencv_cam/share/opencv_cam/package.dsv
[1.650s] -- Up-to-date: /home/ubuntu/ros2_ws/install/opencv_cam/share/ament_index/resource_index/packages/opencv_cam
[1.651s] -- Up-to-date: /home/ubuntu/ros2_ws/install/opencv_cam/share/ament_index/resource_index/rclcpp_components/opencv_cam
[1.653s] -- Up-to-date: /home/ubuntu/ros2_ws/install/opencv_cam/share/opencv_cam/cmake/export_opencv_cam_nodeExport.cmake
[1.654s] -- Up-to-date: /home/ubuntu/ros2_ws/install/opencv_cam/share/opencv_cam/cmake/export_opencv_cam_nodeExport-noconfig.cmake
[1.655s] -- Up-to-date: /home/ubuntu/ros2_ws/install/opencv_cam/share/opencv_cam/cmake/export_subscriber_nodeExport.cmake
[1.657s] -- Up-to-date: /home/ubuntu/ros2_ws/install/opencv_cam/share/opencv_cam/cmake/export_subscriber_nodeExport-noconfig.cmake
[1.658s] -- Up-to-date: /home/ubuntu/ros2_ws/install/opencv_cam/share/opencv_cam/cmake/ament_cmake_export_dependencies-extras.cmake
[1.660s] -- Up-to-date: /home/ubuntu/ros2_ws/install/opencv_cam/share/opencv_cam/cmake/ament_cmake_export_include_directories-extras.cmake
[1.662s] -- Up-to-date: /home/ubuntu/ros2_ws/install/opencv_cam/share/opencv_cam/cmake/ament_cmake_export_interfaces-extras.cmake
[1.663s] -- Up-to-date: /home/ubuntu/ros2_ws/install/opencv_cam/share/opencv_cam/cmake/ament_cmake_export_libraries-extras.cmake
[1.665s] -- Up-to-date: /home/ubuntu/ros2_ws/install/opencv_cam/share/opencv_cam/cmake/opencv_camConfig.cmake
[1.667s] -- Up-to-date: /home/ubuntu/ros2_ws/install/opencv_cam/share/opencv_cam/cmake/opencv_camConfig-version.cmake
[1.669s] -- Up-to-date: /home/ubuntu/ros2_ws/install/opencv_cam/share/opencv_cam/package.xml
[1.670s] -- Up-to-date: /home/ubuntu/ros2_ws/install/opencv_cam/lib/libopencv_cam_node.so
[1.671s] -- Up-to-date: /home/ubuntu/ros2_ws/install/opencv_cam/lib/libsubscriber_node.so
[1.673s] -- Up-to-date: /home/ubuntu/ros2_ws/install/opencv_cam/lib/opencv_cam/opencv_cam_main
[1.686s] -- Up-to-date: /home/ubuntu/ros2_ws/install/opencv_cam/lib/opencv_cam/ipc_test_main
[1.692s] -- Up-to-date: /home/ubuntu/ros2_ws/install/opencv_cam/share/opencv_cam/launch
[1.693s] -- Up-to-date: /home/ubuntu/ros2_ws/install/opencv_cam/share/opencv_cam/launch/composition_launch.py
[1.695s] Invoked command in '/home/ubuntu/ros2_ws/build/opencv_cam' returned '0': CMAKE_PREFIX_PATH=/home/ubuntu/ros2_ws/install/ros2_shared:/home/ubuntu/ros2_ws/install/opencv_cam:/home/ubuntu/ros2_ws/install/apriltag_ros:/home/ubuntu/ros2_ws/install/apriltag_msgs:/home/ubuntu/ros2_ws/install/pi_car:/opt/ros/foxy /usr/bin/cmake --install /home/ubuntu/ros2_ws/build/opencv_cam
