running egg_info
writing /home/ubuntu/ros2_ws/build/pi_car/pi_car.egg-info/PKG-INFO
writing dependency_links to /home/ubuntu/ros2_ws/build/pi_car/pi_car.egg-info/dependency_links.txt
writing entry points to /home/ubuntu/ros2_ws/build/pi_car/pi_car.egg-info/entry_points.txt
writing requirements to /home/ubuntu/ros2_ws/build/pi_car/pi_car.egg-info/requires.txt
writing top-level names to /home/ubuntu/ros2_ws/build/pi_car/pi_car.egg-info/top_level.txt
reading manifest file '/home/ubuntu/ros2_ws/build/pi_car/pi_car.egg-info/SOURCES.txt'
writing manifest file '/home/ubuntu/ros2_ws/build/pi_car/pi_car.egg-info/SOURCES.txt'
running build
running build_py
copying pi_car/pi_car.py -> /home/ubuntu/ros2_ws/build/pi_car/build/lib/pi_car
running install
running install_lib
copying /home/ubuntu/ros2_ws/build/pi_car/build/lib/pi_car/pi_car.py -> /home/ubuntu/ros2_ws/install/pi_car/lib/python3.8/site-packages/pi_car
byte-compiling /home/ubuntu/ros2_ws/install/pi_car/lib/python3.8/site-packages/pi_car/pi_car.py to pi_car.cpython-38.pyc
running install_data
copying package.xml -> /home/ubuntu/ros2_ws/install/pi_car/share/pi_car
running install_egg_info
removing '/home/ubuntu/ros2_ws/install/pi_car/lib/python3.8/site-packages/pi_car-0.0.0-py3.8.egg-info' (and everything under it)
Copying /home/ubuntu/ros2_ws/build/pi_car/pi_car.egg-info to /home/ubuntu/ros2_ws/install/pi_car/lib/python3.8/site-packages/pi_car-0.0.0-py3.8.egg-info
running install_scripts
Installing pi_car script to /home/ubuntu/ros2_ws/install/pi_car/lib/pi_car
writing list of installed files to '/home/ubuntu/ros2_ws/build/pi_car/install.log'
