[ 14%] Built target gtest_main
[ 28%] Built target gtest
[ 50%] Built target bno055
[ 71%] Built target bno055_test_fixture
[ 85%] Built target bno055_driver
[100%] Built target bno055_serial_tests
-- Install configuration: ""
-- Up-to-date: /home/ubuntu/ros2_ws/install/bno055_driver/include
-- Up-to-date: /home/ubuntu/ros2_ws/install/bno055_driver/include/bno055_driver
-- Up-to-date: /home/ubuntu/ros2_ws/install/bno055_driver/include/bno055_driver/visibility_control.hpp
-- Up-to-date: /home/ubuntu/ros2_ws/install/bno055_driver/include/bno055_driver/bno055_uart.hpp
-- Up-to-date: /home/ubuntu/ros2_ws/install/bno055_driver/include/bno055_driver/bno055_driver.hpp
-- Up-to-date: /home/ubuntu/ros2_ws/install/bno055_driver/include/bno055_driver/bno055_reg.hpp
-- Up-to-date: /home/ubuntu/ros2_ws/install/bno055_driver/lib/libbno055.a
-- Up-to-date: /home/ubuntu/ros2_ws/install/bno055_driver/lib/bno055_driver/bno055_driver
-- Up-to-date: /home/ubuntu/ros2_ws/install/bno055_driver/share/ament_index/resource_index/package_run_dependencies/bno055_driver
-- Up-to-date: /home/ubuntu/ros2_ws/install/bno055_driver/share/ament_index/resource_index/parent_prefix_path/bno055_driver
-- Up-to-date: /home/ubuntu/ros2_ws/install/bno055_driver/share/bno055_driver/environment/ament_prefix_path.sh
-- Up-to-date: /home/ubuntu/ros2_ws/install/bno055_driver/share/bno055_driver/environment/ament_prefix_path.dsv
-- Up-to-date: /home/ubuntu/ros2_ws/install/bno055_driver/share/bno055_driver/environment/path.sh
-- Up-to-date: /home/ubuntu/ros2_ws/install/bno055_driver/share/bno055_driver/environment/path.dsv
-- Up-to-date: /home/ubuntu/ros2_ws/install/bno055_driver/share/bno055_driver/local_setup.bash
-- Up-to-date: /home/ubuntu/ros2_ws/install/bno055_driver/share/bno055_driver/local_setup.sh
-- Up-to-date: /home/ubuntu/ros2_ws/install/bno055_driver/share/bno055_driver/local_setup.zsh
-- Up-to-date: /home/ubuntu/ros2_ws/install/bno055_driver/share/bno055_driver/local_setup.dsv
-- Installing: /home/ubuntu/ros2_ws/install/bno055_driver/share/bno055_driver/package.dsv
-- Up-to-date: /home/ubuntu/ros2_ws/install/bno055_driver/share/ament_index/resource_index/packages/bno055_driver
-- Up-to-date: /home/ubuntu/ros2_ws/install/bno055_driver/share/bno055_driver/cmake/bno055_driverConfig.cmake
-- Up-to-date: /home/ubuntu/ros2_ws/install/bno055_driver/share/bno055_driver/cmake/bno055_driverConfig-version.cmake
-- Up-to-date: /home/ubuntu/ros2_ws/install/bno055_driver/share/bno055_driver/package.xml
