[0.242s] Invoking command in '/home/ubuntu/ros2_ws/build/ros2_shared': CMAKE_PREFIX_PATH=${CMAKE_PREFIX_PATH}:/home/ubuntu/ros2_ws/install/pi_car:/home/ubuntu/ros2_ws/install/bno055:/opt/ros/foxy /usr/bin/cmake --build /home/ubuntu/ros2_ws/build/ros2_shared -- -j4 -l4
[1.051s] Invoked command in '/home/ubuntu/ros2_ws/build/ros2_shared' returned '0': CMAKE_PREFIX_PATH=${CMAKE_PREFIX_PATH}:/home/ubuntu/ros2_ws/install/pi_car:/home/ubuntu/ros2_ws/install/bno055:/opt/ros/foxy /usr/bin/cmake --build /home/ubuntu/ros2_ws/build/ros2_shared -- -j4 -l4
[1.331s] Invoking command in '/home/ubuntu/ros2_ws/build/ros2_shared': CMAKE_PREFIX_PATH=${CMAKE_PREFIX_PATH}:/home/ubuntu/ros2_ws/install/pi_car:/home/ubuntu/ros2_ws/install/bno055:/opt/ros/foxy /usr/bin/cmake --install /home/ubuntu/ros2_ws/build/ros2_shared
[1.405s] -- Install configuration: ""
[1.406s] -- Up-to-date: /home/ubuntu/ros2_ws/install/ros2_shared/include
[1.418s] -- Up-to-date: /home/ubuntu/ros2_ws/install/ros2_shared/include/ros2_shared
[1.440s] -- Up-to-date: /home/ubuntu/ros2_ws/install/ros2_shared/include/ros2_shared/context_macros.hpp
[1.444s] -- Up-to-date: /home/ubuntu/ros2_ws/install/ros2_shared/include/ros2_shared/string_printf.hpp
[1.448s] -- Up-to-date: /home/ubuntu/ros2_ws/install/ros2_shared/share/ament_index/resource_index/package_run_dependencies/ros2_shared
[1.455s] -- Up-to-date: /home/ubuntu/ros2_ws/install/ros2_shared/share/ament_index/resource_index/parent_prefix_path/ros2_shared
[1.457s] -- Up-to-date: /home/ubuntu/ros2_ws/install/ros2_shared/share/ros2_shared/environment/ament_prefix_path.sh
[1.462s] -- Up-to-date: /home/ubuntu/ros2_ws/install/ros2_shared/share/ros2_shared/environment/ament_prefix_path.dsv
[1.463s] -- Up-to-date: /home/ubuntu/ros2_ws/install/ros2_shared/share/ros2_shared/environment/path.sh
[1.480s] -- Up-to-date: /home/ubuntu/ros2_ws/install/ros2_shared/share/ros2_shared/environment/path.dsv
[1.481s] -- Up-to-date: /home/ubuntu/ros2_ws/install/ros2_shared/share/ros2_shared/local_setup.bash
[1.483s] -- Up-to-date: /home/ubuntu/ros2_ws/install/ros2_shared/share/ros2_shared/local_setup.sh
[1.489s] -- Up-to-date: /home/ubuntu/ros2_ws/install/ros2_shared/share/ros2_shared/local_setup.zsh
[1.492s] -- Up-to-date: /home/ubuntu/ros2_ws/install/ros2_shared/share/ros2_shared/local_setup.dsv
[1.503s] -- Installing: /home/ubuntu/ros2_ws/install/ros2_shared/share/ros2_shared/package.dsv
[1.504s] -- Up-to-date: /home/ubuntu/ros2_ws/install/ros2_shared/share/ament_index/resource_index/packages/ros2_shared
[1.508s] -- Up-to-date: /home/ubuntu/ros2_ws/install/ros2_shared/share/ros2_shared/cmake/ament_cmake_export_include_directories-extras.cmake
[1.521s] -- Up-to-date: /home/ubuntu/ros2_ws/install/ros2_shared/share/ros2_shared/cmake/ros2_sharedConfig.cmake
[1.526s] -- Up-to-date: /home/ubuntu/ros2_ws/install/ros2_shared/share/ros2_shared/cmake/ros2_sharedConfig-version.cmake
[1.534s] -- Up-to-date: /home/ubuntu/ros2_ws/install/ros2_shared/share/ros2_shared/package.xml
[1.536s] Invoked command in '/home/ubuntu/ros2_ws/build/ros2_shared' returned '0': CMAKE_PREFIX_PATH=${CMAKE_PREFIX_PATH}:/home/ubuntu/ros2_ws/install/pi_car:/home/ubuntu/ros2_ws/install/bno055:/opt/ros/foxy /usr/bin/cmake --install /home/ubuntu/ros2_ws/build/ros2_shared
