[0.226s] Invoking command in '/home/ubuntu/ros2_ws/build/apriltag_msgs': CMAKE_PREFIX_PATH=${CMAKE_PREFIX_PATH}:/home/ubuntu/ros2_ws/install/pi_car:/opt/ros/foxy /usr/bin/cmake --build /home/ubuntu/ros2_ws/build/apriltag_msgs -- -j4 -l4
[0.721s] [  2%] Built target apriltag_msgs__cpp
[0.754s] [ 12%] Built target apriltag_msgs__rosidl_generator_c
[1.010s] [ 23%] Built target apriltag_msgs__rosidl_typesupport_fastrtps_cpp
[1.030s] [ 34%] Built target apriltag_msgs__rosidl_typesupport_introspection_c
[1.042s] [ 44%] Built target apriltag_msgs__rosidl_typesupport_cpp
[1.064s] [ 55%] Built target apriltag_msgs__rosidl_typesupport_introspection_cpp
[1.225s] [ 65%] Built target apriltag_msgs__rosidl_typesupport_c
[1.279s] [ 76%] Built target apriltag_msgs__rosidl_typesupport_fastrtps_c
[1.443s] [ 76%] Built target apriltag_msgs
[1.613s] [ 78%] Built target apriltag_msgs__py
[1.843s] [ 87%] Built target apriltag_msgs__python
[2.083s] [ 95%] Built target apriltag_msgs__rosidl_typesupport_introspection_c__pyext
[2.084s] [ 95%] Built target apriltag_msgs__rosidl_typesupport_fastrtps_c__pyext
[2.088s] [100%] Built target apriltag_msgs__rosidl_typesupport_c__pyext
[2.519s] Invoked command in '/home/ubuntu/ros2_ws/build/apriltag_msgs' returned '0': CMAKE_PREFIX_PATH=${CMAKE_PREFIX_PATH}:/home/ubuntu/ros2_ws/install/pi_car:/opt/ros/foxy /usr/bin/cmake --build /home/ubuntu/ros2_ws/build/apriltag_msgs -- -j4 -l4
[3.332s] Invoking command in '/home/ubuntu/ros2_ws/build/apriltag_msgs': CMAKE_PREFIX_PATH=${CMAKE_PREFIX_PATH}:/home/ubuntu/ros2_ws/install/pi_car:/opt/ros/foxy /usr/bin/cmake --install /home/ubuntu/ros2_ws/build/apriltag_msgs
[3.418s] -- Install configuration: ""
[3.420s] -- Up-to-date: /home/ubuntu/ros2_ws/install/apriltag_msgs/share/ament_index/resource_index/rosidl_interfaces/apriltag_msgs
[3.422s] -- Up-to-date: /home/ubuntu/ros2_ws/install/apriltag_msgs/include/apriltag_msgs
[3.423s] -- Up-to-date: /home/ubuntu/ros2_ws/install/apriltag_msgs/include/apriltag_msgs/msg
[3.425s] -- Up-to-date: /home/ubuntu/ros2_ws/install/apriltag_msgs/include/apriltag_msgs/msg/point.h
[3.427s] -- Up-to-date: /home/ubuntu/ros2_ws/install/apriltag_msgs/include/apriltag_msgs/msg/april_tag_detection_array.h
[3.432s] -- Up-to-date: /home/ubuntu/ros2_ws/install/apriltag_msgs/include/apriltag_msgs/msg/april_tag_detection.h
[3.433s] -- Up-to-date: /home/ubuntu/ros2_ws/install/apriltag_msgs/include/apriltag_msgs/msg/detail
[3.435s] -- Up-to-date: /home/ubuntu/ros2_ws/install/apriltag_msgs/include/apriltag_msgs/msg/detail/april_tag_detection__functions.h
[3.438s] -- Up-to-date: /home/ubuntu/ros2_ws/install/apriltag_msgs/include/apriltag_msgs/msg/detail/april_tag_detection__struct.h
[3.439s] -- Up-to-date: /home/ubuntu/ros2_ws/install/apriltag_msgs/include/apriltag_msgs/msg/detail/point__functions.c
[3.441s] -- Up-to-date: /home/ubuntu/ros2_ws/install/apriltag_msgs/include/apriltag_msgs/msg/detail/april_tag_detection__functions.c
[3.443s] -- Up-to-date: /home/ubuntu/ros2_ws/install/apriltag_msgs/include/apriltag_msgs/msg/detail/point__functions.h
[3.445s] -- Up-to-date: /home/ubuntu/ros2_ws/install/apriltag_msgs/include/apriltag_msgs/msg/detail/april_tag_detection_array__type_support.h
[3.447s] -- Up-to-date: /home/ubuntu/ros2_ws/install/apriltag_msgs/include/apriltag_msgs/msg/detail/april_tag_detection_array__functions.c
[3.449s] -- Up-to-date: /home/ubuntu/ros2_ws/install/apriltag_msgs/include/apriltag_msgs/msg/detail/april_tag_detection_array__functions.h
[3.450s] -- Up-to-date: /home/ubuntu/ros2_ws/install/apriltag_msgs/include/apriltag_msgs/msg/detail/april_tag_detection__type_support.h
[3.451s] -- Up-to-date: /home/ubuntu/ros2_ws/install/apriltag_msgs/include/apriltag_msgs/msg/detail/point__type_support.h
[3.453s] -- Up-to-date: /home/ubuntu/ros2_ws/install/apriltag_msgs/include/apriltag_msgs/msg/detail/april_tag_detection_array__struct.h
[3.455s] -- Up-to-date: /home/ubuntu/ros2_ws/install/apriltag_msgs/include/apriltag_msgs/msg/detail/point__struct.h
[3.458s] -- Up-to-date: /home/ubuntu/ros2_ws/install/apriltag_msgs/include/apriltag_msgs/msg/rosidl_generator_c__visibility_control.h
[3.461s] -- Up-to-date: /home/ubuntu/ros2_ws/install/apriltag_msgs/share/apriltag_msgs/environment/library_path.sh
[3.463s] -- Up-to-date: /home/ubuntu/ros2_ws/install/apriltag_msgs/share/apriltag_msgs/environment/library_path.dsv
[3.464s] -- Up-to-date: /home/ubuntu/ros2_ws/install/apriltag_msgs/lib/libapriltag_msgs__rosidl_generator_c.so
[3.465s] -- Up-to-date: /home/ubuntu/ros2_ws/install/apriltag_msgs/include/apriltag_msgs
[3.467s] -- Up-to-date: /home/ubuntu/ros2_ws/install/apriltag_msgs/include/apriltag_msgs/msg
[3.468s] -- Up-to-date: /home/ubuntu/ros2_ws/install/apriltag_msgs/include/apriltag_msgs/msg/rosidl_typesupport_fastrtps_c__visibility_control.h
[3.471s] -- Up-to-date: /home/ubuntu/ros2_ws/install/apriltag_msgs/include/apriltag_msgs/msg/detail
[3.473s] -- Up-to-date: /home/ubuntu/ros2_ws/install/apriltag_msgs/include/apriltag_msgs/msg/detail/point__rosidl_typesupport_fastrtps_c.h
[3.476s] -- Up-to-date: /home/ubuntu/ros2_ws/install/apriltag_msgs/include/apriltag_msgs/msg/detail/april_tag_detection_array__rosidl_typesupport_fastrtps_c.h
[3.478s] -- Up-to-date: /home/ubuntu/ros2_ws/install/apriltag_msgs/include/apriltag_msgs/msg/detail/april_tag_detection__rosidl_typesupport_fastrtps_c.h
[3.481s] -- Up-to-date: /home/ubuntu/ros2_ws/install/apriltag_msgs/lib/libapriltag_msgs__rosidl_typesupport_fastrtps_c.so
[3.483s] -- Up-to-date: /home/ubuntu/ros2_ws/install/apriltag_msgs/include/apriltag_msgs
[3.484s] -- Up-to-date: /home/ubuntu/ros2_ws/install/apriltag_msgs/include/apriltag_msgs/msg
[3.486s] -- Up-to-date: /home/ubuntu/ros2_ws/install/apriltag_msgs/include/apriltag_msgs/msg/rosidl_typesupport_fastrtps_cpp__visibility_control.h
[3.487s] -- Up-to-date: /home/ubuntu/ros2_ws/install/apriltag_msgs/include/apriltag_msgs/msg/detail
[3.488s] -- Up-to-date: /home/ubuntu/ros2_ws/install/apriltag_msgs/include/apriltag_msgs/msg/detail/dds_fastrtps
[3.490s] -- Up-to-date: /home/ubuntu/ros2_ws/install/apriltag_msgs/include/apriltag_msgs/msg/detail/april_tag_detection_array__rosidl_typesupport_fastrtps_cpp.hpp
[3.491s] -- Up-to-date: /home/ubuntu/ros2_ws/install/apriltag_msgs/include/apriltag_msgs/msg/detail/point__rosidl_typesupport_fastrtps_cpp.hpp
[3.493s] -- Up-to-date: /home/ubuntu/ros2_ws/install/apriltag_msgs/include/apriltag_msgs/msg/detail/april_tag_detection__rosidl_typesupport_fastrtps_cpp.hpp
[3.495s] -- Up-to-date: /home/ubuntu/ros2_ws/install/apriltag_msgs/lib/libapriltag_msgs__rosidl_typesupport_fastrtps_cpp.so
[3.497s] -- Up-to-date: /home/ubuntu/ros2_ws/install/apriltag_msgs/include/apriltag_msgs
[3.498s] -- Up-to-date: /home/ubuntu/ros2_ws/install/apriltag_msgs/include/apriltag_msgs/msg
[3.499s] -- Up-to-date: /home/ubuntu/ros2_ws/install/apriltag_msgs/include/apriltag_msgs/msg/detail
[3.500s] -- Up-to-date: /home/ubuntu/ros2_ws/install/apriltag_msgs/include/apriltag_msgs/msg/detail/april_tag_detection__type_support.c
[3.502s] -- Up-to-date: /home/ubuntu/ros2_ws/install/apriltag_msgs/include/apriltag_msgs/msg/detail/april_tag_detection__rosidl_typesupport_introspection_c.h
[3.503s] -- Up-to-date: /home/ubuntu/ros2_ws/install/apriltag_msgs/include/apriltag_msgs/msg/detail/april_tag_detection_array__type_support.c
[3.504s] -- Up-to-date: /home/ubuntu/ros2_ws/install/apriltag_msgs/include/apriltag_msgs/msg/detail/point__type_support.c
[3.505s] -- Up-to-date: /home/ubuntu/ros2_ws/install/apriltag_msgs/include/apriltag_msgs/msg/detail/point__rosidl_typesupport_introspection_c.h
[3.507s] -- Up-to-date: /home/ubuntu/ros2_ws/install/apriltag_msgs/include/apriltag_msgs/msg/detail/april_tag_detection_array__rosidl_typesupport_introspection_c.h
[3.508s] -- Up-to-date: /home/ubuntu/ros2_ws/install/apriltag_msgs/include/apriltag_msgs/msg/rosidl_typesupport_introspection_c__visibility_control.h
[3.510s] -- Up-to-date: /home/ubuntu/ros2_ws/install/apriltag_msgs/lib/libapriltag_msgs__rosidl_typesupport_introspection_c.so
[3.511s] -- Up-to-date: /home/ubuntu/ros2_ws/install/apriltag_msgs/lib/libapriltag_msgs__rosidl_typesupport_c.so
[3.513s] -- Up-to-date: /home/ubuntu/ros2_ws/install/apriltag_msgs/include/apriltag_msgs
[3.515s] -- Up-to-date: /home/ubuntu/ros2_ws/install/apriltag_msgs/include/apriltag_msgs/msg
[3.516s] -- Up-to-date: /home/ubuntu/ros2_ws/install/apriltag_msgs/include/apriltag_msgs/msg/april_tag_detection.hpp
[3.518s] -- Up-to-date: /home/ubuntu/ros2_ws/install/apriltag_msgs/include/apriltag_msgs/msg/detail
[3.519s] -- Up-to-date: /home/ubuntu/ros2_ws/install/apriltag_msgs/include/apriltag_msgs/msg/detail/april_tag_detection_array__builder.hpp
[3.521s] -- Up-to-date: /home/ubuntu/ros2_ws/install/apriltag_msgs/include/apriltag_msgs/msg/detail/april_tag_detection__builder.hpp
[3.522s] -- Up-to-date: /home/ubuntu/ros2_ws/install/apriltag_msgs/include/apriltag_msgs/msg/detail/april_tag_detection_array__traits.hpp
[3.523s] -- Up-to-date: /home/ubuntu/ros2_ws/install/apriltag_msgs/include/apriltag_msgs/msg/detail/april_tag_detection__traits.hpp
[3.525s] -- Up-to-date: /home/ubuntu/ros2_ws/install/apriltag_msgs/include/apriltag_msgs/msg/detail/point__builder.hpp
[3.527s] -- Up-to-date: /home/ubuntu/ros2_ws/install/apriltag_msgs/include/apriltag_msgs/msg/detail/april_tag_detection_array__struct.hpp
[3.528s] -- Up-to-date: /home/ubuntu/ros2_ws/install/apriltag_msgs/include/apriltag_msgs/msg/detail/point__struct.hpp
[3.530s] -- Up-to-date: /home/ubuntu/ros2_ws/install/apriltag_msgs/include/apriltag_msgs/msg/detail/point__traits.hpp
[3.531s] -- Up-to-date: /home/ubuntu/ros2_ws/install/apriltag_msgs/include/apriltag_msgs/msg/detail/april_tag_detection__struct.hpp
[3.533s] -- Up-to-date: /home/ubuntu/ros2_ws/install/apriltag_msgs/include/apriltag_msgs/msg/point.hpp
[3.534s] -- Up-to-date: /home/ubuntu/ros2_ws/install/apriltag_msgs/include/apriltag_msgs/msg/april_tag_detection_array.hpp
[3.535s] -- Up-to-date: /home/ubuntu/ros2_ws/install/apriltag_msgs/include/apriltag_msgs
[3.537s] -- Up-to-date: /home/ubuntu/ros2_ws/install/apriltag_msgs/include/apriltag_msgs/msg
[3.538s] -- Up-to-date: /home/ubuntu/ros2_ws/install/apriltag_msgs/include/apriltag_msgs/msg/detail
[3.539s] -- Up-to-date: /home/ubuntu/ros2_ws/install/apriltag_msgs/include/apriltag_msgs/msg/detail/point__rosidl_typesupport_introspection_cpp.hpp
[3.540s] -- Up-to-date: /home/ubuntu/ros2_ws/install/apriltag_msgs/include/apriltag_msgs/msg/detail/april_tag_detection_array__type_support.cpp
[3.542s] -- Up-to-date: /home/ubuntu/ros2_ws/install/apriltag_msgs/include/apriltag_msgs/msg/detail/april_tag_detection_array__rosidl_typesupport_introspection_cpp.hpp
[3.543s] -- Up-to-date: /home/ubuntu/ros2_ws/install/apriltag_msgs/include/apriltag_msgs/msg/detail/point__type_support.cpp
[3.544s] -- Up-to-date: /home/ubuntu/ros2_ws/install/apriltag_msgs/include/apriltag_msgs/msg/detail/april_tag_detection__type_support.cpp
[3.546s] -- Up-to-date: /home/ubuntu/ros2_ws/install/apriltag_msgs/include/apriltag_msgs/msg/detail/april_tag_detection__rosidl_typesupport_introspection_cpp.hpp
[3.547s] -- Up-to-date: /home/ubuntu/ros2_ws/install/apriltag_msgs/lib/libapriltag_msgs__rosidl_typesupport_introspection_cpp.so
[3.549s] -- Up-to-date: /home/ubuntu/ros2_ws/install/apriltag_msgs/lib/libapriltag_msgs__rosidl_typesupport_cpp.so
[3.550s] -- Up-to-date: /home/ubuntu/ros2_ws/install/apriltag_msgs/share/apriltag_msgs/environment/pythonpath.sh
[3.551s] -- Up-to-date: /home/ubuntu/ros2_ws/install/apriltag_msgs/share/apriltag_msgs/environment/pythonpath.dsv
[3.553s] -- Up-to-date: /home/ubuntu/ros2_ws/install/apriltag_msgs/lib/python3.8/site-packages/apriltag_msgs/__init__.py
[3.866s] -- Up-to-date: /home/ubuntu/ros2_ws/install/apriltag_msgs/lib/python3.8/site-packages/apriltag_msgs/msg
[3.867s] -- Up-to-date: /home/ubuntu/ros2_ws/install/apriltag_msgs/lib/python3.8/site-packages/apriltag_msgs/msg/_april_tag_detection.py
[3.869s] -- Up-to-date: /home/ubuntu/ros2_ws/install/apriltag_msgs/lib/python3.8/site-packages/apriltag_msgs/msg/_april_tag_detection_array_s.c
[3.871s] -- Up-to-date: /home/ubuntu/ros2_ws/install/apriltag_msgs/lib/python3.8/site-packages/apriltag_msgs/msg/__init__.py
[3.873s] -- Up-to-date: /home/ubuntu/ros2_ws/install/apriltag_msgs/lib/python3.8/site-packages/apriltag_msgs/msg/_april_tag_detection_array.py
[3.875s] -- Up-to-date: /home/ubuntu/ros2_ws/install/apriltag_msgs/lib/python3.8/site-packages/apriltag_msgs/msg/_point.py
[3.876s] -- Up-to-date: /home/ubuntu/ros2_ws/install/apriltag_msgs/lib/python3.8/site-packages/apriltag_msgs/msg/_april_tag_detection_s.c
[3.877s] -- Up-to-date: /home/ubuntu/ros2_ws/install/apriltag_msgs/lib/python3.8/site-packages/apriltag_msgs/msg/_point_s.c
[3.878s] -- Up-to-date: /home/ubuntu/ros2_ws/install/apriltag_msgs/lib/python3.8/site-packages/apriltag_msgs/apriltag_msgs_s__rosidl_typesupport_fastrtps_c.cpython-38-aarch64-linux-gnu.so
[3.880s] -- Up-to-date: /home/ubuntu/ros2_ws/install/apriltag_msgs/lib/python3.8/site-packages/apriltag_msgs/apriltag_msgs_s__rosidl_typesupport_introspection_c.cpython-38-aarch64-linux-gnu.so
[3.886s] -- Up-to-date: /home/ubuntu/ros2_ws/install/apriltag_msgs/lib/python3.8/site-packages/apriltag_msgs/apriltag_msgs_s__rosidl_typesupport_c.cpython-38-aarch64-linux-gnu.so
[3.892s] -- Up-to-date: /home/ubuntu/ros2_ws/install/apriltag_msgs/lib/libapriltag_msgs__python.so
[3.896s] -- Up-to-date: /home/ubuntu/ros2_ws/install/apriltag_msgs/share/apriltag_msgs/msg/Point.idl
[3.898s] -- Up-to-date: /home/ubuntu/ros2_ws/install/apriltag_msgs/share/apriltag_msgs/msg/AprilTagDetection.idl
[3.901s] -- Up-to-date: /home/ubuntu/ros2_ws/install/apriltag_msgs/share/apriltag_msgs/msg/AprilTagDetectionArray.idl
[3.913s] -- Up-to-date: /home/ubuntu/ros2_ws/install/apriltag_msgs/share/apriltag_msgs/msg/Point.msg
[3.915s] -- Up-to-date: /home/ubuntu/ros2_ws/install/apriltag_msgs/share/apriltag_msgs/msg/AprilTagDetection.msg
[3.917s] -- Up-to-date: /home/ubuntu/ros2_ws/install/apriltag_msgs/share/apriltag_msgs/msg/AprilTagDetectionArray.msg
[3.919s] -- Up-to-date: /home/ubuntu/ros2_ws/install/apriltag_msgs/share/ament_index/resource_index/package_run_dependencies/apriltag_msgs
[3.929s] -- Up-to-date: /home/ubuntu/ros2_ws/install/apriltag_msgs/share/ament_index/resource_index/parent_prefix_path/apriltag_msgs
[3.931s] -- Up-to-date: /home/ubuntu/ros2_ws/install/apriltag_msgs/share/apriltag_msgs/environment/ament_prefix_path.sh
[3.940s] -- Up-to-date: /home/ubuntu/ros2_ws/install/apriltag_msgs/share/apriltag_msgs/environment/ament_prefix_path.dsv
[3.942s] -- Up-to-date: /home/ubuntu/ros2_ws/install/apriltag_msgs/share/apriltag_msgs/environment/path.sh
[3.944s] -- Up-to-date: /home/ubuntu/ros2_ws/install/apriltag_msgs/share/apriltag_msgs/environment/path.dsv
[3.946s] -- Up-to-date: /home/ubuntu/ros2_ws/install/apriltag_msgs/share/apriltag_msgs/local_setup.bash
[3.947s] -- Up-to-date: /home/ubuntu/ros2_ws/install/apriltag_msgs/share/apriltag_msgs/local_setup.sh
[3.957s] -- Up-to-date: /home/ubuntu/ros2_ws/install/apriltag_msgs/share/apriltag_msgs/local_setup.zsh
[3.958s] -- Up-to-date: /home/ubuntu/ros2_ws/install/apriltag_msgs/share/apriltag_msgs/local_setup.dsv
[3.960s] -- Installing: /home/ubuntu/ros2_ws/install/apriltag_msgs/share/apriltag_msgs/package.dsv
[3.961s] -- Up-to-date: /home/ubuntu/ros2_ws/install/apriltag_msgs/share/ament_index/resource_index/packages/apriltag_msgs
[3.963s] -- Up-to-date: /home/ubuntu/ros2_ws/install/apriltag_msgs/share/apriltag_msgs/cmake/apriltag_msgs__rosidl_generator_cExport.cmake
[3.970s] -- Up-to-date: /home/ubuntu/ros2_ws/install/apriltag_msgs/share/apriltag_msgs/cmake/apriltag_msgs__rosidl_generator_cExport-noconfig.cmake
[3.973s] -- Up-to-date: /home/ubuntu/ros2_ws/install/apriltag_msgs/share/apriltag_msgs/cmake/apriltag_msgs__rosidl_typesupport_introspection_cExport.cmake
[3.974s] -- Up-to-date: /home/ubuntu/ros2_ws/install/apriltag_msgs/share/apriltag_msgs/cmake/apriltag_msgs__rosidl_typesupport_introspection_cExport-noconfig.cmake
[3.976s] -- Up-to-date: /home/ubuntu/ros2_ws/install/apriltag_msgs/share/apriltag_msgs/cmake/apriltag_msgs__rosidl_typesupport_cExport.cmake
[3.977s] -- Up-to-date: /home/ubuntu/ros2_ws/install/apriltag_msgs/share/apriltag_msgs/cmake/apriltag_msgs__rosidl_typesupport_cExport-noconfig.cmake
[3.978s] -- Up-to-date: /home/ubuntu/ros2_ws/install/apriltag_msgs/share/apriltag_msgs/cmake/apriltag_msgs__rosidl_generator_cppExport.cmake
[3.979s] -- Up-to-date: /home/ubuntu/ros2_ws/install/apriltag_msgs/share/apriltag_msgs/cmake/apriltag_msgs__rosidl_typesupport_introspection_cppExport.cmake
[3.981s] -- Up-to-date: /home/ubuntu/ros2_ws/install/apriltag_msgs/share/apriltag_msgs/cmake/apriltag_msgs__rosidl_typesupport_introspection_cppExport-noconfig.cmake
[4.002s] -- Up-to-date: /home/ubuntu/ros2_ws/install/apriltag_msgs/share/apriltag_msgs/cmake/apriltag_msgs__rosidl_typesupport_cppExport.cmake
[4.004s] -- Up-to-date: /home/ubuntu/ros2_ws/install/apriltag_msgs/share/apriltag_msgs/cmake/apriltag_msgs__rosidl_typesupport_cppExport-noconfig.cmake
[4.006s] -- Up-to-date: /home/ubuntu/ros2_ws/install/apriltag_msgs/share/apriltag_msgs/cmake/rosidl_cmake-extras.cmake
[4.007s] -- Up-to-date: /home/ubuntu/ros2_ws/install/apriltag_msgs/share/apriltag_msgs/cmake/ament_cmake_export_dependencies-extras.cmake
[4.009s] -- Up-to-date: /home/ubuntu/ros2_ws/install/apriltag_msgs/share/apriltag_msgs/cmake/ament_cmake_export_libraries-extras.cmake
[4.017s] -- Up-to-date: /home/ubuntu/ros2_ws/install/apriltag_msgs/share/apriltag_msgs/cmake/ament_cmake_export_targets-extras.cmake
[4.018s] -- Up-to-date: /home/ubuntu/ros2_ws/install/apriltag_msgs/share/apriltag_msgs/cmake/ament_cmake_export_include_directories-extras.cmake
[4.020s] -- Up-to-date: /home/ubuntu/ros2_ws/install/apriltag_msgs/share/apriltag_msgs/cmake/rosidl_cmake_export_typesupport_libraries-extras.cmake
[4.021s] -- Up-to-date: /home/ubuntu/ros2_ws/install/apriltag_msgs/share/apriltag_msgs/cmake/rosidl_cmake_export_typesupport_targets-extras.cmake
[4.022s] -- Up-to-date: /home/ubuntu/ros2_ws/install/apriltag_msgs/share/apriltag_msgs/cmake/apriltag_msgsConfig.cmake
[4.034s] -- Up-to-date: /home/ubuntu/ros2_ws/install/apriltag_msgs/share/apriltag_msgs/cmake/apriltag_msgsConfig-version.cmake
[4.037s] -- Up-to-date: /home/ubuntu/ros2_ws/install/apriltag_msgs/share/apriltag_msgs/package.xml
[4.039s] Invoked command in '/home/ubuntu/ros2_ws/build/apriltag_msgs' returned '0': CMAKE_PREFIX_PATH=${CMAKE_PREFIX_PATH}:/home/ubuntu/ros2_ws/install/pi_car:/opt/ros/foxy /usr/bin/cmake --install /home/ubuntu/ros2_ws/build/apriltag_msgs
