[0.087s] Invoking command in '/home/ubuntu/ros2_ws/build/opencv_cam': CMAKE_PREFIX_PATH=/home/ubuntu/ros2_ws/install/ros2_shared:/home/ubuntu/ros2_ws/install/opencv_cam:/home/ubuntu/ros2_ws/install/apriltag_ros:/home/ubuntu/ros2_ws/install/apriltag_msgs:/home/ubuntu/ros2_ws/install/pi_car:/opt/ros/foxy /usr/bin/cmake --build /home/ubuntu/ros2_ws/build/opencv_cam -- -j4 -l4
[0.835s] [ 25%] Built target subscriber_node
[0.894s] [ 50%] Built target opencv_cam_node
[1.250s] [ 75%] Built target ipc_test_main
[1.270s] [100%] Built target opencv_cam_main
[1.423s] Invoked command in '/home/ubuntu/ros2_ws/build/opencv_cam' returned '0': CMAKE_PREFIX_PATH=/home/ubuntu/ros2_ws/install/ros2_shared:/home/ubuntu/ros2_ws/install/opencv_cam:/home/ubuntu/ros2_ws/install/apriltag_ros:/home/ubuntu/ros2_ws/install/apriltag_msgs:/home/ubuntu/ros2_ws/install/pi_car:/opt/ros/foxy /usr/bin/cmake --build /home/ubuntu/ros2_ws/build/opencv_cam -- -j4 -l4
[1.736s] Invoking command in '/home/ubuntu/ros2_ws/build/opencv_cam': CMAKE_PREFIX_PATH=/home/ubuntu/ros2_ws/install/ros2_shared:/home/ubuntu/ros2_ws/install/opencv_cam:/home/ubuntu/ros2_ws/install/apriltag_ros:/home/ubuntu/ros2_ws/install/apriltag_msgs:/home/ubuntu/ros2_ws/install/pi_car:/opt/ros/foxy /usr/bin/cmake --install /home/ubuntu/ros2_ws/build/opencv_cam
[1.814s] -- Install configuration: ""
[1.816s] -- Up-to-date: /home/ubuntu/ros2_ws/install/opencv_cam/share/opencv_cam/environment/library_path.sh
[1.817s] -- Up-to-date: /home/ubuntu/ros2_ws/install/opencv_cam/share/opencv_cam/environment/library_path.dsv
[1.819s] -- Up-to-date: /home/ubuntu/ros2_ws/install/opencv_cam/share/ament_index/resource_index/package_run_dependencies/opencv_cam
[1.821s] -- Up-to-date: /home/ubuntu/ros2_ws/install/opencv_cam/share/ament_index/resource_index/parent_prefix_path/opencv_cam
[1.824s] -- Up-to-date: /home/ubuntu/ros2_ws/install/opencv_cam/share/opencv_cam/environment/ament_prefix_path.sh
[1.826s] -- Up-to-date: /home/ubuntu/ros2_ws/install/opencv_cam/share/opencv_cam/environment/ament_prefix_path.dsv
[1.827s] -- Up-to-date: /home/ubuntu/ros2_ws/install/opencv_cam/share/opencv_cam/environment/path.sh
[1.829s] -- Up-to-date: /home/ubuntu/ros2_ws/install/opencv_cam/share/opencv_cam/environment/path.dsv
[1.831s] -- Up-to-date: /home/ubuntu/ros2_ws/install/opencv_cam/share/opencv_cam/local_setup.bash
[1.833s] -- Up-to-date: /home/ubuntu/ros2_ws/install/opencv_cam/share/opencv_cam/local_setup.sh
[1.834s] -- Up-to-date: /home/ubuntu/ros2_ws/install/opencv_cam/share/opencv_cam/local_setup.zsh
[1.835s] -- Up-to-date: /home/ubuntu/ros2_ws/install/opencv_cam/share/opencv_cam/local_setup.dsv
[1.836s] -- Installing: /home/ubuntu/ros2_ws/install/opencv_cam/share/opencv_cam/package.dsv
[1.838s] -- Up-to-date: /home/ubuntu/ros2_ws/install/opencv_cam/share/ament_index/resource_index/packages/opencv_cam
[1.839s] -- Up-to-date: /home/ubuntu/ros2_ws/install/opencv_cam/share/ament_index/resource_index/rclcpp_components/opencv_cam
[1.848s] -- Up-to-date: /home/ubuntu/ros2_ws/install/opencv_cam/share/opencv_cam/cmake/export_opencv_cam_nodeExport.cmake
[1.849s] -- Up-to-date: /home/ubuntu/ros2_ws/install/opencv_cam/share/opencv_cam/cmake/export_opencv_cam_nodeExport-noconfig.cmake
[1.853s] -- Up-to-date: /home/ubuntu/ros2_ws/install/opencv_cam/share/opencv_cam/cmake/export_subscriber_nodeExport.cmake
[1.856s] -- Up-to-date: /home/ubuntu/ros2_ws/install/opencv_cam/share/opencv_cam/cmake/export_subscriber_nodeExport-noconfig.cmake
[1.857s] -- Up-to-date: /home/ubuntu/ros2_ws/install/opencv_cam/share/opencv_cam/cmake/ament_cmake_export_dependencies-extras.cmake
[1.860s] -- Up-to-date: /home/ubuntu/ros2_ws/install/opencv_cam/share/opencv_cam/cmake/ament_cmake_export_include_directories-extras.cmake
[1.862s] -- Up-to-date: /home/ubuntu/ros2_ws/install/opencv_cam/share/opencv_cam/cmake/ament_cmake_export_interfaces-extras.cmake
[1.863s] -- Up-to-date: /home/ubuntu/ros2_ws/install/opencv_cam/share/opencv_cam/cmake/ament_cmake_export_libraries-extras.cmake
[1.864s] -- Up-to-date: /home/ubuntu/ros2_ws/install/opencv_cam/share/opencv_cam/cmake/opencv_camConfig.cmake
[1.865s] -- Up-to-date: /home/ubuntu/ros2_ws/install/opencv_cam/share/opencv_cam/cmake/opencv_camConfig-version.cmake
[1.866s] -- Up-to-date: /home/ubuntu/ros2_ws/install/opencv_cam/share/opencv_cam/package.xml
[1.867s] -- Up-to-date: /home/ubuntu/ros2_ws/install/opencv_cam/lib/libopencv_cam_node.so
[1.872s] -- Up-to-date: /home/ubuntu/ros2_ws/install/opencv_cam/lib/libsubscriber_node.so
[1.881s] -- Up-to-date: /home/ubuntu/ros2_ws/install/opencv_cam/lib/opencv_cam/opencv_cam_main
[1.891s] -- Up-to-date: /home/ubuntu/ros2_ws/install/opencv_cam/lib/opencv_cam/ipc_test_main
[1.893s] -- Up-to-date: /home/ubuntu/ros2_ws/install/opencv_cam/share/opencv_cam/launch
[1.895s] -- Installing: /home/ubuntu/ros2_ws/install/opencv_cam/share/opencv_cam/launch/composition_launch.py
[1.916s] Invoked command in '/home/ubuntu/ros2_ws/build/opencv_cam' returned '0': CMAKE_PREFIX_PATH=/home/ubuntu/ros2_ws/install/ros2_shared:/home/ubuntu/ros2_ws/install/opencv_cam:/home/ubuntu/ros2_ws/install/apriltag_ros:/home/ubuntu/ros2_ws/install/apriltag_msgs:/home/ubuntu/ros2_ws/install/pi_car:/opt/ros/foxy /usr/bin/cmake --install /home/ubuntu/ros2_ws/build/opencv_cam
