[0.066s] Invoking command in '/home/ubuntu/ros2_ws/build/opencv_cam': AMENT_PREFIX_PATH=/home/ubuntu/ros2_ws/install/ros2_shared:${AMENT_PREFIX_PATH} CMAKE_PREFIX_PATH=/home/ubuntu/ros2_ws/install/ros2_shared:/opt/ros/foxy /usr/bin/cmake /home/ubuntu/ros2_ws/src/opencv_cam -DCMAKE_INSTALL_PREFIX=/home/ubuntu/ros2_ws/install/opencv_cam
[0.622s] -- The C compiler identification is GNU 9.3.0
[1.131s] -- The CXX compiler identification is GNU 9.3.0
[1.169s] -- Check for working C compiler: /usr/bin/cc
[1.838s] -- Check for working C compiler: /usr/bin/cc -- works
[1.846s] -- Detecting C compiler ABI info
[2.500s] -- Detecting C compiler ABI info - done
[2.600s] -- Detecting C compile features
[2.603s] -- Detecting C compile features - done
[2.628s] -- Check for working CXX compiler: /usr/bin/c++
[3.354s] -- Check for working CXX compiler: /usr/bin/c++ -- works
[3.365s] -- Detecting CXX compiler ABI info
[4.069s] -- Detecting CXX compiler ABI info - done
[4.172s] -- Detecting CXX compile features
[4.177s] -- Detecting CXX compile features - done
[4.305s] -- Found OpenCV version 4.2.0
[4.330s] -- Found ament_cmake: 0.9.6 (/opt/ros/foxy/share/ament_cmake/cmake)
[4.617s] -- Found PythonInterp: /usr/bin/python3 (found suitable version "3.8.2", minimum required is "3") 
[4.619s] -- Using PYTHON_EXECUTABLE: /usr/bin/python3
[7.052s] -- Found camera_calibration_parsers: 2.3.0 (/opt/ros/foxy/share/camera_calibration_parsers/cmake)
[7.431s] -- Using all available rosidl_typesupport_c: rosidl_typesupport_fastrtps_c;rosidl_typesupport_introspection_c
[7.517s] -- Found rosidl_adapter: 1.0.1 (/opt/ros/foxy/share/rosidl_adapter/cmake)
[8.263s] -- Found OpenSSL: /usr/lib/aarch64-linux-gnu/libcrypto.so (found version "1.1.1f")  
[8.523s] -- Found FastRTPS: /opt/ros/foxy/include  
[9.472s] -- Using all available rosidl_typesupport_cpp: rosidl_typesupport_fastrtps_cpp;rosidl_typesupport_introspection_cpp
[10.133s] -- Found rmw_implementation_cmake: 1.0.1 (/opt/ros/foxy/share/rmw_implementation_cmake/cmake)
[10.149s] -- Using RMW implementation 'rmw_fastrtps_cpp' as default
[10.160s] -- Looking for pthread.h
[10.937s] -- Looking for pthread.h - found
[10.942s] -- Performing Test CMAKE_HAVE_LIBC_PTHREAD
[11.638s] -- Performing Test CMAKE_HAVE_LIBC_PTHREAD - Failed
[11.640s] -- Looking for pthread_create in pthreads
[12.142s] -- Looking for pthread_create in pthreads - not found
[12.144s] -- Looking for pthread_create in pthread
[12.781s] -- Looking for pthread_create in pthread - found
[12.791s] -- Found Threads: TRUE  
[16.959s] -- Setting yaml-cpp_DIR to: '/opt/ros/foxy/share/yaml_cpp_vendor/cmake/../../../opt/yaml_cpp_vendor/lib/cmake/yaml-cpp'
[17.094s] -- Found class_loader: 2.0.1 (/opt/ros/foxy/share/class_loader/cmake)
[17.189s] -- Found image_transport: 2.3.0 (/opt/ros/foxy/share/image_transport/cmake)
[17.969s] -- Found image_transport_plugins: 2.3.0 (/opt/ros/foxy/share/image_transport_plugins/cmake)
[17.994s] -- Found rclcpp_components: 2.1.0 (/opt/ros/foxy/share/rclcpp_components/cmake)
[18.654s] -- Found ros2_shared: 0.1.0 (/home/ubuntu/ros2_ws/install/ros2_shared/share/ros2_shared/cmake)
[19.297s] CMake Deprecation Warning at /opt/ros/foxy/share/ament_cmake_export_interfaces/cmake/ament_export_interfaces.cmake:37 (message):
[19.299s]   ament_export_interfaces() is deprecated, use ament_export_targets() instead
[19.301s] Call Stack (most recent call first):
[19.303s]   CMakeLists.txt:135 (ament_export_interfaces)
[19.306s] 
[19.308s] 
[20.374s] -- Configuring done
[21.440s] -- Generating done
[21.464s] -- Build files have been written to: /home/ubuntu/ros2_ws/build/opencv_cam
