[0.109s] Invoking command in '/home/ubuntu/ros2_ws/build/apriltag_ros': CMAKE_PREFIX_PATH=/home/ubuntu/ros2_ws/install/apriltag_msgs:/home/ubuntu/ros2_ws/install/bno055_driver:/home/ubuntu/ros2_ws/install/serial:/home/ubuntu/ros2_ws/install/opencv_cam:/home/ubuntu/ros2_ws/install/ros2_shared:/home/ubuntu/ros2_ws/install/apriltag_ros:/home/ubuntu/ros2_ws/install/pi_car:/home/ubuntu/ros2_ws/install/bno055:/opt/ros/foxy LD_LIBRARY_PATH=/home/ubuntu/ros2_ws/install/apriltag_msgs/lib:/home/ubuntu/ros2_ws/install/serial/lib:/home/ubuntu/ros2_ws/install/opencv_cam/lib:/home/ubuntu/ros2_ws/install/apriltag_ros/lib:/opt/ros/foxy/opt/yaml_cpp_vendor/lib:/opt/ros/foxy/lib/aarch64-linux-gnu:/opt/ros/foxy/lib PYTHONPATH=/home/ubuntu/ros2_ws/install/apriltag_msgs/lib/python3.8/site-packages:/home/ubuntu/ros2_ws/install/pi_car/lib/python3.8/site-packages:/home/ubuntu/ros2_ws/install/bno055/lib/python3.8/site-packages:/opt/ros/foxy/lib/python3.8/site-packages /usr/bin/cmake --build /home/ubuntu/ros2_ws/build/apriltag_ros -- -j4 -l4
[0.825s] [100%] Built target AprilTagNode
[0.909s] Invoked command in '/home/ubuntu/ros2_ws/build/apriltag_ros' returned '0': CMAKE_PREFIX_PATH=/home/ubuntu/ros2_ws/install/apriltag_msgs:/home/ubuntu/ros2_ws/install/bno055_driver:/home/ubuntu/ros2_ws/install/serial:/home/ubuntu/ros2_ws/install/opencv_cam:/home/ubuntu/ros2_ws/install/ros2_shared:/home/ubuntu/ros2_ws/install/apriltag_ros:/home/ubuntu/ros2_ws/install/pi_car:/home/ubuntu/ros2_ws/install/bno055:/opt/ros/foxy LD_LIBRARY_PATH=/home/ubuntu/ros2_ws/install/apriltag_msgs/lib:/home/ubuntu/ros2_ws/install/serial/lib:/home/ubuntu/ros2_ws/install/opencv_cam/lib:/home/ubuntu/ros2_ws/install/apriltag_ros/lib:/opt/ros/foxy/opt/yaml_cpp_vendor/lib:/opt/ros/foxy/lib/aarch64-linux-gnu:/opt/ros/foxy/lib PYTHONPATH=/home/ubuntu/ros2_ws/install/apriltag_msgs/lib/python3.8/site-packages:/home/ubuntu/ros2_ws/install/pi_car/lib/python3.8/site-packages:/home/ubuntu/ros2_ws/install/bno055/lib/python3.8/site-packages:/opt/ros/foxy/lib/python3.8/site-packages /usr/bin/cmake --build /home/ubuntu/ros2_ws/build/apriltag_ros -- -j4 -l4
[1.132s] Invoking command in '/home/ubuntu/ros2_ws/build/apriltag_ros': CMAKE_PREFIX_PATH=/home/ubuntu/ros2_ws/install/apriltag_msgs:/home/ubuntu/ros2_ws/install/bno055_driver:/home/ubuntu/ros2_ws/install/serial:/home/ubuntu/ros2_ws/install/opencv_cam:/home/ubuntu/ros2_ws/install/ros2_shared:/home/ubuntu/ros2_ws/install/apriltag_ros:/home/ubuntu/ros2_ws/install/pi_car:/home/ubuntu/ros2_ws/install/bno055:/opt/ros/foxy LD_LIBRARY_PATH=/home/ubuntu/ros2_ws/install/apriltag_msgs/lib:/home/ubuntu/ros2_ws/install/serial/lib:/home/ubuntu/ros2_ws/install/opencv_cam/lib:/home/ubuntu/ros2_ws/install/apriltag_ros/lib:/opt/ros/foxy/opt/yaml_cpp_vendor/lib:/opt/ros/foxy/lib/aarch64-linux-gnu:/opt/ros/foxy/lib PYTHONPATH=/home/ubuntu/ros2_ws/install/apriltag_msgs/lib/python3.8/site-packages:/home/ubuntu/ros2_ws/install/pi_car/lib/python3.8/site-packages:/home/ubuntu/ros2_ws/install/bno055/lib/python3.8/site-packages:/opt/ros/foxy/lib/python3.8/site-packages /usr/bin/cmake --install /home/ubuntu/ros2_ws/build/apriltag_ros
[1.205s] -- Install configuration: ""
[1.206s] -- Up-to-date: /home/ubuntu/ros2_ws/install/apriltag_ros/share/apriltag_ros/environment/library_path.sh
[1.207s] -- Up-to-date: /home/ubuntu/ros2_ws/install/apriltag_ros/share/apriltag_ros/environment/library_path.dsv
[1.213s] -- Up-to-date: /home/ubuntu/ros2_ws/install/apriltag_ros/lib/libAprilTagNode.so
[1.216s] -- Up-to-date: /home/ubuntu/ros2_ws/install/apriltag_ros/share/apriltag_ros/cfg
[1.219s] -- Up-to-date: /home/ubuntu/ros2_ws/install/apriltag_ros/share/apriltag_ros/cfg/tags_36h11_all.yaml
[1.221s] -- Up-to-date: /home/ubuntu/ros2_ws/install/apriltag_ros/share/apriltag_ros/cfg/tags_16h5_all.yaml
[1.222s] -- Up-to-date: /home/ubuntu/ros2_ws/install/apriltag_ros/share/apriltag_ros/cfg/tags_16h5_filtered.yaml
[1.224s] -- Up-to-date: /home/ubuntu/ros2_ws/install/apriltag_ros/share/apriltag_ros/cfg/tags_25h7_all .yaml
[1.226s] -- Up-to-date: /home/ubuntu/ros2_ws/install/apriltag_ros/share/apriltag_ros/launch
[1.227s] -- Up-to-date: /home/ubuntu/ros2_ws/install/apriltag_ros/share/apriltag_ros/launch/36h11.launch.py
[1.229s] -- Up-to-date: /home/ubuntu/ros2_ws/install/apriltag_ros/share/apriltag_ros/launch/tag_16h5_all.launch.py
[1.231s] -- Up-to-date: /home/ubuntu/ros2_ws/install/apriltag_ros/share/ament_index/resource_index/package_run_dependencies/apriltag_ros
[1.232s] -- Up-to-date: /home/ubuntu/ros2_ws/install/apriltag_ros/share/ament_index/resource_index/parent_prefix_path/apriltag_ros
[1.234s] -- Up-to-date: /home/ubuntu/ros2_ws/install/apriltag_ros/share/apriltag_ros/environment/ament_prefix_path.sh
[1.235s] -- Up-to-date: /home/ubuntu/ros2_ws/install/apriltag_ros/share/apriltag_ros/environment/ament_prefix_path.dsv
[1.237s] -- Up-to-date: /home/ubuntu/ros2_ws/install/apriltag_ros/share/apriltag_ros/environment/path.sh
[1.239s] -- Up-to-date: /home/ubuntu/ros2_ws/install/apriltag_ros/share/apriltag_ros/environment/path.dsv
[1.241s] -- Up-to-date: /home/ubuntu/ros2_ws/install/apriltag_ros/share/apriltag_ros/local_setup.bash
[1.242s] -- Up-to-date: /home/ubuntu/ros2_ws/install/apriltag_ros/share/apriltag_ros/local_setup.sh
[1.243s] -- Up-to-date: /home/ubuntu/ros2_ws/install/apriltag_ros/share/apriltag_ros/local_setup.zsh
[1.245s] -- Up-to-date: /home/ubuntu/ros2_ws/install/apriltag_ros/share/apriltag_ros/local_setup.dsv
[1.247s] -- Installing: /home/ubuntu/ros2_ws/install/apriltag_ros/share/apriltag_ros/package.dsv
[1.248s] -- Up-to-date: /home/ubuntu/ros2_ws/install/apriltag_ros/share/ament_index/resource_index/packages/apriltag_ros
[1.249s] -- Up-to-date: /home/ubuntu/ros2_ws/install/apriltag_ros/share/ament_index/resource_index/rclcpp_components/apriltag_ros
[1.250s] -- Up-to-date: /home/ubuntu/ros2_ws/install/apriltag_ros/share/apriltag_ros/cmake/apriltag_rosConfig.cmake
[1.251s] -- Up-to-date: /home/ubuntu/ros2_ws/install/apriltag_ros/share/apriltag_ros/cmake/apriltag_rosConfig-version.cmake
[1.252s] -- Up-to-date: /home/ubuntu/ros2_ws/install/apriltag_ros/share/apriltag_ros/package.xml
[1.266s] Invoked command in '/home/ubuntu/ros2_ws/build/apriltag_ros' returned '0': CMAKE_PREFIX_PATH=/home/ubuntu/ros2_ws/install/apriltag_msgs:/home/ubuntu/ros2_ws/install/bno055_driver:/home/ubuntu/ros2_ws/install/serial:/home/ubuntu/ros2_ws/install/opencv_cam:/home/ubuntu/ros2_ws/install/ros2_shared:/home/ubuntu/ros2_ws/install/apriltag_ros:/home/ubuntu/ros2_ws/install/pi_car:/home/ubuntu/ros2_ws/install/bno055:/opt/ros/foxy LD_LIBRARY_PATH=/home/ubuntu/ros2_ws/install/apriltag_msgs/lib:/home/ubuntu/ros2_ws/install/serial/lib:/home/ubuntu/ros2_ws/install/opencv_cam/lib:/home/ubuntu/ros2_ws/install/apriltag_ros/lib:/opt/ros/foxy/opt/yaml_cpp_vendor/lib:/opt/ros/foxy/lib/aarch64-linux-gnu:/opt/ros/foxy/lib PYTHONPATH=/home/ubuntu/ros2_ws/install/apriltag_msgs/lib/python3.8/site-packages:/home/ubuntu/ros2_ws/install/pi_car/lib/python3.8/site-packages:/home/ubuntu/ros2_ws/install/bno055/lib/python3.8/site-packages:/opt/ros/foxy/lib/python3.8/site-packages /usr/bin/cmake --install /home/ubuntu/ros2_ws/build/apriltag_ros
