[1.643s] DEBUG:colcon:Command line arguments: ['/usr/bin/colcon', 'build']
[1.644s] DEBUG:colcon:Parsed command line arguments: Namespace(ament_cmake_args=None, base_paths=['.'], build_base='build', catkin_cmake_args=None, catkin_skip_building_tests=False, cmake_args=None, cmake_clean_cache=False, cmake_clean_first=False, cmake_force_configure=False, cmake_target=None, cmake_target_skip_unavailable=False, continue_on_error=False, event_handlers=None, executor='parallel', ignore_user_meta=False, install_base='install', log_base=None, log_level=None, main=<bound method BuildVerb.main of <colcon_core.verb.build.BuildVerb object at 0xffff8ea9b160>>, merge_install=False, metas=['./colcon.meta'], packages_above=None, packages_above_and_dependencies=None, packages_above_depth=None, packages_end=None, packages_ignore=None, packages_ignore_regex=None, packages_select=None, packages_select_build_failed=False, packages_select_by_dep=None, packages_select_regex=None, packages_select_test_failures=False, packages_skip=None, packages_skip_build_finished=False, packages_skip_by_dep=None, packages_skip_regex=None, packages_skip_test_passed=False, packages_skip_up_to=None, packages_start=None, packages_up_to=None, packages_up_to_regex=None, parallel_workers=4, paths=None, symlink_install=False, test_result_base=None, verb_extension=<colcon_core.verb.build.BuildVerb object at 0xffff8ea9b160>, verb_name='build', verb_parser=<colcon_defaults.argument_parser.defaults.DefaultArgumentsDecorator object at 0xffff8ea9b6a0>)
[1.838s] Level 1:colcon.colcon_core.package_discovery:discover_packages(colcon_meta) check parameters
[1.839s] Level 1:colcon.colcon_core.package_discovery:discover_packages(recursive) check parameters
[1.839s] Level 1:colcon.colcon_core.package_discovery:discover_packages(ignore) check parameters
[1.840s] Level 1:colcon.colcon_core.package_discovery:discover_packages(path) check parameters
[1.840s] Level 1:colcon.colcon_core.package_discovery:discover_packages(colcon_meta) discover
[1.841s] Level 1:colcon.colcon_core.package_discovery:discover_packages(recursive) discover
[1.841s] INFO:colcon.colcon_core.package_discovery:Crawling recursively for packages in '/home/ubuntu/ros2_ws'
[1.842s] Level 1:colcon.colcon_core.package_identification:_identify(.) by extensions ['ignore', 'ignore_ament_install']
[1.843s] Level 1:colcon.colcon_core.package_identification:_identify(.) by extension 'ignore'
[1.844s] Level 1:colcon.colcon_core.package_identification:_identify(.) by extension 'ignore_ament_install'
[1.844s] Level 1:colcon.colcon_core.package_identification:_identify(.) by extensions ['colcon_pkg']
[1.845s] Level 1:colcon.colcon_core.package_identification:_identify(.) by extension 'colcon_pkg'
[1.846s] Level 1:colcon.colcon_core.package_identification:_identify(.) by extensions ['colcon_meta']
[1.846s] Level 1:colcon.colcon_core.package_identification:_identify(.) by extension 'colcon_meta'
[1.846s] Level 1:colcon.colcon_core.package_identification:_identify(.) by extensions ['ros']
[1.847s] Level 1:colcon.colcon_core.package_identification:_identify(.) by extension 'ros'
[1.944s] Level 1:colcon.colcon_core.package_identification:_identify(.) by extensions ['cmake', 'python']
[1.945s] Level 1:colcon.colcon_core.package_identification:_identify(.) by extension 'cmake'
[1.945s] Level 1:colcon.colcon_core.package_identification:_identify(.) by extension 'python'
[1.946s] Level 1:colcon.colcon_core.package_identification:_identify(.) by extensions ['python_setup_py']
[1.946s] Level 1:colcon.colcon_core.package_identification:_identify(.) by extension 'python_setup_py'
[1.947s] Level 1:colcon.colcon_core.package_identification:_identify(build) by extensions ['ignore', 'ignore_ament_install']
[1.948s] Level 1:colcon.colcon_core.package_identification:_identify(build) by extension 'ignore'
[1.948s] Level 1:colcon.colcon_core.package_identification:_identify(build) ignored
[1.950s] Level 1:colcon.colcon_core.package_identification:_identify(install) by extensions ['ignore', 'ignore_ament_install']
[1.950s] Level 1:colcon.colcon_core.package_identification:_identify(install) by extension 'ignore'
[1.951s] Level 1:colcon.colcon_core.package_identification:_identify(install) ignored
[1.952s] Level 1:colcon.colcon_core.package_identification:_identify(log) by extensions ['ignore', 'ignore_ament_install']
[1.953s] Level 1:colcon.colcon_core.package_identification:_identify(log) by extension 'ignore'
[1.953s] Level 1:colcon.colcon_core.package_identification:_identify(log) ignored
[1.954s] Level 1:colcon.colcon_core.package_identification:_identify(src) by extensions ['ignore', 'ignore_ament_install']
[1.955s] Level 1:colcon.colcon_core.package_identification:_identify(src) by extension 'ignore'
[1.955s] Level 1:colcon.colcon_core.package_identification:_identify(src) by extension 'ignore_ament_install'
[1.956s] Level 1:colcon.colcon_core.package_identification:_identify(src) by extensions ['colcon_pkg']
[1.956s] Level 1:colcon.colcon_core.package_identification:_identify(src) by extension 'colcon_pkg'
[1.956s] Level 1:colcon.colcon_core.package_identification:_identify(src) by extensions ['colcon_meta']
[1.957s] Level 1:colcon.colcon_core.package_identification:_identify(src) by extension 'colcon_meta'
[1.957s] Level 1:colcon.colcon_core.package_identification:_identify(src) by extensions ['ros']
[1.957s] Level 1:colcon.colcon_core.package_identification:_identify(src) by extension 'ros'
[1.958s] Level 1:colcon.colcon_core.package_identification:_identify(src) by extensions ['cmake', 'python']
[1.958s] Level 1:colcon.colcon_core.package_identification:_identify(src) by extension 'cmake'
[1.959s] Level 1:colcon.colcon_core.package_identification:_identify(src) by extension 'python'
[1.959s] Level 1:colcon.colcon_core.package_identification:_identify(src) by extensions ['python_setup_py']
[1.959s] Level 1:colcon.colcon_core.package_identification:_identify(src) by extension 'python_setup_py'
[1.960s] Level 1:colcon.colcon_core.package_identification:_identify(src/apriltag_msgs) by extensions ['ignore', 'ignore_ament_install']
[1.961s] Level 1:colcon.colcon_core.package_identification:_identify(src/apriltag_msgs) by extension 'ignore'
[1.962s] Level 1:colcon.colcon_core.package_identification:_identify(src/apriltag_msgs) by extension 'ignore_ament_install'
[1.962s] Level 1:colcon.colcon_core.package_identification:_identify(src/apriltag_msgs) by extensions ['colcon_pkg']
[1.962s] Level 1:colcon.colcon_core.package_identification:_identify(src/apriltag_msgs) by extension 'colcon_pkg'
[1.963s] Level 1:colcon.colcon_core.package_identification:_identify(src/apriltag_msgs) by extensions ['colcon_meta']
[1.963s] Level 1:colcon.colcon_core.package_identification:_identify(src/apriltag_msgs) by extension 'colcon_meta'
[1.963s] Level 1:colcon.colcon_core.package_identification:_identify(src/apriltag_msgs) by extensions ['ros']
[1.964s] Level 1:colcon.colcon_core.package_identification:_identify(src/apriltag_msgs) by extension 'ros'
[1.981s] DEBUG:colcon.colcon_core.package_identification:Package 'src/apriltag_msgs' with type 'ros.ament_cmake' and name 'apriltag_msgs'
[1.982s] Level 1:colcon.colcon_core.package_identification:_identify(src/apriltag_ros) by extensions ['ignore', 'ignore_ament_install']
[1.983s] Level 1:colcon.colcon_core.package_identification:_identify(src/apriltag_ros) by extension 'ignore'
[1.983s] Level 1:colcon.colcon_core.package_identification:_identify(src/apriltag_ros) by extension 'ignore_ament_install'
[1.984s] Level 1:colcon.colcon_core.package_identification:_identify(src/apriltag_ros) by extensions ['colcon_pkg']
[1.984s] Level 1:colcon.colcon_core.package_identification:_identify(src/apriltag_ros) by extension 'colcon_pkg'
[1.985s] Level 1:colcon.colcon_core.package_identification:_identify(src/apriltag_ros) by extensions ['colcon_meta']
[1.985s] Level 1:colcon.colcon_core.package_identification:_identify(src/apriltag_ros) by extension 'colcon_meta'
[1.985s] Level 1:colcon.colcon_core.package_identification:_identify(src/apriltag_ros) by extensions ['ros']
[1.985s] Level 1:colcon.colcon_core.package_identification:_identify(src/apriltag_ros) by extension 'ros'
[1.995s] DEBUG:colcon.colcon_core.package_identification:Package 'src/apriltag_ros' with type 'ros.ament_cmake' and name 'apriltag_ros'
[1.996s] Level 1:colcon.colcon_core.package_identification:_identify(src/opencv_cam) by extensions ['ignore', 'ignore_ament_install']
[1.997s] Level 1:colcon.colcon_core.package_identification:_identify(src/opencv_cam) by extension 'ignore'
[1.997s] Level 1:colcon.colcon_core.package_identification:_identify(src/opencv_cam) by extension 'ignore_ament_install'
[1.998s] Level 1:colcon.colcon_core.package_identification:_identify(src/opencv_cam) by extensions ['colcon_pkg']
[1.998s] Level 1:colcon.colcon_core.package_identification:_identify(src/opencv_cam) by extension 'colcon_pkg'
[1.998s] Level 1:colcon.colcon_core.package_identification:_identify(src/opencv_cam) by extensions ['colcon_meta']
[1.999s] Level 1:colcon.colcon_core.package_identification:_identify(src/opencv_cam) by extension 'colcon_meta'
[1.999s] Level 1:colcon.colcon_core.package_identification:_identify(src/opencv_cam) by extensions ['ros']
[1.999s] Level 1:colcon.colcon_core.package_identification:_identify(src/opencv_cam) by extension 'ros'
[2.009s] DEBUG:colcon.colcon_core.package_identification:Package 'src/opencv_cam' with type 'ros.ament_cmake' and name 'opencv_cam'
[2.010s] Level 1:colcon.colcon_core.package_identification:_identify(src/pi_car) by extensions ['ignore', 'ignore_ament_install']
[2.011s] Level 1:colcon.colcon_core.package_identification:_identify(src/pi_car) by extension 'ignore'
[2.011s] Level 1:colcon.colcon_core.package_identification:_identify(src/pi_car) by extension 'ignore_ament_install'
[2.012s] Level 1:colcon.colcon_core.package_identification:_identify(src/pi_car) by extensions ['colcon_pkg']
[2.012s] Level 1:colcon.colcon_core.package_identification:_identify(src/pi_car) by extension 'colcon_pkg'
[2.012s] Level 1:colcon.colcon_core.package_identification:_identify(src/pi_car) by extensions ['colcon_meta']
[2.013s] Level 1:colcon.colcon_core.package_identification:_identify(src/pi_car) by extension 'colcon_meta'
[2.013s] Level 1:colcon.colcon_core.package_identification:_identify(src/pi_car) by extensions ['ros']
[2.013s] Level 1:colcon.colcon_core.package_identification:_identify(src/pi_car) by extension 'ros'
[2.019s] DEBUG:colcon.colcon_core.package_identification:Package 'src/pi_car' with type 'ros.ament_python' and name 'pi_car'
[2.020s] Level 1:colcon.colcon_core.package_identification:_identify(src/ros2_shared) by extensions ['ignore', 'ignore_ament_install']
[2.021s] Level 1:colcon.colcon_core.package_identification:_identify(src/ros2_shared) by extension 'ignore'
[2.022s] Level 1:colcon.colcon_core.package_identification:_identify(src/ros2_shared) by extension 'ignore_ament_install'
[2.022s] Level 1:colcon.colcon_core.package_identification:_identify(src/ros2_shared) by extensions ['colcon_pkg']
[2.023s] Level 1:colcon.colcon_core.package_identification:_identify(src/ros2_shared) by extension 'colcon_pkg'
[2.023s] Level 1:colcon.colcon_core.package_identification:_identify(src/ros2_shared) by extensions ['colcon_meta']
[2.023s] Level 1:colcon.colcon_core.package_identification:_identify(src/ros2_shared) by extension 'colcon_meta'
[2.023s] Level 1:colcon.colcon_core.package_identification:_identify(src/ros2_shared) by extensions ['ros']
[2.024s] Level 1:colcon.colcon_core.package_identification:_identify(src/ros2_shared) by extension 'ros'
[2.028s] DEBUG:colcon.colcon_core.package_identification:Package 'src/ros2_shared' with type 'ros.ament_cmake' and name 'ros2_shared'
[2.028s] Level 1:colcon.colcon_core.package_discovery:discover_packages(recursive) using defaults
[2.029s] Level 1:colcon.colcon_core.package_discovery:discover_packages(ignore) discover
[2.029s] Level 1:colcon.colcon_core.package_discovery:discover_packages(ignore) using defaults
[2.029s] Level 1:colcon.colcon_core.package_discovery:discover_packages(path) discover
[2.029s] Level 1:colcon.colcon_core.package_discovery:discover_packages(path) using defaults
[2.080s] Level 5:colcon.colcon_core.verb:set package 'apriltag_msgs' build argument 'cmake_args' from command line to 'None'
[2.080s] Level 5:colcon.colcon_core.verb:set package 'apriltag_msgs' build argument 'cmake_target' from command line to 'None'
[2.081s] Level 5:colcon.colcon_core.verb:set package 'apriltag_msgs' build argument 'cmake_target_skip_unavailable' from command line to 'False'
[2.081s] Level 5:colcon.colcon_core.verb:set package 'apriltag_msgs' build argument 'cmake_clean_cache' from command line to 'False'
[2.081s] Level 5:colcon.colcon_core.verb:set package 'apriltag_msgs' build argument 'cmake_clean_first' from command line to 'False'
[2.081s] Level 5:colcon.colcon_core.verb:set package 'apriltag_msgs' build argument 'cmake_force_configure' from command line to 'False'
[2.082s] Level 5:colcon.colcon_core.verb:set package 'apriltag_msgs' build argument 'ament_cmake_args' from command line to 'None'
[2.082s] Level 5:colcon.colcon_core.verb:set package 'apriltag_msgs' build argument 'catkin_cmake_args' from command line to 'None'
[2.082s] Level 5:colcon.colcon_core.verb:set package 'apriltag_msgs' build argument 'catkin_skip_building_tests' from command line to 'False'
[2.082s] DEBUG:colcon.colcon_core.verb:Building package 'apriltag_msgs' with the following arguments: {'ament_cmake_args': None, 'build_base': '/home/ubuntu/ros2_ws/build/apriltag_msgs', 'catkin_cmake_args': None, 'catkin_skip_building_tests': False, 'cmake_args': None, 'cmake_clean_cache': False, 'cmake_clean_first': False, 'cmake_force_configure': False, 'cmake_target': None, 'cmake_target_skip_unavailable': False, 'install_base': '/home/ubuntu/ros2_ws/install/apriltag_msgs', 'merge_install': False, 'path': '/home/ubuntu/ros2_ws/src/apriltag_msgs', 'symlink_install': False, 'test_result_base': None}
[2.104s] Level 5:colcon.colcon_core.verb:set package 'pi_car' build argument 'cmake_args' from command line to 'None'
[2.105s] Level 5:colcon.colcon_core.verb:set package 'pi_car' build argument 'cmake_target' from command line to 'None'
[2.105s] Level 5:colcon.colcon_core.verb:set package 'pi_car' build argument 'cmake_target_skip_unavailable' from command line to 'False'
[2.105s] Level 5:colcon.colcon_core.verb:set package 'pi_car' build argument 'cmake_clean_cache' from command line to 'False'
[2.106s] Level 5:colcon.colcon_core.verb:set package 'pi_car' build argument 'cmake_clean_first' from command line to 'False'
[2.106s] Level 5:colcon.colcon_core.verb:set package 'pi_car' build argument 'cmake_force_configure' from command line to 'False'
[2.106s] Level 5:colcon.colcon_core.verb:set package 'pi_car' build argument 'ament_cmake_args' from command line to 'None'
[2.106s] Level 5:colcon.colcon_core.verb:set package 'pi_car' build argument 'catkin_cmake_args' from command line to 'None'
[2.106s] Level 5:colcon.colcon_core.verb:set package 'pi_car' build argument 'catkin_skip_building_tests' from command line to 'False'
[2.107s] DEBUG:colcon.colcon_core.verb:Building package 'pi_car' with the following arguments: {'ament_cmake_args': None, 'build_base': '/home/ubuntu/ros2_ws/build/pi_car', 'catkin_cmake_args': None, 'catkin_skip_building_tests': False, 'cmake_args': None, 'cmake_clean_cache': False, 'cmake_clean_first': False, 'cmake_force_configure': False, 'cmake_target': None, 'cmake_target_skip_unavailable': False, 'install_base': '/home/ubuntu/ros2_ws/install/pi_car', 'merge_install': False, 'path': '/home/ubuntu/ros2_ws/src/pi_car', 'symlink_install': False, 'test_result_base': None}
[2.129s] Level 5:colcon.colcon_core.verb:set package 'ros2_shared' build argument 'cmake_args' from command line to 'None'
[2.129s] Level 5:colcon.colcon_core.verb:set package 'ros2_shared' build argument 'cmake_target' from command line to 'None'
[2.129s] Level 5:colcon.colcon_core.verb:set package 'ros2_shared' build argument 'cmake_target_skip_unavailable' from command line to 'False'
[2.130s] Level 5:colcon.colcon_core.verb:set package 'ros2_shared' build argument 'cmake_clean_cache' from command line to 'False'
[2.130s] Level 5:colcon.colcon_core.verb:set package 'ros2_shared' build argument 'cmake_clean_first' from command line to 'False'
[2.130s] Level 5:colcon.colcon_core.verb:set package 'ros2_shared' build argument 'cmake_force_configure' from command line to 'False'
[2.130s] Level 5:colcon.colcon_core.verb:set package 'ros2_shared' build argument 'ament_cmake_args' from command line to 'None'
[2.131s] Level 5:colcon.colcon_core.verb:set package 'ros2_shared' build argument 'catkin_cmake_args' from command line to 'None'
[2.131s] Level 5:colcon.colcon_core.verb:set package 'ros2_shared' build argument 'catkin_skip_building_tests' from command line to 'False'
[2.131s] DEBUG:colcon.colcon_core.verb:Building package 'ros2_shared' with the following arguments: {'ament_cmake_args': None, 'build_base': '/home/ubuntu/ros2_ws/build/ros2_shared', 'catkin_cmake_args': None, 'catkin_skip_building_tests': False, 'cmake_args': None, 'cmake_clean_cache': False, 'cmake_clean_first': False, 'cmake_force_configure': False, 'cmake_target': None, 'cmake_target_skip_unavailable': False, 'install_base': '/home/ubuntu/ros2_ws/install/ros2_shared', 'merge_install': False, 'path': '/home/ubuntu/ros2_ws/src/ros2_shared', 'symlink_install': False, 'test_result_base': None}
[2.153s] Level 5:colcon.colcon_core.verb:set package 'apriltag_ros' build argument 'cmake_args' from command line to 'None'
[2.153s] Level 5:colcon.colcon_core.verb:set package 'apriltag_ros' build argument 'cmake_target' from command line to 'None'
[2.154s] Level 5:colcon.colcon_core.verb:set package 'apriltag_ros' build argument 'cmake_target_skip_unavailable' from command line to 'False'
[2.154s] Level 5:colcon.colcon_core.verb:set package 'apriltag_ros' build argument 'cmake_clean_cache' from command line to 'False'
[2.154s] Level 5:colcon.colcon_core.verb:set package 'apriltag_ros' build argument 'cmake_clean_first' from command line to 'False'
[2.154s] Level 5:colcon.colcon_core.verb:set package 'apriltag_ros' build argument 'cmake_force_configure' from command line to 'False'
[2.154s] Level 5:colcon.colcon_core.verb:set package 'apriltag_ros' build argument 'ament_cmake_args' from command line to 'None'
[2.155s] Level 5:colcon.colcon_core.verb:set package 'apriltag_ros' build argument 'catkin_cmake_args' from command line to 'None'
[2.155s] Level 5:colcon.colcon_core.verb:set package 'apriltag_ros' build argument 'catkin_skip_building_tests' from command line to 'False'
[2.155s] DEBUG:colcon.colcon_core.verb:Building package 'apriltag_ros' with the following arguments: {'ament_cmake_args': None, 'build_base': '/home/ubuntu/ros2_ws/build/apriltag_ros', 'catkin_cmake_args': None, 'catkin_skip_building_tests': False, 'cmake_args': None, 'cmake_clean_cache': False, 'cmake_clean_first': False, 'cmake_force_configure': False, 'cmake_target': None, 'cmake_target_skip_unavailable': False, 'install_base': '/home/ubuntu/ros2_ws/install/apriltag_ros', 'merge_install': False, 'path': '/home/ubuntu/ros2_ws/src/apriltag_ros', 'symlink_install': False, 'test_result_base': None}
[2.177s] Level 5:colcon.colcon_core.verb:set package 'opencv_cam' build argument 'cmake_args' from command line to 'None'
[2.178s] Level 5:colcon.colcon_core.verb:set package 'opencv_cam' build argument 'cmake_target' from command line to 'None'
[2.178s] Level 5:colcon.colcon_core.verb:set package 'opencv_cam' build argument 'cmake_target_skip_unavailable' from command line to 'False'
[2.178s] Level 5:colcon.colcon_core.verb:set package 'opencv_cam' build argument 'cmake_clean_cache' from command line to 'False'
[2.178s] Level 5:colcon.colcon_core.verb:set package 'opencv_cam' build argument 'cmake_clean_first' from command line to 'False'
[2.178s] Level 5:colcon.colcon_core.verb:set package 'opencv_cam' build argument 'cmake_force_configure' from command line to 'False'
[2.179s] Level 5:colcon.colcon_core.verb:set package 'opencv_cam' build argument 'ament_cmake_args' from command line to 'None'
[2.179s] Level 5:colcon.colcon_core.verb:set package 'opencv_cam' build argument 'catkin_cmake_args' from command line to 'None'
[2.179s] Level 5:colcon.colcon_core.verb:set package 'opencv_cam' build argument 'catkin_skip_building_tests' from command line to 'False'
[2.180s] DEBUG:colcon.colcon_core.verb:Building package 'opencv_cam' with the following arguments: {'ament_cmake_args': None, 'build_base': '/home/ubuntu/ros2_ws/build/opencv_cam', 'catkin_cmake_args': None, 'catkin_skip_building_tests': False, 'cmake_args': None, 'cmake_clean_cache': False, 'cmake_clean_first': False, 'cmake_force_configure': False, 'cmake_target': None, 'cmake_target_skip_unavailable': False, 'install_base': '/home/ubuntu/ros2_ws/install/opencv_cam', 'merge_install': False, 'path': '/home/ubuntu/ros2_ws/src/opencv_cam', 'symlink_install': False, 'test_result_base': None}
[2.182s] INFO:colcon.colcon_core.executor:Executing jobs using 'parallel' executor
[2.196s] DEBUG:colcon.colcon_parallel_executor.executor.parallel:run_until_complete
[2.199s] INFO:colcon.colcon_ros.task.ament_cmake.build:Building ROS package in '/home/ubuntu/ros2_ws/src/apriltag_msgs' with build type 'ament_cmake'
[2.250s] INFO:colcon.colcon_core.plugin_system:Skipping extension 'colcon_core.shell.bat': Not used on non-Windows systems
[2.252s] INFO:colcon.colcon_cmake.task.cmake.build:Building CMake package in '/home/ubuntu/ros2_ws/src/apriltag_msgs'
[2.258s] INFO:colcon.colcon_core.shell:Skip shell extension 'powershell' for command environment: Not usable outside of PowerShell
[2.258s] DEBUG:colcon.colcon_core.shell:Skip shell extension 'dsv' for command environment
[2.289s] DEBUG:colcon.colcon_core.shell:Ignoring prefix path '/opt/ros/foxy'
[2.310s] INFO:colcon.colcon_ros.task.ament_cmake.build:Building ROS package in '/home/ubuntu/ros2_ws/src/ros2_shared' with build type 'ament_cmake'
[2.316s] INFO:colcon.colcon_cmake.task.cmake.build:Building CMake package in '/home/ubuntu/ros2_ws/src/ros2_shared'
[2.321s] INFO:colcon.colcon_core.shell:Skip shell extension 'powershell' for command environment: Not usable outside of PowerShell
[2.322s] DEBUG:colcon.colcon_core.shell:Skip shell extension 'dsv' for command environment
[2.340s] DEBUG:colcon.colcon_core.shell:Ignoring prefix path '/opt/ros/foxy'
[2.357s] INFO:colcon.colcon_ros.task.ament_python.build:Building ROS package in '/home/ubuntu/ros2_ws/src/pi_car' with build type 'ament_python'
[2.360s] Level 1:colcon.colcon_core.shell:create_environment_hook('pi_car', 'ament_prefix_path')
[2.368s] INFO:colcon.colcon_core.shell:Creating environment hook '/home/ubuntu/ros2_ws/install/pi_car/share/pi_car/hook/ament_prefix_path.ps1'
[2.376s] INFO:colcon.colcon_core.shell:Creating environment descriptor '/home/ubuntu/ros2_ws/install/pi_car/share/pi_car/hook/ament_prefix_path.dsv'
[2.381s] INFO:colcon.colcon_core.shell:Creating environment hook '/home/ubuntu/ros2_ws/install/pi_car/share/pi_car/hook/ament_prefix_path.sh'
[2.392s] INFO:colcon.colcon_core.shell:Skip shell extension 'powershell' for command environment: Not usable outside of PowerShell
[2.392s] DEBUG:colcon.colcon_core.shell:Skip shell extension 'dsv' for command environment
[2.410s] DEBUG:colcon.colcon_core.shell:Ignoring prefix path '/opt/ros/foxy'
[2.473s] DEBUG:colcon.colcon_core.event_handler.log_command:Invoking command in '/home/ubuntu/ros2_ws/build/apriltag_msgs': CMAKE_PREFIX_PATH=${CMAKE_PREFIX_PATH}:/home/ubuntu/ros2_ws/install/pi_car:/opt/ros/foxy /usr/bin/cmake --build /home/ubuntu/ros2_ws/build/apriltag_msgs -- -j4 -l4
[2.546s] DEBUG:colcon.colcon_core.event_handler.log_command:Invoking command in '/home/ubuntu/ros2_ws/build/ros2_shared': CMAKE_PREFIX_PATH=${CMAKE_PREFIX_PATH}:/home/ubuntu/ros2_ws/install/pi_car:/opt/ros/foxy /usr/bin/cmake --build /home/ubuntu/ros2_ws/build/ros2_shared -- -j4 -l4
[4.742s] INFO:colcon.colcon_core.task.python.build:Building Python package in '/home/ubuntu/ros2_ws/src/pi_car'
[4.747s] INFO:colcon.colcon_core.shell:Skip shell extension 'powershell' for command environment: Not usable outside of PowerShell
[4.748s] DEBUG:colcon.colcon_core.shell:Skip shell extension 'dsv' for command environment
[4.769s] DEBUG:colcon.colcon_core.shell:Ignoring prefix path '/opt/ros/foxy'
[4.806s] DEBUG:colcon.colcon_core.event_handler.log_command:Invoked command in '/home/ubuntu/ros2_ws/build/ros2_shared' returned '0': CMAKE_PREFIX_PATH=${CMAKE_PREFIX_PATH}:/home/ubuntu/ros2_ws/install/pi_car:/opt/ros/foxy /usr/bin/cmake --build /home/ubuntu/ros2_ws/build/ros2_shared -- -j4 -l4
[4.872s] DEBUG:colcon.colcon_core.event_handler.log_command:Invoking command in '/home/ubuntu/ros2_ws/src/pi_car': PYTHONPATH=/home/ubuntu/ros2_ws/install/pi_car/lib/python3.8/site-packages:${PYTHONPATH} /usr/bin/python3 setup.py egg_info --egg-base /home/ubuntu/ros2_ws/build/pi_car build --build-base /home/ubuntu/ros2_ws/build/pi_car/build install --prefix /home/ubuntu/ros2_ws/install/pi_car --record /home/ubuntu/ros2_ws/build/pi_car/install.log --single-version-externally-managed
[4.942s] DEBUG:colcon.colcon_core.event_handler.log_command:Invoked command in '/home/ubuntu/ros2_ws/build/apriltag_msgs' returned '0': CMAKE_PREFIX_PATH=${CMAKE_PREFIX_PATH}:/home/ubuntu/ros2_ws/install/pi_car:/opt/ros/foxy /usr/bin/cmake --build /home/ubuntu/ros2_ws/build/apriltag_msgs -- -j4 -l4
[5.104s] DEBUG:colcon.colcon_core.event_handler.log_command:Invoking command in '/home/ubuntu/ros2_ws/build/ros2_shared': CMAKE_PREFIX_PATH=${CMAKE_PREFIX_PATH}:/home/ubuntu/ros2_ws/install/pi_car:/opt/ros/foxy /usr/bin/cmake --install /home/ubuntu/ros2_ws/build/ros2_shared
[5.225s] Level 1:colcon.colcon_core.environment:create_environment_scripts_only(ros2_shared)
[5.240s] DEBUG:colcon.colcon_core.event_handler.log_command:Invoked command in '/home/ubuntu/ros2_ws/build/ros2_shared' returned '0': CMAKE_PREFIX_PATH=${CMAKE_PREFIX_PATH}:/home/ubuntu/ros2_ws/install/pi_car:/opt/ros/foxy /usr/bin/cmake --install /home/ubuntu/ros2_ws/build/ros2_shared
[5.289s] Level 1:colcon.colcon_core.environment:checking '/home/ubuntu/ros2_ws/install/ros2_shared' for CMake module files
[5.295s] Level 1:colcon.colcon_core.environment:checking '/home/ubuntu/ros2_ws/install/ros2_shared' for CMake config files
[5.299s] Level 1:colcon.colcon_core.shell:create_environment_hook('ros2_shared', 'cmake_prefix_path')
[5.304s] INFO:colcon.colcon_core.shell:Creating environment hook '/home/ubuntu/ros2_ws/install/ros2_shared/share/ros2_shared/hook/cmake_prefix_path.ps1'
[5.309s] INFO:colcon.colcon_core.shell:Creating environment descriptor '/home/ubuntu/ros2_ws/install/ros2_shared/share/ros2_shared/hook/cmake_prefix_path.dsv'
[5.313s] INFO:colcon.colcon_core.shell:Creating environment hook '/home/ubuntu/ros2_ws/install/ros2_shared/share/ros2_shared/hook/cmake_prefix_path.sh'
[5.320s] Level 1:colcon.colcon_core.environment:checking '/home/ubuntu/ros2_ws/install/ros2_shared/bin'
[5.321s] Level 1:colcon.colcon_core.environment:checking '/home/ubuntu/ros2_ws/install/ros2_shared/lib/pkgconfig/ros2_shared.pc'
[5.322s] Level 1:colcon.colcon_core.environment:checking '/home/ubuntu/ros2_ws/install/ros2_shared/lib/python3.8/site-packages'
[5.328s] INFO:colcon.colcon_core.shell:Creating package script '/home/ubuntu/ros2_ws/install/ros2_shared/share/ros2_shared/package.ps1'
[5.342s] INFO:colcon.colcon_core.shell:Creating package descriptor '/home/ubuntu/ros2_ws/install/ros2_shared/share/ros2_shared/package.dsv'
[5.350s] INFO:colcon.colcon_core.shell:Creating package script '/home/ubuntu/ros2_ws/install/ros2_shared/share/ros2_shared/package.sh'
[5.359s] INFO:colcon.colcon_core.shell:Creating package script '/home/ubuntu/ros2_ws/install/ros2_shared/share/ros2_shared/package.bash'
[5.370s] INFO:colcon.colcon_core.shell:Creating package script '/home/ubuntu/ros2_ws/install/ros2_shared/share/ros2_shared/package.zsh'
[5.382s] Level 1:colcon.colcon_core.environment:create_file_with_runtime_dependencies(/home/ubuntu/ros2_ws/install/ros2_shared/share/colcon-core/packages/ros2_shared)
[5.387s] INFO:colcon.colcon_ros.task.ament_cmake.build:Building ROS package in '/home/ubuntu/ros2_ws/src/opencv_cam' with build type 'ament_cmake'
[5.394s] INFO:colcon.colcon_cmake.task.cmake.build:Building CMake package in '/home/ubuntu/ros2_ws/src/opencv_cam'
[5.399s] INFO:colcon.colcon_core.shell:Skip shell extension 'powershell' for command environment: Not usable outside of PowerShell
[5.401s] DEBUG:colcon.colcon_core.shell:Skip shell extension 'dsv' for command environment
[5.425s] DEBUG:colcon.colcon_core.shell:Ignoring prefix path '/opt/ros/foxy'
[5.506s] DEBUG:colcon.colcon_core.event_handler.log_command:Invoking command in '/home/ubuntu/ros2_ws/build/opencv_cam': CMAKE_PREFIX_PATH=/home/ubuntu/ros2_ws/install/ros2_shared:/home/ubuntu/ros2_ws/install/opencv_cam:/home/ubuntu/ros2_ws/install/apriltag_ros:/home/ubuntu/ros2_ws/install/apriltag_msgs:/home/ubuntu/ros2_ws/install/pi_car:/opt/ros/foxy /usr/bin/cmake --build /home/ubuntu/ros2_ws/build/opencv_cam -- -j4 -l4
[5.768s] DEBUG:colcon.colcon_core.event_handler.log_command:Invoking command in '/home/ubuntu/ros2_ws/build/apriltag_msgs': CMAKE_PREFIX_PATH=${CMAKE_PREFIX_PATH}:/home/ubuntu/ros2_ws/install/pi_car:/opt/ros/foxy /usr/bin/cmake --install /home/ubuntu/ros2_ws/build/apriltag_msgs
[6.622s] Level 1:colcon.colcon_core.environment:create_environment_scripts_only(apriltag_msgs)
[6.632s] Level 1:colcon.colcon_core.environment:checking '/home/ubuntu/ros2_ws/install/apriltag_msgs' for CMake module files
[6.635s] DEBUG:colcon.colcon_core.event_handler.log_command:Invoked command in '/home/ubuntu/ros2_ws/build/apriltag_msgs' returned '0': CMAKE_PREFIX_PATH=${CMAKE_PREFIX_PATH}:/home/ubuntu/ros2_ws/install/pi_car:/opt/ros/foxy /usr/bin/cmake --install /home/ubuntu/ros2_ws/build/apriltag_msgs
[6.660s] Level 1:colcon.colcon_core.environment:checking '/home/ubuntu/ros2_ws/install/apriltag_msgs' for CMake config files
[6.672s] Level 1:colcon.colcon_core.shell:create_environment_hook('apriltag_msgs', 'cmake_prefix_path')
[6.677s] INFO:colcon.colcon_core.shell:Creating environment hook '/home/ubuntu/ros2_ws/install/apriltag_msgs/share/apriltag_msgs/hook/cmake_prefix_path.ps1'
[6.682s] INFO:colcon.colcon_core.shell:Creating environment descriptor '/home/ubuntu/ros2_ws/install/apriltag_msgs/share/apriltag_msgs/hook/cmake_prefix_path.dsv'
[6.688s] INFO:colcon.colcon_core.shell:Creating environment hook '/home/ubuntu/ros2_ws/install/apriltag_msgs/share/apriltag_msgs/hook/cmake_prefix_path.sh'
[6.694s] Level 1:colcon.colcon_core.environment:checking '/home/ubuntu/ros2_ws/install/apriltag_msgs/lib'
[6.696s] Level 1:colcon.colcon_core.shell:create_environment_hook('apriltag_msgs', 'ld_library_path_lib')
[6.702s] INFO:colcon.colcon_core.shell:Creating environment hook '/home/ubuntu/ros2_ws/install/apriltag_msgs/share/apriltag_msgs/hook/ld_library_path_lib.ps1'
[6.706s] INFO:colcon.colcon_core.shell:Creating environment descriptor '/home/ubuntu/ros2_ws/install/apriltag_msgs/share/apriltag_msgs/hook/ld_library_path_lib.dsv'
[6.710s] INFO:colcon.colcon_core.shell:Creating environment hook '/home/ubuntu/ros2_ws/install/apriltag_msgs/share/apriltag_msgs/hook/ld_library_path_lib.sh'
[6.714s] Level 1:colcon.colcon_core.environment:checking '/home/ubuntu/ros2_ws/install/apriltag_msgs/bin'
[6.715s] Level 1:colcon.colcon_core.environment:checking '/home/ubuntu/ros2_ws/install/apriltag_msgs/lib/pkgconfig/apriltag_msgs.pc'
[6.716s] Level 1:colcon.colcon_core.environment:checking '/home/ubuntu/ros2_ws/install/apriltag_msgs/lib/python3.8/site-packages'
[6.717s] Level 1:colcon.colcon_core.shell:create_environment_hook('apriltag_msgs', 'pythonpath')
[6.722s] INFO:colcon.colcon_core.shell:Creating environment hook '/home/ubuntu/ros2_ws/install/apriltag_msgs/share/apriltag_msgs/hook/pythonpath.ps1'
[6.726s] INFO:colcon.colcon_core.shell:Creating environment descriptor '/home/ubuntu/ros2_ws/install/apriltag_msgs/share/apriltag_msgs/hook/pythonpath.dsv'
[6.730s] INFO:colcon.colcon_core.shell:Creating environment hook '/home/ubuntu/ros2_ws/install/apriltag_msgs/share/apriltag_msgs/hook/pythonpath.sh'
[6.741s] INFO:colcon.colcon_core.shell:Creating package script '/home/ubuntu/ros2_ws/install/apriltag_msgs/share/apriltag_msgs/package.ps1'
[6.747s] INFO:colcon.colcon_core.shell:Creating package descriptor '/home/ubuntu/ros2_ws/install/apriltag_msgs/share/apriltag_msgs/package.dsv'
[6.754s] INFO:colcon.colcon_core.shell:Creating package script '/home/ubuntu/ros2_ws/install/apriltag_msgs/share/apriltag_msgs/package.sh'
[6.760s] INFO:colcon.colcon_core.shell:Creating package script '/home/ubuntu/ros2_ws/install/apriltag_msgs/share/apriltag_msgs/package.bash'
[6.765s] INFO:colcon.colcon_core.shell:Creating package script '/home/ubuntu/ros2_ws/install/apriltag_msgs/share/apriltag_msgs/package.zsh'
[6.770s] Level 1:colcon.colcon_core.environment:create_file_with_runtime_dependencies(/home/ubuntu/ros2_ws/install/apriltag_msgs/share/colcon-core/packages/apriltag_msgs)
[6.774s] INFO:colcon.colcon_ros.task.ament_cmake.build:Building ROS package in '/home/ubuntu/ros2_ws/src/apriltag_ros' with build type 'ament_cmake'
[6.781s] INFO:colcon.colcon_cmake.task.cmake.build:Building CMake package in '/home/ubuntu/ros2_ws/src/apriltag_ros'
[6.786s] INFO:colcon.colcon_core.shell:Skip shell extension 'powershell' for command environment: Not usable outside of PowerShell
[6.787s] DEBUG:colcon.colcon_core.shell:Skip shell extension 'dsv' for command environment
[6.812s] DEBUG:colcon.colcon_core.shell:Ignoring prefix path '/opt/ros/foxy'
[6.841s] DEBUG:colcon.colcon_core.event_handler.log_command:Invoked command in '/home/ubuntu/ros2_ws/build/opencv_cam' returned '0': CMAKE_PREFIX_PATH=/home/ubuntu/ros2_ws/install/ros2_shared:/home/ubuntu/ros2_ws/install/opencv_cam:/home/ubuntu/ros2_ws/install/apriltag_ros:/home/ubuntu/ros2_ws/install/apriltag_msgs:/home/ubuntu/ros2_ws/install/pi_car:/opt/ros/foxy /usr/bin/cmake --build /home/ubuntu/ros2_ws/build/opencv_cam -- -j4 -l4
[6.910s] DEBUG:colcon.colcon_core.event_handler.log_command:Invoking command in '/home/ubuntu/ros2_ws/build/apriltag_ros': CMAKE_PREFIX_PATH=/home/ubuntu/ros2_ws/install/apriltag_msgs:/home/ubuntu/ros2_ws/install/opencv_cam:/home/ubuntu/ros2_ws/install/ros2_shared:/home/ubuntu/ros2_ws/install/apriltag_ros:/home/ubuntu/ros2_ws/install/pi_car:/opt/ros/foxy LD_LIBRARY_PATH=/home/ubuntu/ros2_ws/install/apriltag_msgs/lib:/home/ubuntu/ros2_ws/install/opencv_cam/lib:/home/ubuntu/ros2_ws/install/apriltag_ros/lib:/opt/ros/foxy/opt/yaml_cpp_vendor/lib:/opt/ros/foxy/lib/aarch64-linux-gnu:/opt/ros/foxy/lib PYTHONPATH=/home/ubuntu/ros2_ws/install/apriltag_msgs/lib/python3.8/site-packages:/home/ubuntu/ros2_ws/install/pi_car/lib/python3.8/site-packages:/opt/ros/foxy/lib/python3.8/site-packages /usr/bin/cmake --build /home/ubuntu/ros2_ws/build/apriltag_ros -- -j4 -l4
[7.154s] DEBUG:colcon.colcon_core.event_handler.log_command:Invoking command in '/home/ubuntu/ros2_ws/build/opencv_cam': CMAKE_PREFIX_PATH=/home/ubuntu/ros2_ws/install/ros2_shared:/home/ubuntu/ros2_ws/install/opencv_cam:/home/ubuntu/ros2_ws/install/apriltag_ros:/home/ubuntu/ros2_ws/install/apriltag_msgs:/home/ubuntu/ros2_ws/install/pi_car:/opt/ros/foxy /usr/bin/cmake --install /home/ubuntu/ros2_ws/build/opencv_cam
[7.322s] Level 1:colcon.colcon_core.environment:create_environment_scripts_only(opencv_cam)
[7.332s] Level 1:colcon.colcon_core.environment:checking '/home/ubuntu/ros2_ws/install/opencv_cam' for CMake module files
[7.336s] DEBUG:colcon.colcon_core.event_handler.log_command:Invoked command in '/home/ubuntu/ros2_ws/build/opencv_cam' returned '0': CMAKE_PREFIX_PATH=/home/ubuntu/ros2_ws/install/ros2_shared:/home/ubuntu/ros2_ws/install/opencv_cam:/home/ubuntu/ros2_ws/install/apriltag_ros:/home/ubuntu/ros2_ws/install/apriltag_msgs:/home/ubuntu/ros2_ws/install/pi_car:/opt/ros/foxy /usr/bin/cmake --install /home/ubuntu/ros2_ws/build/opencv_cam
[7.342s] Level 1:colcon.colcon_core.environment:checking '/home/ubuntu/ros2_ws/install/opencv_cam' for CMake config files
[7.346s] Level 1:colcon.colcon_core.shell:create_environment_hook('opencv_cam', 'cmake_prefix_path')
[7.351s] INFO:colcon.colcon_core.shell:Creating environment hook '/home/ubuntu/ros2_ws/install/opencv_cam/share/opencv_cam/hook/cmake_prefix_path.ps1'
[7.355s] INFO:colcon.colcon_core.shell:Creating environment descriptor '/home/ubuntu/ros2_ws/install/opencv_cam/share/opencv_cam/hook/cmake_prefix_path.dsv'
[7.360s] INFO:colcon.colcon_core.shell:Creating environment hook '/home/ubuntu/ros2_ws/install/opencv_cam/share/opencv_cam/hook/cmake_prefix_path.sh'
[7.366s] Level 1:colcon.colcon_core.environment:checking '/home/ubuntu/ros2_ws/install/opencv_cam/lib'
[7.367s] Level 1:colcon.colcon_core.shell:create_environment_hook('opencv_cam', 'ld_library_path_lib')
[7.372s] INFO:colcon.colcon_core.shell:Creating environment hook '/home/ubuntu/ros2_ws/install/opencv_cam/share/opencv_cam/hook/ld_library_path_lib.ps1'
[7.376s] INFO:colcon.colcon_core.shell:Creating environment descriptor '/home/ubuntu/ros2_ws/install/opencv_cam/share/opencv_cam/hook/ld_library_path_lib.dsv'
[7.379s] INFO:colcon.colcon_core.shell:Creating environment hook '/home/ubuntu/ros2_ws/install/opencv_cam/share/opencv_cam/hook/ld_library_path_lib.sh'
[7.383s] Level 1:colcon.colcon_core.environment:checking '/home/ubuntu/ros2_ws/install/opencv_cam/bin'
[7.384s] Level 1:colcon.colcon_core.environment:checking '/home/ubuntu/ros2_ws/install/opencv_cam/lib/pkgconfig/opencv_cam.pc'
[7.385s] Level 1:colcon.colcon_core.environment:checking '/home/ubuntu/ros2_ws/install/opencv_cam/lib/python3.8/site-packages'
[7.391s] INFO:colcon.colcon_core.shell:Creating package script '/home/ubuntu/ros2_ws/install/opencv_cam/share/opencv_cam/package.ps1'
[7.397s] INFO:colcon.colcon_core.shell:Creating package descriptor '/home/ubuntu/ros2_ws/install/opencv_cam/share/opencv_cam/package.dsv'
[7.402s] INFO:colcon.colcon_core.shell:Creating package script '/home/ubuntu/ros2_ws/install/opencv_cam/share/opencv_cam/package.sh'
[7.409s] INFO:colcon.colcon_core.shell:Creating package script '/home/ubuntu/ros2_ws/install/opencv_cam/share/opencv_cam/package.bash'
[7.414s] INFO:colcon.colcon_core.shell:Creating package script '/home/ubuntu/ros2_ws/install/opencv_cam/share/opencv_cam/package.zsh'
[7.418s] Level 1:colcon.colcon_core.environment:create_file_with_runtime_dependencies(/home/ubuntu/ros2_ws/install/opencv_cam/share/colcon-core/packages/opencv_cam)
[7.791s] DEBUG:colcon.colcon_core.event_handler.log_command:Invoked command in '/home/ubuntu/ros2_ws/build/apriltag_ros' returned '0': CMAKE_PREFIX_PATH=/home/ubuntu/ros2_ws/install/apriltag_msgs:/home/ubuntu/ros2_ws/install/opencv_cam:/home/ubuntu/ros2_ws/install/ros2_shared:/home/ubuntu/ros2_ws/install/apriltag_ros:/home/ubuntu/ros2_ws/install/pi_car:/opt/ros/foxy LD_LIBRARY_PATH=/home/ubuntu/ros2_ws/install/apriltag_msgs/lib:/home/ubuntu/ros2_ws/install/opencv_cam/lib:/home/ubuntu/ros2_ws/install/apriltag_ros/lib:/opt/ros/foxy/opt/yaml_cpp_vendor/lib:/opt/ros/foxy/lib/aarch64-linux-gnu:/opt/ros/foxy/lib PYTHONPATH=/home/ubuntu/ros2_ws/install/apriltag_msgs/lib/python3.8/site-packages:/home/ubuntu/ros2_ws/install/pi_car/lib/python3.8/site-packages:/opt/ros/foxy/lib/python3.8/site-packages /usr/bin/cmake --build /home/ubuntu/ros2_ws/build/apriltag_ros -- -j4 -l4
[7.914s] Level 1:colcon.colcon_core.environment:checking '/home/ubuntu/ros2_ws/install/pi_car' for CMake module files
[7.919s] DEBUG:colcon.colcon_core.event_handler.log_command:Invoked command in '/home/ubuntu/ros2_ws/src/pi_car' returned '0': PYTHONPATH=/home/ubuntu/ros2_ws/install/pi_car/lib/python3.8/site-packages:${PYTHONPATH} /usr/bin/python3 setup.py egg_info --egg-base /home/ubuntu/ros2_ws/build/pi_car build --build-base /home/ubuntu/ros2_ws/build/pi_car/build install --prefix /home/ubuntu/ros2_ws/install/pi_car --record /home/ubuntu/ros2_ws/build/pi_car/install.log --single-version-externally-managed
[7.923s] Level 1:colcon.colcon_core.environment:checking '/home/ubuntu/ros2_ws/install/pi_car' for CMake config files
[7.928s] Level 1:colcon.colcon_core.environment:checking '/home/ubuntu/ros2_ws/install/pi_car/lib'
[7.929s] Level 1:colcon.colcon_core.environment:checking '/home/ubuntu/ros2_ws/install/pi_car/bin'
[7.930s] Level 1:colcon.colcon_core.environment:checking '/home/ubuntu/ros2_ws/install/pi_car/lib/pkgconfig/pi_car.pc'
[7.931s] Level 1:colcon.colcon_core.environment:checking '/home/ubuntu/ros2_ws/install/pi_car/lib/python3.8/site-packages'
[7.931s] Level 1:colcon.colcon_core.shell:create_environment_hook('pi_car', 'pythonpath')
[7.936s] INFO:colcon.colcon_core.shell:Creating environment hook '/home/ubuntu/ros2_ws/install/pi_car/share/pi_car/hook/pythonpath.ps1'
[7.940s] INFO:colcon.colcon_core.shell:Creating environment descriptor '/home/ubuntu/ros2_ws/install/pi_car/share/pi_car/hook/pythonpath.dsv'
[7.943s] INFO:colcon.colcon_core.shell:Creating environment hook '/home/ubuntu/ros2_ws/install/pi_car/share/pi_car/hook/pythonpath.sh'
[7.947s] Level 1:colcon.colcon_core.environment:create_environment_scripts_only(pi_car)
[7.953s] INFO:colcon.colcon_core.shell:Creating package script '/home/ubuntu/ros2_ws/install/pi_car/share/pi_car/package.ps1'
[7.957s] INFO:colcon.colcon_core.shell:Creating package descriptor '/home/ubuntu/ros2_ws/install/pi_car/share/pi_car/package.dsv'
[7.963s] INFO:colcon.colcon_core.shell:Creating package script '/home/ubuntu/ros2_ws/install/pi_car/share/pi_car/package.sh'
[7.967s] INFO:colcon.colcon_core.shell:Creating package script '/home/ubuntu/ros2_ws/install/pi_car/share/pi_car/package.bash'
[7.971s] INFO:colcon.colcon_core.shell:Creating package script '/home/ubuntu/ros2_ws/install/pi_car/share/pi_car/package.zsh'
[7.974s] Level 1:colcon.colcon_core.environment:create_file_with_runtime_dependencies(/home/ubuntu/ros2_ws/install/pi_car/share/colcon-core/packages/pi_car)
[8.006s] DEBUG:colcon.colcon_core.event_handler.log_command:Invoking command in '/home/ubuntu/ros2_ws/build/apriltag_ros': CMAKE_PREFIX_PATH=/home/ubuntu/ros2_ws/install/apriltag_msgs:/home/ubuntu/ros2_ws/install/opencv_cam:/home/ubuntu/ros2_ws/install/ros2_shared:/home/ubuntu/ros2_ws/install/apriltag_ros:/home/ubuntu/ros2_ws/install/pi_car:/opt/ros/foxy LD_LIBRARY_PATH=/home/ubuntu/ros2_ws/install/apriltag_msgs/lib:/home/ubuntu/ros2_ws/install/opencv_cam/lib:/home/ubuntu/ros2_ws/install/apriltag_ros/lib:/opt/ros/foxy/opt/yaml_cpp_vendor/lib:/opt/ros/foxy/lib/aarch64-linux-gnu:/opt/ros/foxy/lib PYTHONPATH=/home/ubuntu/ros2_ws/install/apriltag_msgs/lib/python3.8/site-packages:/home/ubuntu/ros2_ws/install/pi_car/lib/python3.8/site-packages:/opt/ros/foxy/lib/python3.8/site-packages /usr/bin/cmake --install /home/ubuntu/ros2_ws/build/apriltag_ros
[8.111s] Level 1:colcon.colcon_core.environment:create_environment_scripts_only(apriltag_ros)
[8.119s] Level 1:colcon.colcon_core.environment:checking '/home/ubuntu/ros2_ws/install/apriltag_ros' for CMake module files
[8.122s] DEBUG:colcon.colcon_core.event_handler.log_command:Invoked command in '/home/ubuntu/ros2_ws/build/apriltag_ros' returned '0': CMAKE_PREFIX_PATH=/home/ubuntu/ros2_ws/install/apriltag_msgs:/home/ubuntu/ros2_ws/install/opencv_cam:/home/ubuntu/ros2_ws/install/ros2_shared:/home/ubuntu/ros2_ws/install/apriltag_ros:/home/ubuntu/ros2_ws/install/pi_car:/opt/ros/foxy LD_LIBRARY_PATH=/home/ubuntu/ros2_ws/install/apriltag_msgs/lib:/home/ubuntu/ros2_ws/install/opencv_cam/lib:/home/ubuntu/ros2_ws/install/apriltag_ros/lib:/opt/ros/foxy/opt/yaml_cpp_vendor/lib:/opt/ros/foxy/lib/aarch64-linux-gnu:/opt/ros/foxy/lib PYTHONPATH=/home/ubuntu/ros2_ws/install/apriltag_msgs/lib/python3.8/site-packages:/home/ubuntu/ros2_ws/install/pi_car/lib/python3.8/site-packages:/opt/ros/foxy/lib/python3.8/site-packages /usr/bin/cmake --install /home/ubuntu/ros2_ws/build/apriltag_ros
[8.126s] Level 1:colcon.colcon_core.environment:checking '/home/ubuntu/ros2_ws/install/apriltag_ros' for CMake config files
[8.128s] Level 1:colcon.colcon_core.shell:create_environment_hook('apriltag_ros', 'cmake_prefix_path')
[8.132s] INFO:colcon.colcon_core.shell:Creating environment hook '/home/ubuntu/ros2_ws/install/apriltag_ros/share/apriltag_ros/hook/cmake_prefix_path.ps1'
[8.136s] INFO:colcon.colcon_core.shell:Creating environment descriptor '/home/ubuntu/ros2_ws/install/apriltag_ros/share/apriltag_ros/hook/cmake_prefix_path.dsv'
[8.139s] INFO:colcon.colcon_core.shell:Creating environment hook '/home/ubuntu/ros2_ws/install/apriltag_ros/share/apriltag_ros/hook/cmake_prefix_path.sh'
[8.144s] Level 1:colcon.colcon_core.environment:checking '/home/ubuntu/ros2_ws/install/apriltag_ros/lib'
[8.145s] Level 1:colcon.colcon_core.shell:create_environment_hook('apriltag_ros', 'ld_library_path_lib')
[8.149s] INFO:colcon.colcon_core.shell:Creating environment hook '/home/ubuntu/ros2_ws/install/apriltag_ros/share/apriltag_ros/hook/ld_library_path_lib.ps1'
[8.152s] INFO:colcon.colcon_core.shell:Creating environment descriptor '/home/ubuntu/ros2_ws/install/apriltag_ros/share/apriltag_ros/hook/ld_library_path_lib.dsv'
[8.156s] INFO:colcon.colcon_core.shell:Creating environment hook '/home/ubuntu/ros2_ws/install/apriltag_ros/share/apriltag_ros/hook/ld_library_path_lib.sh'
[8.159s] Level 1:colcon.colcon_core.environment:checking '/home/ubuntu/ros2_ws/install/apriltag_ros/bin'
[8.161s] Level 1:colcon.colcon_core.environment:checking '/home/ubuntu/ros2_ws/install/apriltag_ros/lib/pkgconfig/apriltag_ros.pc'
[8.162s] Level 1:colcon.colcon_core.environment:checking '/home/ubuntu/ros2_ws/install/apriltag_ros/lib/python3.8/site-packages'
[8.167s] INFO:colcon.colcon_core.shell:Creating package script '/home/ubuntu/ros2_ws/install/apriltag_ros/share/apriltag_ros/package.ps1'
[8.171s] INFO:colcon.colcon_core.shell:Creating package descriptor '/home/ubuntu/ros2_ws/install/apriltag_ros/share/apriltag_ros/package.dsv'
[8.176s] INFO:colcon.colcon_core.shell:Creating package script '/home/ubuntu/ros2_ws/install/apriltag_ros/share/apriltag_ros/package.sh'
[8.180s] INFO:colcon.colcon_core.shell:Creating package script '/home/ubuntu/ros2_ws/install/apriltag_ros/share/apriltag_ros/package.bash'
[8.184s] INFO:colcon.colcon_core.shell:Creating package script '/home/ubuntu/ros2_ws/install/apriltag_ros/share/apriltag_ros/package.zsh'
[8.188s] Level 1:colcon.colcon_core.environment:create_file_with_runtime_dependencies(/home/ubuntu/ros2_ws/install/apriltag_ros/share/colcon-core/packages/apriltag_ros)
[8.191s] DEBUG:colcon.colcon_parallel_executor.executor.parallel:closing loop
[8.193s] DEBUG:colcon.colcon_parallel_executor.executor.parallel:loop closed
[8.193s] DEBUG:colcon.colcon_parallel_executor.executor.parallel:run_until_complete finished with '0'
[8.194s] DEBUG:colcon.colcon_core.event_reactor:joining thread
[8.248s] INFO:colcon.colcon_core.plugin_system:Skipping extension 'colcon_notification.desktop_notification.notify_send': Could not find 'notify-send'
[8.249s] INFO:colcon.colcon_core.plugin_system:Skipping extension 'colcon_notification.desktop_notification.terminal_notifier': Not used on non-Darwin systems
[8.250s] INFO:colcon.colcon_core.plugin_system:Skipping extension 'colcon_notification.desktop_notification.win32': Not used on non-Windows systems
[8.250s] INFO:colcon.colcon_notification.desktop_notification:Sending desktop notification using 'notify2'
[8.254s] DEBUG:colcon.colcon_notification.desktop_notification.notify2:Failed to initialize notify2: org.freedesktop.DBus.Error.ServiceUnknown: The name org.freedesktop.Notifications was not provided by any .service files
[8.255s] DEBUG:colcon.colcon_core.event_reactor:joined thread
[8.260s] INFO:colcon.colcon_core.shell:Creating prefix script '/home/ubuntu/ros2_ws/install/local_setup.ps1'
[8.268s] INFO:colcon.colcon_core.shell:Creating prefix util module '/home/ubuntu/ros2_ws/install/_local_setup_util_ps1.py'
[8.281s] INFO:colcon.colcon_core.shell:Creating prefix chain script '/home/ubuntu/ros2_ws/install/setup.ps1'
[8.301s] INFO:colcon.colcon_core.shell:Creating prefix script '/home/ubuntu/ros2_ws/install/local_setup.sh'
[8.307s] INFO:colcon.colcon_core.shell:Creating prefix util module '/home/ubuntu/ros2_ws/install/_local_setup_util_sh.py'
[8.311s] INFO:colcon.colcon_core.shell:Creating prefix chain script '/home/ubuntu/ros2_ws/install/setup.sh'
[8.332s] INFO:colcon.colcon_core.shell:Creating prefix script '/home/ubuntu/ros2_ws/install/local_setup.bash'
[8.338s] INFO:colcon.colcon_core.shell:Creating prefix chain script '/home/ubuntu/ros2_ws/install/setup.bash'
[8.365s] INFO:colcon.colcon_core.shell:Creating prefix script '/home/ubuntu/ros2_ws/install/local_setup.zsh'
[8.371s] INFO:colcon.colcon_core.shell:Creating prefix chain script '/home/ubuntu/ros2_ws/install/setup.zsh'
