-- The CXX compiler identification is GNU 9.3.0
-- Check for working CXX compiler: /usr/bin/c++
-- Check for working CXX compiler: /usr/bin/c++ -- works
-- Detecting CXX compiler ABI info
-- Detecting CXX compiler ABI info - done
-- Detecting CXX compile features
-- Detecting CXX compile features - done
-- Found ament_cmake: 0.9.6 (/opt/ros/foxy/share/ament_cmake/cmake)
-- Found PythonInterp: /usr/bin/python3 (found suitable version "3.8.2", minimum required is "3") 
-- Using PYTHON_EXECUTABLE: /usr/bin/python3
-- Found rosidl_default_generators: 1.0.0 (/opt/ros/foxy/share/rosidl_default_generators/cmake)
-- Using all available rosidl_typesupport_c: rosidl_typesupport_fastrtps_c;rosidl_typesupport_introspection_c
-- Found rosidl_adapter: 1.0.1 (/opt/ros/foxy/share/rosidl_adapter/cmake)
-- Found OpenSSL: /usr/lib/aarch64-linux-gnu/libcrypto.so (found version "1.1.1f")  
-- Found FastRTPS: /opt/ros/foxy/include  
-- Using all available rosidl_typesupport_cpp: rosidl_typesupport_fastrtps_cpp;rosidl_typesupport_introspection_cpp
-- Found std_msgs: 2.0.3 (/opt/ros/foxy/share/std_msgs/cmake)
-- Found PythonInterp: /usr/bin/python3 (found version "3.8.2") 
-- Found ament_cmake_ros: 0.9.0 (/opt/ros/foxy/share/ament_cmake_ros/cmake)
-- Using all available rosidl_typesupport_c: rosidl_typesupport_fastrtps_c;rosidl_typesupport_introspection_c
-- Using all available rosidl_typesupport_cpp: rosidl_typesupport_fastrtps_cpp;rosidl_typesupport_introspection_cpp
-- Found PythonInterp: /usr/bin/python3 (found suitable version "3.8.2", minimum required is "3.5") 
-- Found python_cmake_module: 0.8.0 (/opt/ros/foxy/share/python_cmake_module/cmake)
-- Found PythonLibs: /usr/lib/aarch64-linux-gnu/libpython3.8.so (found suitable version "3.8.2", minimum required is "3.5") 
-- Using PYTHON_EXECUTABLE: /usr/bin/python3
-- Using PYTHON_INCLUDE_DIRS: /usr/include/python3.8
-- Using PYTHON_LIBRARIES: /usr/lib/aarch64-linux-gnu/libpython3.8.so
-- Found PythonExtra: .so  
-- Configuring done
-- Generating done
-- Build files have been written to: /home/ubuntu/ros2_ws/build/apriltag_msgs
[35m[1mScanning dependencies of target apriltag_msgs__cpp[0m
[  2%] [34m[1mGenerating C code for ROS interfaces[0m
[  4%] [34m[1mGenerating C++ code for ROS interfaces[0m
[  4%] Built target apriltag_msgs__cpp
[  6%] [34m[1mGenerating C++ type support for eProsima Fast-RTPS[0m
[  8%] [34m[1mGenerating C++ type support dispatch for ROS interfaces[0m
[ 10%] [34m[1mGenerating C++ introspection for ROS interfaces[0m
[35m[1mScanning dependencies of target apriltag_msgs__rosidl_generator_c[0m
[ 12%] [32mBuilding C object CMakeFiles/apriltag_msgs__rosidl_generator_c.dir/rosidl_generator_c/apriltag_msgs/msg/detail/point__functions.c.o[0m
[ 14%] [32mBuilding C object CMakeFiles/apriltag_msgs__rosidl_generator_c.dir/rosidl_generator_c/apriltag_msgs/msg/detail/april_tag_detection__functions.c.o[0m
[ 17%] [32mBuilding C object CMakeFiles/apriltag_msgs__rosidl_generator_c.dir/rosidl_generator_c/apriltag_msgs/msg/detail/april_tag_detection_array__functions.c.o[0m
[ 19%] [32m[1mLinking C shared library libapriltag_msgs__rosidl_generator_c.so[0m
[ 19%] Built target apriltag_msgs__rosidl_generator_c
[ 21%] [34m[1mGenerating C introspection for ROS interfaces[0m
[35m[1mScanning dependencies of target apriltag_msgs__rosidl_typesupport_cpp[0m
[ 23%] [32mBuilding CXX object CMakeFiles/apriltag_msgs__rosidl_typesupport_cpp.dir/rosidl_typesupport_cpp/apriltag_msgs/msg/point__type_support.cpp.o[0m
[35m[1mScanning dependencies of target apriltag_msgs__rosidl_typesupport_introspection_cpp[0m
[35m[1mScanning dependencies of target apriltag_msgs__rosidl_typesupport_fastrtps_cpp[0m
[ 25%] [32mBuilding CXX object CMakeFiles/apriltag_msgs__rosidl_typesupport_introspection_cpp.dir/rosidl_typesupport_introspection_cpp/apriltag_msgs/msg/detail/point__type_support.cpp.o[0m
[ 27%] [32mBuilding CXX object CMakeFiles/apriltag_msgs__rosidl_typesupport_fastrtps_cpp.dir/rosidl_typesupport_fastrtps_cpp/apriltag_msgs/msg/detail/dds_fastrtps/point__type_support.cpp.o[0m
[ 29%] [32mBuilding CXX object CMakeFiles/apriltag_msgs__rosidl_typesupport_cpp.dir/rosidl_typesupport_cpp/apriltag_msgs/msg/april_tag_detection__type_support.cpp.o[0m
[35m[1mScanning dependencies of target apriltag_msgs__rosidl_typesupport_introspection_c[0m
[ 31%] [32mBuilding C object CMakeFiles/apriltag_msgs__rosidl_typesupport_introspection_c.dir/rosidl_typesupport_introspection_c/apriltag_msgs/msg/detail/point__type_support.c.o[0m
[ 34%] [32mBuilding CXX object CMakeFiles/apriltag_msgs__rosidl_typesupport_introspection_cpp.dir/rosidl_typesupport_introspection_cpp/apriltag_msgs/msg/detail/april_tag_detection__type_support.cpp.o[0m
[ 36%] [32mBuilding C object CMakeFiles/apriltag_msgs__rosidl_typesupport_introspection_c.dir/rosidl_typesupport_introspection_c/apriltag_msgs/msg/detail/april_tag_detection__type_support.c.o[0m
[ 38%] [32mBuilding C object CMakeFiles/apriltag_msgs__rosidl_typesupport_introspection_c.dir/rosidl_typesupport_introspection_c/apriltag_msgs/msg/detail/april_tag_detection_array__type_support.c.o[0m
[ 40%] [32m[1mLinking C shared library libapriltag_msgs__rosidl_typesupport_introspection_c.so[0m
[ 40%] Built target apriltag_msgs__rosidl_typesupport_introspection_c
[ 42%] [34m[1mGenerating C type support dispatch for ROS interfaces[0m
[ 44%] [32mBuilding CXX object CMakeFiles/apriltag_msgs__rosidl_typesupport_fastrtps_cpp.dir/rosidl_typesupport_fastrtps_cpp/apriltag_msgs/msg/detail/dds_fastrtps/april_tag_detection__type_support.cpp.o[0m
[ 46%] [32mBuilding CXX object CMakeFiles/apriltag_msgs__rosidl_typesupport_cpp.dir/rosidl_typesupport_cpp/apriltag_msgs/msg/april_tag_detection_array__type_support.cpp.o[0m
[ 48%] [32mBuilding CXX object CMakeFiles/apriltag_msgs__rosidl_typesupport_introspection_cpp.dir/rosidl_typesupport_introspection_cpp/apriltag_msgs/msg/detail/april_tag_detection_array__type_support.cpp.o[0m
[35m[1mScanning dependencies of target apriltag_msgs__rosidl_typesupport_c[0m
[ 51%] [32mBuilding CXX object CMakeFiles/apriltag_msgs__rosidl_typesupport_c.dir/rosidl_typesupport_c/apriltag_msgs/msg/point__type_support.cpp.o[0m
[ 53%] [32m[1mLinking CXX shared library libapriltag_msgs__rosidl_typesupport_cpp.so[0m
[ 55%] [32mBuilding CXX object CMakeFiles/apriltag_msgs__rosidl_typesupport_c.dir/rosidl_typesupport_c/apriltag_msgs/msg/april_tag_detection__type_support.cpp.o[0m
[ 57%] [32mBuilding CXX object CMakeFiles/apriltag_msgs__rosidl_typesupport_c.dir/rosidl_typesupport_c/apriltag_msgs/msg/april_tag_detection_array__type_support.cpp.o[0m
[ 57%] Built target apriltag_msgs__rosidl_typesupport_cpp
[ 59%] [32mBuilding CXX object CMakeFiles/apriltag_msgs__rosidl_typesupport_fastrtps_cpp.dir/rosidl_typesupport_fastrtps_cpp/apriltag_msgs/msg/detail/dds_fastrtps/april_tag_detection_array__type_support.cpp.o[0m
[ 61%] [32m[1mLinking CXX shared library libapriltag_msgs__rosidl_typesupport_c.so[0m
[ 61%] Built target apriltag_msgs__rosidl_typesupport_c
[ 63%] [32m[1mLinking CXX shared library libapriltag_msgs__rosidl_typesupport_introspection_cpp.so[0m
[ 63%] Built target apriltag_msgs__rosidl_typesupport_introspection_cpp
[ 65%] [32m[1mLinking CXX shared library libapriltag_msgs__rosidl_typesupport_fastrtps_cpp.so[0m
[ 65%] Built target apriltag_msgs__rosidl_typesupport_fastrtps_cpp
[ 68%] [34m[1mGenerating C type support for eProsima Fast-RTPS[0m
[35m[1mScanning dependencies of target apriltag_msgs__rosidl_typesupport_fastrtps_c[0m
[ 70%] [32mBuilding CXX object CMakeFiles/apriltag_msgs__rosidl_typesupport_fastrtps_c.dir/rosidl_typesupport_fastrtps_c/apriltag_msgs/msg/detail/point__type_support_c.cpp.o[0m
[ 72%] [32mBuilding CXX object CMakeFiles/apriltag_msgs__rosidl_typesupport_fastrtps_c.dir/rosidl_typesupport_fastrtps_c/apriltag_msgs/msg/detail/april_tag_detection__type_support_c.cpp.o[0m
[ 74%] [32mBuilding CXX object CMakeFiles/apriltag_msgs__rosidl_typesupport_fastrtps_c.dir/rosidl_typesupport_fastrtps_c/apriltag_msgs/msg/detail/april_tag_detection_array__type_support_c.cpp.o[0m
[ 76%] [32m[1mLinking CXX shared library libapriltag_msgs__rosidl_typesupport_fastrtps_c.so[0m
[ 76%] Built target apriltag_msgs__rosidl_typesupport_fastrtps_c
[35m[1mScanning dependencies of target apriltag_msgs[0m
[ 76%] Built target apriltag_msgs
[35m[1mScanning dependencies of target apriltag_msgs__py[0m
[ 78%] [34m[1mGenerating Python code for ROS interfaces[0m
[ 78%] Built target apriltag_msgs__py
[35m[1mScanning dependencies of target apriltag_msgs__python[0m
[ 80%] [32mBuilding C object CMakeFiles/apriltag_msgs__python.dir/rosidl_generator_py/apriltag_msgs/msg/_point_s.c.o[0m
[ 82%] [32mBuilding C object CMakeFiles/apriltag_msgs__python.dir/rosidl_generator_py/apriltag_msgs/msg/_april_tag_detection_s.c.o[0m
[ 85%] [32mBuilding C object CMakeFiles/apriltag_msgs__python.dir/rosidl_generator_py/apriltag_msgs/msg/_april_tag_detection_array_s.c.o[0m
[ 87%] [32m[1mLinking C shared library rosidl_generator_py/apriltag_msgs/libapriltag_msgs__python.so[0m
[ 87%] Built target apriltag_msgs__python
[35m[1mScanning dependencies of target apriltag_msgs__rosidl_typesupport_introspection_c__pyext[0m
[35m[1mScanning dependencies of target apriltag_msgs__rosidl_typesupport_fastrtps_c__pyext[0m
[35m[1mScanning dependencies of target apriltag_msgs__rosidl_typesupport_c__pyext[0m
[ 89%] [32mBuilding C object CMakeFiles/apriltag_msgs__rosidl_typesupport_c__pyext.dir/rosidl_generator_py/apriltag_msgs/_apriltag_msgs_s.ep.rosidl_typesupport_c.c.o[0m
[ 91%] [32mBuilding C object CMakeFiles/apriltag_msgs__rosidl_typesupport_introspection_c__pyext.dir/rosidl_generator_py/apriltag_msgs/_apriltag_msgs_s.ep.rosidl_typesupport_introspection_c.c.o[0m
[ 93%] [32mBuilding C object CMakeFiles/apriltag_msgs__rosidl_typesupport_fastrtps_c__pyext.dir/rosidl_generator_py/apriltag_msgs/_apriltag_msgs_s.ep.rosidl_typesupport_fastrtps_c.c.o[0m
[ 95%] [32m[1mLinking C shared library rosidl_generator_py/apriltag_msgs/apriltag_msgs_s__rosidl_typesupport_c.cpython-38-aarch64-linux-gnu.so[0m
[ 97%] [32m[1mLinking C shared library rosidl_generator_py/apriltag_msgs/apriltag_msgs_s__rosidl_typesupport_introspection_c.cpython-38-aarch64-linux-gnu.so[0m
[100%] [32m[1mLinking CXX shared library rosidl_generator_py/apriltag_msgs/apriltag_msgs_s__rosidl_typesupport_fastrtps_c.cpython-38-aarch64-linux-gnu.so[0m
[100%] Built target apriltag_msgs__rosidl_typesupport_c__pyext
[100%] Built target apriltag_msgs__rosidl_typesupport_introspection_c__pyext
[100%] Built target apriltag_msgs__rosidl_typesupport_fastrtps_c__pyext
