-- Found ament_cmake: 0.9.6 (/opt/ros/foxy/share/ament_cmake/cmake)
-- Using PYTHON_EXECUTABLE: /usr/bin/python3
-- Found diagnostic_msgs: 2.0.3 (/opt/ros/foxy/share/diagnostic_msgs/cmake)
-- Using all available rosidl_typesupport_c: rosidl_typesupport_fastrtps_c;rosidl_typesupport_introspection_c
-- Found rosidl_adapter: 1.0.1 (/opt/ros/foxy/share/rosidl_adapter/cmake)
-- Using all available rosidl_typesupport_cpp: rosidl_typesupport_fastrtps_cpp;rosidl_typesupport_introspection_cpp
-- Found lifecycle_msgs: 1.0.0 (/opt/ros/foxy/share/lifecycle_msgs/cmake)
-- Found rclcpp: 2.1.0 (/opt/ros/foxy/share/rclcpp/cmake)
-- Found rmw_implementation_cmake: 1.0.1 (/opt/ros/foxy/share/rmw_implementation_cmake/cmake)
-- Using RMW implementation 'rmw_fastrtps_cpp' as default
-- Found rclcpp_components: 2.1.0 (/opt/ros/foxy/share/rclcpp_components/cmake)
-- Found rclcpp_lifecycle: 2.1.0 (/opt/ros/foxy/share/rclcpp_lifecycle/cmake)
-- Found sensor_msgs: 2.0.3 (/opt/ros/foxy/share/sensor_msgs/cmake)
-- Found serial: 1.2.1 (/home/ubuntu/ros2_ws/install/serial/share/serial/cmake)
-- Found ament_lint_auto: 0.9.5 (/opt/ros/foxy/share/ament_lint_auto/cmake)
-- Found gtest sources under '/opt/ros/foxy/src/gtest_vendor': C++ tests using 'Google Test' will be built
-- Check if compiler accepts -pthread
-- Check if compiler accepts -pthread - yes
-- Added test 'copyright' to check source files copyright and LICENSE
-- Added test 'cppcheck' to perform static code analysis on C / C++ code
-- Configured cppcheck include dirs: $<BUILD_INTERFACE:/home/ubuntu/ros2_ws/src/ros2_bno055_driver/include>
-- Configured cppcheck exclude dirs and/or files: 
-- Added test 'cpplint' to check C / C++ code against the Google style
-- Configured cpplint exclude dirs and/or files: 
-- Added test 'lint_cmake' to check CMake code style
-- Added test 'uncrustify' to check C / C++ code style
-- Configured uncrustify additional arguments: 
-- Added test 'xmllint' to check XML markup files
-- Configuring done
-- Generating done
-- Build files have been written to: /home/ubuntu/ros2_ws/build/bno055_driver
[35m[1mScanning dependencies of target gtest[0m
[35m[1mScanning dependencies of target bno055[0m
[35m[1mScanning dependencies of target gtest_main[0m
[  7%] [32mBuilding CXX object gtest/CMakeFiles/gtest_main.dir/src/gtest_main.cc.o[0m
[ 14%] [32mBuilding CXX object gtest/CMakeFiles/gtest.dir/src/gtest-all.cc.o[0m
[ 28%] [32mBuilding CXX object CMakeFiles/bno055.dir/src/bno055_uart.cpp.o[0m
[ 28%] [32mBuilding CXX object CMakeFiles/bno055.dir/src/bno055_driver.cpp.o[0m
[ 35%] [32m[1mLinking CXX static library libgtest_main.a[0m
[ 35%] Built target gtest_main
[ 42%] [32m[1mLinking CXX static library libgtest.a[0m
[ 42%] Built target gtest
[ 50%] [32m[1mLinking CXX static library libbno055.a[0m
[ 50%] Built target bno055
[35m[1mScanning dependencies of target bno055_test_fixture[0m
[35m[1mScanning dependencies of target bno055_driver[0m
[ 57%] [32mBuilding CXX object test/CMakeFiles/bno055_test_fixture.dir/fake_bno055.cpp.o[0m
[ 71%] [32mBuilding CXX object test/CMakeFiles/bno055_test_fixture.dir/unix_test_harness.cpp.o[0m
[ 71%] [32mBuilding CXX object CMakeFiles/bno055_driver.dir/src/main.cpp.o[0m
[ 78%] [32m[1mLinking CXX executable bno055_driver[0m
[ 85%] [32m[1mLinking CXX static library libbno055_test_fixture.a[0m
[ 85%] Built target bno055_test_fixture
[35m[1mScanning dependencies of target bno055_serial_tests[0m
[ 92%] [32mBuilding CXX object test/CMakeFiles/bno055_serial_tests.dir/bno055_serial_tests.cpp.o[0m
[ 92%] Built target bno055_driver
[100%] [32m[1mLinking CXX executable bno055_serial_tests[0m
[100%] Built target bno055_serial_tests
-- Install configuration: ""
-- Installing: /home/ubuntu/ros2_ws/install/bno055_driver/include
-- Installing: /home/ubuntu/ros2_ws/install/bno055_driver/include/bno055_driver
-- Installing: /home/ubuntu/ros2_ws/install/bno055_driver/include/bno055_driver/visibility_control.hpp
-- Installing: /home/ubuntu/ros2_ws/install/bno055_driver/include/bno055_driver/bno055_uart.hpp
-- Installing: /home/ubuntu/ros2_ws/install/bno055_driver/include/bno055_driver/bno055_driver.hpp
-- Installing: /home/ubuntu/ros2_ws/install/bno055_driver/include/bno055_driver/bno055_reg.hpp
-- Installing: /home/ubuntu/ros2_ws/install/bno055_driver/lib/libbno055.a
-- Installing: /home/ubuntu/ros2_ws/install/bno055_driver/lib/bno055_driver/bno055_driver
-- Set runtime path of "/home/ubuntu/ros2_ws/install/bno055_driver/lib/bno055_driver/bno055_driver" to ""
-- Installing: /home/ubuntu/ros2_ws/install/bno055_driver/share/ament_index/resource_index/package_run_dependencies/bno055_driver
-- Installing: /home/ubuntu/ros2_ws/install/bno055_driver/share/ament_index/resource_index/parent_prefix_path/bno055_driver
-- Installing: /home/ubuntu/ros2_ws/install/bno055_driver/share/bno055_driver/environment/ament_prefix_path.sh
-- Installing: /home/ubuntu/ros2_ws/install/bno055_driver/share/bno055_driver/environment/ament_prefix_path.dsv
-- Installing: /home/ubuntu/ros2_ws/install/bno055_driver/share/bno055_driver/environment/path.sh
-- Installing: /home/ubuntu/ros2_ws/install/bno055_driver/share/bno055_driver/environment/path.dsv
-- Installing: /home/ubuntu/ros2_ws/install/bno055_driver/share/bno055_driver/local_setup.bash
-- Installing: /home/ubuntu/ros2_ws/install/bno055_driver/share/bno055_driver/local_setup.sh
-- Installing: /home/ubuntu/ros2_ws/install/bno055_driver/share/bno055_driver/local_setup.zsh
-- Installing: /home/ubuntu/ros2_ws/install/bno055_driver/share/bno055_driver/local_setup.dsv
-- Installing: /home/ubuntu/ros2_ws/install/bno055_driver/share/bno055_driver/package.dsv
-- Installing: /home/ubuntu/ros2_ws/install/bno055_driver/share/ament_index/resource_index/packages/bno055_driver
-- Installing: /home/ubuntu/ros2_ws/install/bno055_driver/share/bno055_driver/cmake/bno055_driverConfig.cmake
-- Installing: /home/ubuntu/ros2_ws/install/bno055_driver/share/bno055_driver/cmake/bno055_driverConfig-version.cmake
-- Installing: /home/ubuntu/ros2_ws/install/bno055_driver/share/bno055_driver/package.xml
