[0.078s] Invoking command in '/home/ubuntu/ros2_ws/build/bno055_driver': AMENT_PREFIX_PATH=/home/ubuntu/ros2_ws/install/serial:${AMENT_PREFIX_PATH} CMAKE_PREFIX_PATH=/home/ubuntu/ros2_ws/install/serial:/home/ubuntu/ros2_ws/install/opencv_cam:/home/ubuntu/ros2_ws/install/ros2_shared:/home/ubuntu/ros2_ws/install/apriltag_ros:/home/ubuntu/ros2_ws/install/apriltag_msgs:/home/ubuntu/ros2_ws/install/pi_car:/home/ubuntu/ros2_ws/install/bno055:/opt/ros/foxy LD_LIBRARY_PATH=/home/ubuntu/ros2_ws/install/serial/lib:${LD_LIBRARY_PATH} /usr/bin/cmake /home/ubuntu/ros2_ws/src/ros2_bno055_driver -DCMAKE_INSTALL_PREFIX=/home/ubuntu/ros2_ws/install/bno055_driver
[0.184s] -- Found ament_cmake: 0.9.6 (/opt/ros/foxy/share/ament_cmake/cmake)
[0.375s] -- Using PYTHON_EXECUTABLE: /usr/bin/python3
[1.872s] -- Found diagnostic_msgs: 2.0.3 (/opt/ros/foxy/share/diagnostic_msgs/cmake)
[2.003s] -- Using all available rosidl_typesupport_c: rosidl_typesupport_fastrtps_c;rosidl_typesupport_introspection_c
[2.040s] -- Found rosidl_adapter: 1.0.1 (/opt/ros/foxy/share/rosidl_adapter/cmake)
[3.391s] -- Using all available rosidl_typesupport_cpp: rosidl_typesupport_fastrtps_cpp;rosidl_typesupport_introspection_cpp
[4.382s] -- Found lifecycle_msgs: 1.0.0 (/opt/ros/foxy/share/lifecycle_msgs/cmake)
[4.478s] -- Found rclcpp: 2.1.0 (/opt/ros/foxy/share/rclcpp/cmake)
[4.841s] -- Found rmw_implementation_cmake: 1.0.1 (/opt/ros/foxy/share/rmw_implementation_cmake/cmake)
[4.865s] -- Using RMW implementation 'rmw_fastrtps_cpp' as default
[6.114s] -- Found rclcpp_components: 2.1.0 (/opt/ros/foxy/share/rclcpp_components/cmake)
[6.620s] -- Found rclcpp_lifecycle: 2.1.0 (/opt/ros/foxy/share/rclcpp_lifecycle/cmake)
[6.768s] -- Found sensor_msgs: 2.0.3 (/opt/ros/foxy/share/sensor_msgs/cmake)
[7.770s] -- Found serial: 1.2.1 (/home/ubuntu/ros2_ws/install/serial/share/serial/cmake)
[7.829s] -- Found ament_lint_auto: 0.9.5 (/opt/ros/foxy/share/ament_lint_auto/cmake)
[8.726s] -- Found gtest sources under '/opt/ros/foxy/src/gtest_vendor': C++ tests using 'Google Test' will be built
[8.741s] -- Check if compiler accepts -pthread
[9.467s] -- Check if compiler accepts -pthread - yes
[9.505s] -- Added test 'copyright' to check source files copyright and LICENSE
[9.562s] -- Added test 'cppcheck' to perform static code analysis on C / C++ code
[9.564s] -- Configured cppcheck include dirs: $<BUILD_INTERFACE:/home/ubuntu/ros2_ws/src/ros2_bno055_driver/include>
[9.565s] -- Configured cppcheck exclude dirs and/or files: 
[9.618s] -- Added test 'cpplint' to check C / C++ code against the Google style
[9.619s] -- Configured cpplint exclude dirs and/or files: 
[9.644s] -- Added test 'lint_cmake' to check CMake code style
[9.706s] -- Added test 'uncrustify' to check C / C++ code style
[9.706s] -- Configured uncrustify additional arguments: 
[9.717s] -- Added test 'xmllint' to check XML markup files
[9.765s] -- Configuring done
[9.954s] -- Generating done
[9.972s] -- Build files have been written to: /home/ubuntu/ros2_ws/build/bno055_driver
[10.031s] Invoked command in '/home/ubuntu/ros2_ws/build/bno055_driver' returned '0': AMENT_PREFIX_PATH=/home/ubuntu/ros2_ws/install/serial:${AMENT_PREFIX_PATH} CMAKE_PREFIX_PATH=/home/ubuntu/ros2_ws/install/serial:/home/ubuntu/ros2_ws/install/opencv_cam:/home/ubuntu/ros2_ws/install/ros2_shared:/home/ubuntu/ros2_ws/install/apriltag_ros:/home/ubuntu/ros2_ws/install/apriltag_msgs:/home/ubuntu/ros2_ws/install/pi_car:/home/ubuntu/ros2_ws/install/bno055:/opt/ros/foxy LD_LIBRARY_PATH=/home/ubuntu/ros2_ws/install/serial/lib:${LD_LIBRARY_PATH} /usr/bin/cmake /home/ubuntu/ros2_ws/src/ros2_bno055_driver -DCMAKE_INSTALL_PREFIX=/home/ubuntu/ros2_ws/install/bno055_driver
[10.050s] Invoking command in '/home/ubuntu/ros2_ws/build/bno055_driver': AMENT_PREFIX_PATH=/home/ubuntu/ros2_ws/install/serial:${AMENT_PREFIX_PATH} CMAKE_PREFIX_PATH=/home/ubuntu/ros2_ws/install/serial:/home/ubuntu/ros2_ws/install/opencv_cam:/home/ubuntu/ros2_ws/install/ros2_shared:/home/ubuntu/ros2_ws/install/apriltag_ros:/home/ubuntu/ros2_ws/install/apriltag_msgs:/home/ubuntu/ros2_ws/install/pi_car:/home/ubuntu/ros2_ws/install/bno055:/opt/ros/foxy LD_LIBRARY_PATH=/home/ubuntu/ros2_ws/install/serial/lib:${LD_LIBRARY_PATH} /usr/bin/cmake --build /home/ubuntu/ros2_ws/build/bno055_driver -- -j4 -l4
[10.388s] [35m[1mScanning dependencies of target gtest[0m
[10.390s] [35m[1mScanning dependencies of target bno055[0m
[10.393s] [35m[1mScanning dependencies of target gtest_main[0m
[10.594s] [  7%] [32mBuilding CXX object gtest/CMakeFiles/gtest_main.dir/src/gtest_main.cc.o[0m
[10.606s] [ 14%] [32mBuilding CXX object gtest/CMakeFiles/gtest.dir/src/gtest-all.cc.o[0m
[11.119s] [ 28%] [32mBuilding CXX object CMakeFiles/bno055.dir/src/bno055_uart.cpp.o[0m
[11.120s] [ 28%] [32mBuilding CXX object CMakeFiles/bno055.dir/src/bno055_driver.cpp.o[0m
[18.281s] [ 35%] [32m[1mLinking CXX static library libgtest_main.a[0m
[18.587s] [ 35%] Built target gtest_main
[39.579s] [ 42%] [32m[1mLinking CXX static library libgtest.a[0m
[40.176s] [ 42%] Built target gtest
[53.789s] [ 50%] [32m[1mLinking CXX static library libbno055.a[0m
[54.865s] [ 50%] Built target bno055
[55.124s] [35m[1mScanning dependencies of target bno055_test_fixture[0m
[55.125s] [35m[1mScanning dependencies of target bno055_driver[0m
[55.742s] [ 57%] [32mBuilding CXX object test/CMakeFiles/bno055_test_fixture.dir/fake_bno055.cpp.o[0m
[55.807s] [ 71%] [32mBuilding CXX object test/CMakeFiles/bno055_test_fixture.dir/unix_test_harness.cpp.o[0m
[55.809s] [ 71%] [32mBuilding CXX object CMakeFiles/bno055_driver.dir/src/main.cpp.o[0m
[68.254s] [01m[K/home/ubuntu/ros2_ws/src/ros2_bno055_driver/test/unix_test_harness.cpp:[m[K In constructor ‘[01m[Kbno055_test::UnixTestHarness::UnixTestHarness()[m[K’:
[68.256s] [01m[K/home/ubuntu/ros2_ws/src/ros2_bno055_driver/test/unix_test_harness.cpp:43:34:[m[K [01;35m[Kwarning: [m[K‘[01m[Kusing ExecutorArgs = struct rclcpp::ExecutorOptions[m[K’ is deprecated: use rclcpp::ExecutorOptions instead [[01;35m[K-Wdeprecated-declarations[m[K]
[68.257s]    43 |   rclcpp::executor::ExecutorArgs [01;35m[Kexe_args[m[K;
[68.258s]       |                                  [01;35m[K^~~~~~~~[m[K
[68.260s] In file included from [01m[K/opt/ros/foxy/include/rclcpp/executor.hpp:33[m[K,
[68.261s]                  from [01m[K/opt/ros/foxy/include/rclcpp/executors/multi_threaded_executor.hpp:25[m[K,
[68.262s]                  from [01m[K/opt/ros/foxy/include/rclcpp/executors.hpp:21[m[K,
[68.264s]                  from [01m[K/opt/ros/foxy/include/rclcpp/rclcpp.hpp:146[m[K,
[68.265s]                  from [01m[K/home/ubuntu/ros2_ws/src/ros2_bno055_driver/test/unix_test_harness.hpp:20[m[K,
[68.266s]                  from [01m[K/home/ubuntu/ros2_ws/src/ros2_bno055_driver/test/unix_test_harness.cpp:15[m[K:
[68.268s] [01m[K/opt/ros/foxy/include/rclcpp/executor_options.hpp:44:7:[m[K [01;36m[Knote: [m[Kdeclared here
[68.269s]    44 | using [01;36m[KExecutorArgs[m[K [[deprecated("use rclcpp::ExecutorOptions instead")]] = ExecutorOptions;
[68.271s]       |       [01;36m[K^~~~~~~~~~~~[m[K
[72.771s] [ 78%] [32m[1mLinking CXX executable bno055_driver[0m
[75.487s] [ 85%] [32m[1mLinking CXX static library libbno055_test_fixture.a[0m
[75.783s] [ 85%] Built target bno055_test_fixture
[75.871s] [35m[1mScanning dependencies of target bno055_serial_tests[0m
[76.314s] [ 92%] [32mBuilding CXX object test/CMakeFiles/bno055_serial_tests.dir/bno055_serial_tests.cpp.o[0m
[76.588s] [ 92%] Built target bno055_driver
[93.435s] [100%] [32m[1mLinking CXX executable bno055_serial_tests[0m
[97.705s] [100%] Built target bno055_serial_tests
[97.790s] Invoked command in '/home/ubuntu/ros2_ws/build/bno055_driver' returned '0': AMENT_PREFIX_PATH=/home/ubuntu/ros2_ws/install/serial:${AMENT_PREFIX_PATH} CMAKE_PREFIX_PATH=/home/ubuntu/ros2_ws/install/serial:/home/ubuntu/ros2_ws/install/opencv_cam:/home/ubuntu/ros2_ws/install/ros2_shared:/home/ubuntu/ros2_ws/install/apriltag_ros:/home/ubuntu/ros2_ws/install/apriltag_msgs:/home/ubuntu/ros2_ws/install/pi_car:/home/ubuntu/ros2_ws/install/bno055:/opt/ros/foxy LD_LIBRARY_PATH=/home/ubuntu/ros2_ws/install/serial/lib:${LD_LIBRARY_PATH} /usr/bin/cmake --build /home/ubuntu/ros2_ws/build/bno055_driver -- -j4 -l4
[98.069s] Invoking command in '/home/ubuntu/ros2_ws/build/bno055_driver': AMENT_PREFIX_PATH=/home/ubuntu/ros2_ws/install/serial:${AMENT_PREFIX_PATH} CMAKE_PREFIX_PATH=/home/ubuntu/ros2_ws/install/serial:/home/ubuntu/ros2_ws/install/opencv_cam:/home/ubuntu/ros2_ws/install/ros2_shared:/home/ubuntu/ros2_ws/install/apriltag_ros:/home/ubuntu/ros2_ws/install/apriltag_msgs:/home/ubuntu/ros2_ws/install/pi_car:/home/ubuntu/ros2_ws/install/bno055:/opt/ros/foxy LD_LIBRARY_PATH=/home/ubuntu/ros2_ws/install/serial/lib:${LD_LIBRARY_PATH} /usr/bin/cmake --install /home/ubuntu/ros2_ws/build/bno055_driver
[98.141s] -- Install configuration: ""
[98.143s] -- Installing: /home/ubuntu/ros2_ws/install/bno055_driver/include
[98.144s] -- Installing: /home/ubuntu/ros2_ws/install/bno055_driver/include/bno055_driver
[98.145s] -- Installing: /home/ubuntu/ros2_ws/install/bno055_driver/include/bno055_driver/visibility_control.hpp
[98.146s] -- Installing: /home/ubuntu/ros2_ws/install/bno055_driver/include/bno055_driver/bno055_uart.hpp
[98.148s] -- Installing: /home/ubuntu/ros2_ws/install/bno055_driver/include/bno055_driver/bno055_driver.hpp
[98.149s] -- Installing: /home/ubuntu/ros2_ws/install/bno055_driver/include/bno055_driver/bno055_reg.hpp
[98.150s] -- Installing: /home/ubuntu/ros2_ws/install/bno055_driver/lib/libbno055.a
[98.202s] -- Installing: /home/ubuntu/ros2_ws/install/bno055_driver/lib/bno055_driver/bno055_driver
[98.224s] -- Set runtime path of "/home/ubuntu/ros2_ws/install/bno055_driver/lib/bno055_driver/bno055_driver" to ""
[98.226s] -- Installing: /home/ubuntu/ros2_ws/install/bno055_driver/share/ament_index/resource_index/package_run_dependencies/bno055_driver
[98.230s] -- Installing: /home/ubuntu/ros2_ws/install/bno055_driver/share/ament_index/resource_index/parent_prefix_path/bno055_driver
[98.236s] -- Installing: /home/ubuntu/ros2_ws/install/bno055_driver/share/bno055_driver/environment/ament_prefix_path.sh
[98.238s] -- Installing: /home/ubuntu/ros2_ws/install/bno055_driver/share/bno055_driver/environment/ament_prefix_path.dsv
[98.241s] -- Installing: /home/ubuntu/ros2_ws/install/bno055_driver/share/bno055_driver/environment/path.sh
[98.244s] -- Installing: /home/ubuntu/ros2_ws/install/bno055_driver/share/bno055_driver/environment/path.dsv
[98.247s] -- Installing: /home/ubuntu/ros2_ws/install/bno055_driver/share/bno055_driver/local_setup.bash
[98.250s] -- Installing: /home/ubuntu/ros2_ws/install/bno055_driver/share/bno055_driver/local_setup.sh
[98.252s] -- Installing: /home/ubuntu/ros2_ws/install/bno055_driver/share/bno055_driver/local_setup.zsh
[98.255s] -- Installing: /home/ubuntu/ros2_ws/install/bno055_driver/share/bno055_driver/local_setup.dsv
[98.259s] -- Installing: /home/ubuntu/ros2_ws/install/bno055_driver/share/bno055_driver/package.dsv
[98.263s] -- Installing: /home/ubuntu/ros2_ws/install/bno055_driver/share/ament_index/resource_index/packages/bno055_driver
[98.266s] -- Installing: /home/ubuntu/ros2_ws/install/bno055_driver/share/bno055_driver/cmake/bno055_driverConfig.cmake
[98.268s] -- Installing: /home/ubuntu/ros2_ws/install/bno055_driver/share/bno055_driver/cmake/bno055_driverConfig-version.cmake
[98.271s] -- Installing: /home/ubuntu/ros2_ws/install/bno055_driver/share/bno055_driver/package.xml
[98.296s] Invoked command in '/home/ubuntu/ros2_ws/build/bno055_driver' returned '0': AMENT_PREFIX_PATH=/home/ubuntu/ros2_ws/install/serial:${AMENT_PREFIX_PATH} CMAKE_PREFIX_PATH=/home/ubuntu/ros2_ws/install/serial:/home/ubuntu/ros2_ws/install/opencv_cam:/home/ubuntu/ros2_ws/install/ros2_shared:/home/ubuntu/ros2_ws/install/apriltag_ros:/home/ubuntu/ros2_ws/install/apriltag_msgs:/home/ubuntu/ros2_ws/install/pi_car:/home/ubuntu/ros2_ws/install/bno055:/opt/ros/foxy LD_LIBRARY_PATH=/home/ubuntu/ros2_ws/install/serial/lib:${LD_LIBRARY_PATH} /usr/bin/cmake --install /home/ubuntu/ros2_ws/build/bno055_driver
