[0.229s] Invoking command in '/home/ubuntu/ros2_ws/build/ros2_shared': CMAKE_PREFIX_PATH=${CMAKE_PREFIX_PATH}:/home/ubuntu/ros2_ws/install/pi_car:/opt/ros/foxy /usr/bin/cmake --build /home/ubuntu/ros2_ws/build/ros2_shared -- -j4 -l4
[2.488s] Invoked command in '/home/ubuntu/ros2_ws/build/ros2_shared' returned '0': CMAKE_PREFIX_PATH=${CMAKE_PREFIX_PATH}:/home/ubuntu/ros2_ws/install/pi_car:/opt/ros/foxy /usr/bin/cmake --build /home/ubuntu/ros2_ws/build/ros2_shared -- -j4 -l4
[2.785s] Invoking command in '/home/ubuntu/ros2_ws/build/ros2_shared': CMAKE_PREFIX_PATH=${CMAKE_PREFIX_PATH}:/home/ubuntu/ros2_ws/install/pi_car:/opt/ros/foxy /usr/bin/cmake --install /home/ubuntu/ros2_ws/build/ros2_shared
[2.864s] -- Install configuration: ""
[2.866s] -- Up-to-date: /home/ubuntu/ros2_ws/install/ros2_shared/include
[2.869s] -- Up-to-date: /home/ubuntu/ros2_ws/install/ros2_shared/include/ros2_shared
[2.872s] -- Up-to-date: /home/ubuntu/ros2_ws/install/ros2_shared/include/ros2_shared/context_macros.hpp
[2.874s] -- Up-to-date: /home/ubuntu/ros2_ws/install/ros2_shared/include/ros2_shared/string_printf.hpp
[2.876s] -- Up-to-date: /home/ubuntu/ros2_ws/install/ros2_shared/share/ament_index/resource_index/package_run_dependencies/ros2_shared
[2.880s] -- Up-to-date: /home/ubuntu/ros2_ws/install/ros2_shared/share/ament_index/resource_index/parent_prefix_path/ros2_shared
[2.883s] -- Up-to-date: /home/ubuntu/ros2_ws/install/ros2_shared/share/ros2_shared/environment/ament_prefix_path.sh
[2.885s] -- Up-to-date: /home/ubuntu/ros2_ws/install/ros2_shared/share/ros2_shared/environment/ament_prefix_path.dsv
[2.886s] -- Up-to-date: /home/ubuntu/ros2_ws/install/ros2_shared/share/ros2_shared/environment/path.sh
[2.888s] -- Up-to-date: /home/ubuntu/ros2_ws/install/ros2_shared/share/ros2_shared/environment/path.dsv
[2.891s] -- Up-to-date: /home/ubuntu/ros2_ws/install/ros2_shared/share/ros2_shared/local_setup.bash
[2.894s] -- Up-to-date: /home/ubuntu/ros2_ws/install/ros2_shared/share/ros2_shared/local_setup.sh
[2.897s] -- Up-to-date: /home/ubuntu/ros2_ws/install/ros2_shared/share/ros2_shared/local_setup.zsh
[2.898s] -- Up-to-date: /home/ubuntu/ros2_ws/install/ros2_shared/share/ros2_shared/local_setup.dsv
[2.899s] -- Installing: /home/ubuntu/ros2_ws/install/ros2_shared/share/ros2_shared/package.dsv
[2.901s] -- Up-to-date: /home/ubuntu/ros2_ws/install/ros2_shared/share/ament_index/resource_index/packages/ros2_shared
[2.905s] -- Up-to-date: /home/ubuntu/ros2_ws/install/ros2_shared/share/ros2_shared/cmake/ament_cmake_export_include_directories-extras.cmake
[2.913s] -- Up-to-date: /home/ubuntu/ros2_ws/install/ros2_shared/share/ros2_shared/cmake/ros2_sharedConfig.cmake
[2.915s] -- Up-to-date: /home/ubuntu/ros2_ws/install/ros2_shared/share/ros2_shared/cmake/ros2_sharedConfig-version.cmake
[2.919s] -- Up-to-date: /home/ubuntu/ros2_ws/install/ros2_shared/share/ros2_shared/package.xml
[2.922s] Invoked command in '/home/ubuntu/ros2_ws/build/ros2_shared' returned '0': CMAKE_PREFIX_PATH=${CMAKE_PREFIX_PATH}:/home/ubuntu/ros2_ws/install/pi_car:/opt/ros/foxy /usr/bin/cmake --install /home/ubuntu/ros2_ws/build/ros2_shared
