[0.205s] Invoking command in '/home/ubuntu/ros2_ws/build/apriltag_msgs': CMAKE_PREFIX_PATH=${CMAKE_PREFIX_PATH}:/home/ubuntu/ros2_ws/install/pi_car:/home/ubuntu/ros2_ws/install/bno055:/opt/ros/foxy /usr/bin/cmake --build /home/ubuntu/ros2_ws/build/apriltag_msgs -- -j4 -l4
[1.391s] [  2%] Built target apriltag_msgs__cpp
[1.426s] [ 12%] Built target apriltag_msgs__rosidl_generator_c
[1.760s] [ 23%] Built target apriltag_msgs__rosidl_typesupport_cpp
[1.773s] [ 34%] Built target apriltag_msgs__rosidl_typesupport_introspection_cpp
[1.779s] [ 44%] Built target apriltag_msgs__rosidl_typesupport_fastrtps_cpp
[2.141s] [ 55%] Built target apriltag_msgs__rosidl_typesupport_introspection_c
[2.159s] [ 65%] Built target apriltag_msgs__rosidl_typesupport_fastrtps_c
[2.196s] [ 76%] Built target apriltag_msgs__rosidl_typesupport_c
[2.368s] [ 76%] Built target apriltag_msgs
[2.560s] [ 78%] Built target apriltag_msgs__py
[2.844s] [ 87%] Built target apriltag_msgs__python
[3.159s] [ 91%] Built target apriltag_msgs__rosidl_typesupport_c__pyext
[3.201s] [ 95%] Built target apriltag_msgs__rosidl_typesupport_introspection_c__pyext
[3.219s] [100%] Built target apriltag_msgs__rosidl_typesupport_fastrtps_c__pyext
[3.305s] Invoked command in '/home/ubuntu/ros2_ws/build/apriltag_msgs' returned '0': CMAKE_PREFIX_PATH=${CMAKE_PREFIX_PATH}:/home/ubuntu/ros2_ws/install/pi_car:/home/ubuntu/ros2_ws/install/bno055:/opt/ros/foxy /usr/bin/cmake --build /home/ubuntu/ros2_ws/build/apriltag_msgs -- -j4 -l4
[4.097s] Invoking command in '/home/ubuntu/ros2_ws/build/apriltag_msgs': CMAKE_PREFIX_PATH=${CMAKE_PREFIX_PATH}:/home/ubuntu/ros2_ws/install/pi_car:/home/ubuntu/ros2_ws/install/bno055:/opt/ros/foxy /usr/bin/cmake --install /home/ubuntu/ros2_ws/build/apriltag_msgs
[4.169s] -- Install configuration: ""
[4.171s] -- Up-to-date: /home/ubuntu/ros2_ws/install/apriltag_msgs/share/ament_index/resource_index/rosidl_interfaces/apriltag_msgs
[4.173s] -- Up-to-date: /home/ubuntu/ros2_ws/install/apriltag_msgs/include/apriltag_msgs
[4.175s] -- Up-to-date: /home/ubuntu/ros2_ws/install/apriltag_msgs/include/apriltag_msgs/msg
[4.177s] -- Up-to-date: /home/ubuntu/ros2_ws/install/apriltag_msgs/include/apriltag_msgs/msg/point.h
[4.178s] -- Up-to-date: /home/ubuntu/ros2_ws/install/apriltag_msgs/include/apriltag_msgs/msg/april_tag_detection_array.h
[4.180s] -- Up-to-date: /home/ubuntu/ros2_ws/install/apriltag_msgs/include/apriltag_msgs/msg/april_tag_detection.h
[4.182s] -- Up-to-date: /home/ubuntu/ros2_ws/install/apriltag_msgs/include/apriltag_msgs/msg/detail
[4.183s] -- Up-to-date: /home/ubuntu/ros2_ws/install/apriltag_msgs/include/apriltag_msgs/msg/detail/april_tag_detection__functions.h
[4.185s] -- Up-to-date: /home/ubuntu/ros2_ws/install/apriltag_msgs/include/apriltag_msgs/msg/detail/april_tag_detection__struct.h
[4.187s] -- Up-to-date: /home/ubuntu/ros2_ws/install/apriltag_msgs/include/apriltag_msgs/msg/detail/point__functions.c
[4.188s] -- Up-to-date: /home/ubuntu/ros2_ws/install/apriltag_msgs/include/apriltag_msgs/msg/detail/april_tag_detection__functions.c
[4.189s] -- Up-to-date: /home/ubuntu/ros2_ws/install/apriltag_msgs/include/apriltag_msgs/msg/detail/point__functions.h
[4.190s] -- Up-to-date: /home/ubuntu/ros2_ws/install/apriltag_msgs/include/apriltag_msgs/msg/detail/april_tag_detection_array__type_support.h
[4.191s] -- Up-to-date: /home/ubuntu/ros2_ws/install/apriltag_msgs/include/apriltag_msgs/msg/detail/april_tag_detection_array__functions.c
[4.193s] -- Up-to-date: /home/ubuntu/ros2_ws/install/apriltag_msgs/include/apriltag_msgs/msg/detail/april_tag_detection_array__functions.h
[4.194s] -- Up-to-date: /home/ubuntu/ros2_ws/install/apriltag_msgs/include/apriltag_msgs/msg/detail/april_tag_detection__type_support.h
[4.195s] -- Up-to-date: /home/ubuntu/ros2_ws/install/apriltag_msgs/include/apriltag_msgs/msg/detail/point__type_support.h
[4.197s] -- Up-to-date: /home/ubuntu/ros2_ws/install/apriltag_msgs/include/apriltag_msgs/msg/detail/april_tag_detection_array__struct.h
[4.199s] -- Up-to-date: /home/ubuntu/ros2_ws/install/apriltag_msgs/include/apriltag_msgs/msg/detail/point__struct.h
[4.200s] -- Up-to-date: /home/ubuntu/ros2_ws/install/apriltag_msgs/include/apriltag_msgs/msg/rosidl_generator_c__visibility_control.h
[4.202s] -- Up-to-date: /home/ubuntu/ros2_ws/install/apriltag_msgs/share/apriltag_msgs/environment/library_path.sh
[4.203s] -- Up-to-date: /home/ubuntu/ros2_ws/install/apriltag_msgs/share/apriltag_msgs/environment/library_path.dsv
[4.204s] -- Up-to-date: /home/ubuntu/ros2_ws/install/apriltag_msgs/lib/libapriltag_msgs__rosidl_generator_c.so
[4.206s] -- Up-to-date: /home/ubuntu/ros2_ws/install/apriltag_msgs/include/apriltag_msgs
[4.207s] -- Up-to-date: /home/ubuntu/ros2_ws/install/apriltag_msgs/include/apriltag_msgs/msg
[4.208s] -- Up-to-date: /home/ubuntu/ros2_ws/install/apriltag_msgs/include/apriltag_msgs/msg/rosidl_typesupport_fastrtps_c__visibility_control.h
[4.210s] -- Up-to-date: /home/ubuntu/ros2_ws/install/apriltag_msgs/include/apriltag_msgs/msg/detail
[4.211s] -- Up-to-date: /home/ubuntu/ros2_ws/install/apriltag_msgs/include/apriltag_msgs/msg/detail/point__rosidl_typesupport_fastrtps_c.h
[4.213s] -- Up-to-date: /home/ubuntu/ros2_ws/install/apriltag_msgs/include/apriltag_msgs/msg/detail/april_tag_detection_array__rosidl_typesupport_fastrtps_c.h
[4.214s] -- Up-to-date: /home/ubuntu/ros2_ws/install/apriltag_msgs/include/apriltag_msgs/msg/detail/april_tag_detection__rosidl_typesupport_fastrtps_c.h
[4.214s] -- Up-to-date: /home/ubuntu/ros2_ws/install/apriltag_msgs/lib/libapriltag_msgs__rosidl_typesupport_fastrtps_c.so
[4.215s] -- Up-to-date: /home/ubuntu/ros2_ws/install/apriltag_msgs/include/apriltag_msgs
[4.216s] -- Up-to-date: /home/ubuntu/ros2_ws/install/apriltag_msgs/include/apriltag_msgs/msg
[4.217s] -- Up-to-date: /home/ubuntu/ros2_ws/install/apriltag_msgs/include/apriltag_msgs/msg/rosidl_typesupport_fastrtps_cpp__visibility_control.h
[4.218s] -- Up-to-date: /home/ubuntu/ros2_ws/install/apriltag_msgs/include/apriltag_msgs/msg/detail
[4.219s] -- Up-to-date: /home/ubuntu/ros2_ws/install/apriltag_msgs/include/apriltag_msgs/msg/detail/dds_fastrtps
[4.235s] -- Up-to-date: /home/ubuntu/ros2_ws/install/apriltag_msgs/include/apriltag_msgs/msg/detail/april_tag_detection_array__rosidl_typesupport_fastrtps_cpp.hpp
[4.238s] -- Up-to-date: /home/ubuntu/ros2_ws/install/apriltag_msgs/include/apriltag_msgs/msg/detail/point__rosidl_typesupport_fastrtps_cpp.hpp
[4.240s] -- Up-to-date: /home/ubuntu/ros2_ws/install/apriltag_msgs/include/apriltag_msgs/msg/detail/april_tag_detection__rosidl_typesupport_fastrtps_cpp.hpp
[4.241s] -- Up-to-date: /home/ubuntu/ros2_ws/install/apriltag_msgs/lib/libapriltag_msgs__rosidl_typesupport_fastrtps_cpp.so
[4.243s] -- Up-to-date: /home/ubuntu/ros2_ws/install/apriltag_msgs/include/apriltag_msgs
[4.244s] -- Up-to-date: /home/ubuntu/ros2_ws/install/apriltag_msgs/include/apriltag_msgs/msg
[4.245s] -- Up-to-date: /home/ubuntu/ros2_ws/install/apriltag_msgs/include/apriltag_msgs/msg/detail
[4.247s] -- Up-to-date: /home/ubuntu/ros2_ws/install/apriltag_msgs/include/apriltag_msgs/msg/detail/april_tag_detection__type_support.c
[4.248s] -- Up-to-date: /home/ubuntu/ros2_ws/install/apriltag_msgs/include/apriltag_msgs/msg/detail/april_tag_detection__rosidl_typesupport_introspection_c.h
[4.249s] -- Up-to-date: /home/ubuntu/ros2_ws/install/apriltag_msgs/include/apriltag_msgs/msg/detail/april_tag_detection_array__type_support.c
[4.250s] -- Up-to-date: /home/ubuntu/ros2_ws/install/apriltag_msgs/include/apriltag_msgs/msg/detail/point__type_support.c
[4.252s] -- Up-to-date: /home/ubuntu/ros2_ws/install/apriltag_msgs/include/apriltag_msgs/msg/detail/point__rosidl_typesupport_introspection_c.h
[4.253s] -- Up-to-date: /home/ubuntu/ros2_ws/install/apriltag_msgs/include/apriltag_msgs/msg/detail/april_tag_detection_array__rosidl_typesupport_introspection_c.h
[4.254s] -- Up-to-date: /home/ubuntu/ros2_ws/install/apriltag_msgs/include/apriltag_msgs/msg/rosidl_typesupport_introspection_c__visibility_control.h
[4.255s] -- Up-to-date: /home/ubuntu/ros2_ws/install/apriltag_msgs/lib/libapriltag_msgs__rosidl_typesupport_introspection_c.so
[4.257s] -- Up-to-date: /home/ubuntu/ros2_ws/install/apriltag_msgs/lib/libapriltag_msgs__rosidl_typesupport_c.so
[4.259s] -- Up-to-date: /home/ubuntu/ros2_ws/install/apriltag_msgs/include/apriltag_msgs
[4.261s] -- Up-to-date: /home/ubuntu/ros2_ws/install/apriltag_msgs/include/apriltag_msgs/msg
[4.263s] -- Up-to-date: /home/ubuntu/ros2_ws/install/apriltag_msgs/include/apriltag_msgs/msg/april_tag_detection.hpp
[4.265s] -- Up-to-date: /home/ubuntu/ros2_ws/install/apriltag_msgs/include/apriltag_msgs/msg/detail
[4.267s] -- Up-to-date: /home/ubuntu/ros2_ws/install/apriltag_msgs/include/apriltag_msgs/msg/detail/april_tag_detection_array__builder.hpp
[4.268s] -- Up-to-date: /home/ubuntu/ros2_ws/install/apriltag_msgs/include/apriltag_msgs/msg/detail/april_tag_detection__builder.hpp
[4.270s] -- Up-to-date: /home/ubuntu/ros2_ws/install/apriltag_msgs/include/apriltag_msgs/msg/detail/april_tag_detection_array__traits.hpp
[4.272s] -- Up-to-date: /home/ubuntu/ros2_ws/install/apriltag_msgs/include/apriltag_msgs/msg/detail/april_tag_detection__traits.hpp
[4.273s] -- Up-to-date: /home/ubuntu/ros2_ws/install/apriltag_msgs/include/apriltag_msgs/msg/detail/point__builder.hpp
[4.274s] -- Up-to-date: /home/ubuntu/ros2_ws/install/apriltag_msgs/include/apriltag_msgs/msg/detail/april_tag_detection_array__struct.hpp
[4.275s] -- Up-to-date: /home/ubuntu/ros2_ws/install/apriltag_msgs/include/apriltag_msgs/msg/detail/point__struct.hpp
[4.276s] -- Up-to-date: /home/ubuntu/ros2_ws/install/apriltag_msgs/include/apriltag_msgs/msg/detail/point__traits.hpp
[4.277s] -- Up-to-date: /home/ubuntu/ros2_ws/install/apriltag_msgs/include/apriltag_msgs/msg/detail/april_tag_detection__struct.hpp
[4.278s] -- Up-to-date: /home/ubuntu/ros2_ws/install/apriltag_msgs/include/apriltag_msgs/msg/point.hpp
[4.279s] -- Up-to-date: /home/ubuntu/ros2_ws/install/apriltag_msgs/include/apriltag_msgs/msg/april_tag_detection_array.hpp
[4.280s] -- Up-to-date: /home/ubuntu/ros2_ws/install/apriltag_msgs/include/apriltag_msgs
[4.281s] -- Up-to-date: /home/ubuntu/ros2_ws/install/apriltag_msgs/include/apriltag_msgs/msg
[4.282s] -- Up-to-date: /home/ubuntu/ros2_ws/install/apriltag_msgs/include/apriltag_msgs/msg/detail
[4.283s] -- Up-to-date: /home/ubuntu/ros2_ws/install/apriltag_msgs/include/apriltag_msgs/msg/detail/point__rosidl_typesupport_introspection_cpp.hpp
[4.284s] -- Up-to-date: /home/ubuntu/ros2_ws/install/apriltag_msgs/include/apriltag_msgs/msg/detail/april_tag_detection_array__type_support.cpp
[4.285s] -- Up-to-date: /home/ubuntu/ros2_ws/install/apriltag_msgs/include/apriltag_msgs/msg/detail/april_tag_detection_array__rosidl_typesupport_introspection_cpp.hpp
[4.286s] -- Up-to-date: /home/ubuntu/ros2_ws/install/apriltag_msgs/include/apriltag_msgs/msg/detail/point__type_support.cpp
[4.287s] -- Up-to-date: /home/ubuntu/ros2_ws/install/apriltag_msgs/include/apriltag_msgs/msg/detail/april_tag_detection__type_support.cpp
[4.289s] -- Up-to-date: /home/ubuntu/ros2_ws/install/apriltag_msgs/include/apriltag_msgs/msg/detail/april_tag_detection__rosidl_typesupport_introspection_cpp.hpp
[4.290s] -- Up-to-date: /home/ubuntu/ros2_ws/install/apriltag_msgs/lib/libapriltag_msgs__rosidl_typesupport_introspection_cpp.so
[4.292s] -- Up-to-date: /home/ubuntu/ros2_ws/install/apriltag_msgs/lib/libapriltag_msgs__rosidl_typesupport_cpp.so
[4.293s] -- Up-to-date: /home/ubuntu/ros2_ws/install/apriltag_msgs/share/apriltag_msgs/environment/pythonpath.sh
[4.294s] -- Up-to-date: /home/ubuntu/ros2_ws/install/apriltag_msgs/share/apriltag_msgs/environment/pythonpath.dsv
[4.295s] -- Up-to-date: /home/ubuntu/ros2_ws/install/apriltag_msgs/lib/python3.8/site-packages/apriltag_msgs/__init__.py
[4.612s] -- Up-to-date: /home/ubuntu/ros2_ws/install/apriltag_msgs/lib/python3.8/site-packages/apriltag_msgs/msg
[4.614s] -- Up-to-date: /home/ubuntu/ros2_ws/install/apriltag_msgs/lib/python3.8/site-packages/apriltag_msgs/msg/_april_tag_detection.py
[4.617s] -- Up-to-date: /home/ubuntu/ros2_ws/install/apriltag_msgs/lib/python3.8/site-packages/apriltag_msgs/msg/_april_tag_detection_array_s.c
[4.618s] -- Up-to-date: /home/ubuntu/ros2_ws/install/apriltag_msgs/lib/python3.8/site-packages/apriltag_msgs/msg/__init__.py
[4.619s] -- Up-to-date: /home/ubuntu/ros2_ws/install/apriltag_msgs/lib/python3.8/site-packages/apriltag_msgs/msg/_april_tag_detection_array.py
[4.620s] -- Up-to-date: /home/ubuntu/ros2_ws/install/apriltag_msgs/lib/python3.8/site-packages/apriltag_msgs/msg/_point.py
[4.621s] -- Up-to-date: /home/ubuntu/ros2_ws/install/apriltag_msgs/lib/python3.8/site-packages/apriltag_msgs/msg/_april_tag_detection_s.c
[4.622s] -- Up-to-date: /home/ubuntu/ros2_ws/install/apriltag_msgs/lib/python3.8/site-packages/apriltag_msgs/msg/_point_s.c
[4.623s] -- Up-to-date: /home/ubuntu/ros2_ws/install/apriltag_msgs/lib/python3.8/site-packages/apriltag_msgs/apriltag_msgs_s__rosidl_typesupport_fastrtps_c.cpython-38-aarch64-linux-gnu.so
[4.631s] -- Up-to-date: /home/ubuntu/ros2_ws/install/apriltag_msgs/lib/python3.8/site-packages/apriltag_msgs/apriltag_msgs_s__rosidl_typesupport_introspection_c.cpython-38-aarch64-linux-gnu.so
[4.639s] -- Up-to-date: /home/ubuntu/ros2_ws/install/apriltag_msgs/lib/python3.8/site-packages/apriltag_msgs/apriltag_msgs_s__rosidl_typesupport_c.cpython-38-aarch64-linux-gnu.so
[4.647s] -- Up-to-date: /home/ubuntu/ros2_ws/install/apriltag_msgs/lib/libapriltag_msgs__python.so
[4.651s] -- Up-to-date: /home/ubuntu/ros2_ws/install/apriltag_msgs/share/apriltag_msgs/msg/Point.idl
[4.652s] -- Up-to-date: /home/ubuntu/ros2_ws/install/apriltag_msgs/share/apriltag_msgs/msg/AprilTagDetection.idl
[4.654s] -- Up-to-date: /home/ubuntu/ros2_ws/install/apriltag_msgs/share/apriltag_msgs/msg/AprilTagDetectionArray.idl
[4.655s] -- Up-to-date: /home/ubuntu/ros2_ws/install/apriltag_msgs/share/apriltag_msgs/msg/Point.msg
[4.657s] -- Up-to-date: /home/ubuntu/ros2_ws/install/apriltag_msgs/share/apriltag_msgs/msg/AprilTagDetection.msg
[4.658s] -- Up-to-date: /home/ubuntu/ros2_ws/install/apriltag_msgs/share/apriltag_msgs/msg/AprilTagDetectionArray.msg
[4.660s] -- Up-to-date: /home/ubuntu/ros2_ws/install/apriltag_msgs/share/ament_index/resource_index/package_run_dependencies/apriltag_msgs
[4.661s] -- Up-to-date: /home/ubuntu/ros2_ws/install/apriltag_msgs/share/ament_index/resource_index/parent_prefix_path/apriltag_msgs
[4.663s] -- Up-to-date: /home/ubuntu/ros2_ws/install/apriltag_msgs/share/apriltag_msgs/environment/ament_prefix_path.sh
[4.665s] -- Up-to-date: /home/ubuntu/ros2_ws/install/apriltag_msgs/share/apriltag_msgs/environment/ament_prefix_path.dsv
[4.666s] -- Up-to-date: /home/ubuntu/ros2_ws/install/apriltag_msgs/share/apriltag_msgs/environment/path.sh
[4.668s] -- Up-to-date: /home/ubuntu/ros2_ws/install/apriltag_msgs/share/apriltag_msgs/environment/path.dsv
[4.669s] -- Up-to-date: /home/ubuntu/ros2_ws/install/apriltag_msgs/share/apriltag_msgs/local_setup.bash
[4.670s] -- Up-to-date: /home/ubuntu/ros2_ws/install/apriltag_msgs/share/apriltag_msgs/local_setup.sh
[4.672s] -- Up-to-date: /home/ubuntu/ros2_ws/install/apriltag_msgs/share/apriltag_msgs/local_setup.zsh
[4.673s] -- Up-to-date: /home/ubuntu/ros2_ws/install/apriltag_msgs/share/apriltag_msgs/local_setup.dsv
[4.674s] -- Installing: /home/ubuntu/ros2_ws/install/apriltag_msgs/share/apriltag_msgs/package.dsv
[4.675s] -- Up-to-date: /home/ubuntu/ros2_ws/install/apriltag_msgs/share/ament_index/resource_index/packages/apriltag_msgs
[4.681s] -- Up-to-date: /home/ubuntu/ros2_ws/install/apriltag_msgs/share/apriltag_msgs/cmake/apriltag_msgs__rosidl_generator_cExport.cmake
[4.682s] -- Up-to-date: /home/ubuntu/ros2_ws/install/apriltag_msgs/share/apriltag_msgs/cmake/apriltag_msgs__rosidl_generator_cExport-noconfig.cmake
[4.687s] -- Up-to-date: /home/ubuntu/ros2_ws/install/apriltag_msgs/share/apriltag_msgs/cmake/apriltag_msgs__rosidl_typesupport_introspection_cExport.cmake
[4.688s] -- Up-to-date: /home/ubuntu/ros2_ws/install/apriltag_msgs/share/apriltag_msgs/cmake/apriltag_msgs__rosidl_typesupport_introspection_cExport-noconfig.cmake
[4.692s] -- Up-to-date: /home/ubuntu/ros2_ws/install/apriltag_msgs/share/apriltag_msgs/cmake/apriltag_msgs__rosidl_typesupport_cExport.cmake
[4.694s] -- Up-to-date: /home/ubuntu/ros2_ws/install/apriltag_msgs/share/apriltag_msgs/cmake/apriltag_msgs__rosidl_typesupport_cExport-noconfig.cmake
[4.698s] -- Up-to-date: /home/ubuntu/ros2_ws/install/apriltag_msgs/share/apriltag_msgs/cmake/apriltag_msgs__rosidl_generator_cppExport.cmake
[4.703s] -- Up-to-date: /home/ubuntu/ros2_ws/install/apriltag_msgs/share/apriltag_msgs/cmake/apriltag_msgs__rosidl_typesupport_introspection_cppExport.cmake
[4.704s] -- Up-to-date: /home/ubuntu/ros2_ws/install/apriltag_msgs/share/apriltag_msgs/cmake/apriltag_msgs__rosidl_typesupport_introspection_cppExport-noconfig.cmake
[4.708s] -- Up-to-date: /home/ubuntu/ros2_ws/install/apriltag_msgs/share/apriltag_msgs/cmake/apriltag_msgs__rosidl_typesupport_cppExport.cmake
[4.709s] -- Up-to-date: /home/ubuntu/ros2_ws/install/apriltag_msgs/share/apriltag_msgs/cmake/apriltag_msgs__rosidl_typesupport_cppExport-noconfig.cmake
[4.711s] -- Up-to-date: /home/ubuntu/ros2_ws/install/apriltag_msgs/share/apriltag_msgs/cmake/rosidl_cmake-extras.cmake
[4.713s] -- Up-to-date: /home/ubuntu/ros2_ws/install/apriltag_msgs/share/apriltag_msgs/cmake/ament_cmake_export_dependencies-extras.cmake
[4.714s] -- Up-to-date: /home/ubuntu/ros2_ws/install/apriltag_msgs/share/apriltag_msgs/cmake/ament_cmake_export_libraries-extras.cmake
[4.716s] -- Up-to-date: /home/ubuntu/ros2_ws/install/apriltag_msgs/share/apriltag_msgs/cmake/ament_cmake_export_targets-extras.cmake
[4.718s] -- Up-to-date: /home/ubuntu/ros2_ws/install/apriltag_msgs/share/apriltag_msgs/cmake/ament_cmake_export_include_directories-extras.cmake
[4.719s] -- Up-to-date: /home/ubuntu/ros2_ws/install/apriltag_msgs/share/apriltag_msgs/cmake/rosidl_cmake_export_typesupport_libraries-extras.cmake
[4.720s] -- Up-to-date: /home/ubuntu/ros2_ws/install/apriltag_msgs/share/apriltag_msgs/cmake/rosidl_cmake_export_typesupport_targets-extras.cmake
[4.721s] -- Up-to-date: /home/ubuntu/ros2_ws/install/apriltag_msgs/share/apriltag_msgs/cmake/apriltag_msgsConfig.cmake
[4.722s] -- Up-to-date: /home/ubuntu/ros2_ws/install/apriltag_msgs/share/apriltag_msgs/cmake/apriltag_msgsConfig-version.cmake
[4.723s] -- Up-to-date: /home/ubuntu/ros2_ws/install/apriltag_msgs/share/apriltag_msgs/package.xml
[6.027s] Invoked command in '/home/ubuntu/ros2_ws/build/apriltag_msgs' returned '0': CMAKE_PREFIX_PATH=${CMAKE_PREFIX_PATH}:/home/ubuntu/ros2_ws/install/pi_car:/home/ubuntu/ros2_ws/install/bno055:/opt/ros/foxy /usr/bin/cmake --install /home/ubuntu/ros2_ws/build/apriltag_msgs
