[2.803s] Invoking command in '/home/ubuntu/ros2_ws/build/raspicam2': CMAKE_PREFIX_PATH=/opt/ros/foxy /usr/bin/cmake /home/ubuntu/ros2_ws/src/raspicam2_node -DCMAKE_INSTALL_PREFIX=/home/ubuntu/ros2_ws/install/raspicam2
[3.509s] -- The CXX compiler identification is GNU 9.3.0
[3.575s] -- Check for working CXX compiler: /usr/bin/c++
[4.450s] -- Check for working CXX compiler: /usr/bin/c++ -- works
[4.467s] -- Detecting CXX compiler ABI info
[5.370s] -- Detecting CXX compiler ABI info - done
[5.488s] -- Detecting CXX compile features
[5.494s] -- Detecting CXX compile features - done
[5.527s] -- Found ament_cmake: 0.9.6 (/opt/ros/foxy/share/ament_cmake/cmake)
[5.833s] -- Found PythonInterp: /usr/bin/python3 (found suitable version "3.8.2", minimum required is "3") 
[5.837s] -- Using PYTHON_EXECUTABLE: /usr/bin/python3
[8.244s] -- Found rclcpp: 2.1.0 (/opt/ros/foxy/share/rclcpp/cmake)
[8.674s] -- Using all available rosidl_typesupport_c: rosidl_typesupport_fastrtps_c;rosidl_typesupport_introspection_c
[8.758s] -- Found rosidl_adapter: 1.0.1 (/opt/ros/foxy/share/rosidl_adapter/cmake)
[9.503s] -- Found OpenSSL: /usr/lib/aarch64-linux-gnu/libcrypto.so (found version "1.1.1f")  
[9.780s] -- Found FastRTPS: /opt/ros/foxy/include  
[10.693s] -- Using all available rosidl_typesupport_cpp: rosidl_typesupport_fastrtps_cpp;rosidl_typesupport_introspection_cpp
[11.328s] -- Found rmw_implementation_cmake: 1.0.1 (/opt/ros/foxy/share/rmw_implementation_cmake/cmake)
[11.352s] -- Using RMW implementation 'rmw_fastrtps_cpp' as default
[11.367s] -- Looking for pthread.h
[12.085s] -- Looking for pthread.h - found
[12.088s] -- Performing Test CMAKE_HAVE_LIBC_PTHREAD
[12.777s] -- Performing Test CMAKE_HAVE_LIBC_PTHREAD - Failed
[12.779s] -- Looking for pthread_create in pthreads
[13.297s] -- Looking for pthread_create in pthreads - not found
[13.301s] -- Looking for pthread_create in pthread
[14.001s] -- Looking for pthread_create in pthread - found
[14.011s] -- Found Threads: TRUE  
[15.666s] -- Found rclcpp_components: 2.1.0 (/opt/ros/foxy/share/rclcpp_components/cmake)
[16.311s] -- Found sensor_msgs: 2.0.3 (/opt/ros/foxy/share/sensor_msgs/cmake)
[18.439s] CMake Error: The following variables are used in this project, but they are set to NOTFOUND.
[18.441s] Please set them or make sure they are set and tested correctly in the CMake files:
[18.442s] bcmhost_LIBS
[18.443s]     linked by target "raspicam_common" in directory /home/ubuntu/ros2_ws/src/raspicam2_node
[18.444s] mmal_LIBS
[18.445s]     linked by target "raspicam_common" in directory /home/ubuntu/ros2_ws/src/raspicam2_node
[18.448s] mmalcore_LIBS
[18.449s]     linked by target "raspicam_common" in directory /home/ubuntu/ros2_ws/src/raspicam2_node
[18.450s] mmalutil_LIBS
[18.451s]     linked by target "raspicam_common" in directory /home/ubuntu/ros2_ws/src/raspicam2_node
[18.452s] mmalvcclient_LIBS
[18.453s]     linked by target "raspicam_common" in directory /home/ubuntu/ros2_ws/src/raspicam2_node
[18.455s] vcos_LIBS
[18.473s]     linked by target "raspicam_common" in directory /home/ubuntu/ros2_ws/src/raspicam2_node
[18.474s] 
[18.475s] -- Configuring incomplete, errors occurred!
[18.477s] See also "/home/ubuntu/ros2_ws/build/raspicam2/CMakeFiles/CMakeOutput.log".
[18.478s] See also "/home/ubuntu/ros2_ws/build/raspicam2/CMakeFiles/CMakeError.log".
[18.517s] Invoked command in '/home/ubuntu/ros2_ws/build/raspicam2' returned '1': CMAKE_PREFIX_PATH=/opt/ros/foxy /usr/bin/cmake /home/ubuntu/ros2_ws/src/raspicam2_node -DCMAKE_INSTALL_PREFIX=/home/ubuntu/ros2_ws/install/raspicam2
