[35m[1mScanning dependencies of target opencv_cam_node[0m
[35m[1mScanning dependencies of target subscriber_node[0m
[ 12%] [32mBuilding CXX object CMakeFiles/subscriber_node.dir/src/subscriber_node.cpp.o[0m
[ 25%] [32mBuilding CXX object CMakeFiles/opencv_cam_node.dir/src/opencv_cam_node.cpp.o[0m
In file included from [01m[K/home/ubuntu/ros2_ws/src/opencv_cam/include/opencv_cam/opencv_cam_node.hpp:6[m[K,
                 from [01m[K/home/ubuntu/ros2_ws/src/opencv_cam/src/opencv_cam_node.cpp:1[m[K:
[01m[K/opt/ros/foxy/include/image_transport/image_transport.h:41:89:[m[K [01;36m[Knote: [m[K#pragma message: Warning: This header is deprecated. Use 'image_transport.hpp' instead
   41 | #pragma message ("Warning: This header is deprecated. Use 'image_transport.hpp' instead"[01;36m[K)[m[K
      |                                                                                         [01;36m[K^[m[K
In file included from [01m[K/home/ubuntu/ros2_ws/src/opencv_cam/src/opencv_cam_node.cpp:5[m[K:
[01m[K/opt/ros/foxy/include/camera_calibration_parsers/parse.h:41:79:[m[K [01;36m[Knote: [m[K#pragma message: Warning: This header is deprecated. Use 'parse.hpp' instead
   41 | #pragma message ("Warning: This header is deprecated. Use 'parse.hpp' instead"[01;36m[K)[m[K
      |                                                                               [01;36m[K^[m[K
In file included from [01m[K/home/ubuntu/ros2_ws/src/opencv_cam/include/opencv_cam/camera_context.hpp:7[m[K,
                 from [01m[K/home/ubuntu/ros2_ws/src/opencv_cam/include/opencv_cam/opencv_cam_node.hpp:4[m[K,
                 from [01m[K/home/ubuntu/ros2_ws/src/opencv_cam/src/opencv_cam_node.cpp:1[m[K:
[01m[K/home/ubuntu/ros2_ws/src/opencv_cam/src/opencv_cam_node.cpp:[m[K In constructor ‘[01m[Kopencv_cam::OpencvCamNode::OpencvCamNode(const rclcpp::NodeOptions&)[m[K’:
[01m[K/home/ubuntu/ros2_ws/install/ros2_shared/include/ros2_shared/context_macros.hpp:59:75:[m[K [01;35m[Kwarning: [m[K‘[01m[Krclcpp::Node::OnParametersSetCallbackType rclcpp::Node::set_on_parameters_set_callback(rclcpp::Node::OnParametersSetCallbackType)[m[K’ is deprecated: use add_on_set_parameters_callback(OnParametersSetCallbackType callback) instead [[01;35m[K-Wdeprecated-declarations[m[K]
   59 | [this, existing_callback = node_ref.set_on_parameters_set_callback(nullptr[01;35m[K)[m[K, the_logger = node_ref.get_logger()]\
      |                                                                           [01;35m[K^[m[K
[01m[K/home/ubuntu/ros2_ws/src/opencv_cam/src/opencv_cam_node.cpp:40:5:[m[K [01;36m[Knote: [m[Kin expansion of macro ‘[01m[KCXT_MACRO_REGISTER_PARAMETERS_CHANGED[m[K’
   40 |     [01;36m[KCXT_MACRO_REGISTER_PARAMETERS_CHANGED[m[K((*this), OPENCV_CAM_ALL_PARAMS, validate_parameters)
      |     [01;36m[K^~~~~~~~~~~~~~~~~~~~~~~~~~~~~~~~~~~~~[m[K
In file included from [01m[K/opt/ros/foxy/include/image_transport/image_transport.hpp:43[m[K,
                 from [01m[K/opt/ros/foxy/include/image_transport/image_transport.h:43[m[K,
                 from [01m[K/home/ubuntu/ros2_ws/src/opencv_cam/include/opencv_cam/opencv_cam_node.hpp:6[m[K,
                 from [01m[K/home/ubuntu/ros2_ws/src/opencv_cam/src/opencv_cam_node.cpp:1[m[K:
[01m[K/opt/ros/foxy/include/rclcpp/node.hpp:866:3:[m[K [01;36m[Knote: [m[Kdeclared here
  866 |   [01;36m[Kset_on_parameters_set_callback[m[K(rclcpp::Node::OnParametersSetCallbackType callback);
      |   [01;36m[K^~~~~~~~~~~~~~~~~~~~~~~~~~~~~~[m[K
In file included from [01m[K/home/ubuntu/ros2_ws/src/opencv_cam/include/opencv_cam/camera_context.hpp:7[m[K,
                 from [01m[K/home/ubuntu/ros2_ws/src/opencv_cam/include/opencv_cam/opencv_cam_node.hpp:4[m[K,
                 from [01m[K/home/ubuntu/ros2_ws/src/opencv_cam/src/opencv_cam_node.cpp:1[m[K:
[01m[K/home/ubuntu/ros2_ws/install/ros2_shared/include/ros2_shared/context_macros.hpp:76:2:[m[K [01;35m[Kwarning: [m[K‘[01m[Krclcpp::Node::OnParametersSetCallbackType rclcpp::Node::set_on_parameters_set_callback(rclcpp::Node::OnParametersSetCallbackType)[m[K’ is deprecated: use add_on_set_parameters_callback(OnParametersSetCallbackType callback) instead [[01;35m[K-Wdeprecated-declarations[m[K]
   76 | }[01;35m[K)[m[K;
      |  [01;35m[K^[m[K
[01m[K/home/ubuntu/ros2_ws/src/opencv_cam/src/opencv_cam_node.cpp:40:5:[m[K [01;36m[Knote: [m[Kin expansion of macro ‘[01m[KCXT_MACRO_REGISTER_PARAMETERS_CHANGED[m[K’
   40 |     [01;36m[KCXT_MACRO_REGISTER_PARAMETERS_CHANGED[m[K((*this), OPENCV_CAM_ALL_PARAMS, validate_parameters)
      |     [01;36m[K^~~~~~~~~~~~~~~~~~~~~~~~~~~~~~~~~~~~~[m[K
In file included from [01m[K/opt/ros/foxy/include/image_transport/image_transport.hpp:43[m[K,
                 from [01m[K/opt/ros/foxy/include/image_transport/image_transport.h:43[m[K,
                 from [01m[K/home/ubuntu/ros2_ws/src/opencv_cam/include/opencv_cam/opencv_cam_node.hpp:6[m[K,
                 from [01m[K/home/ubuntu/ros2_ws/src/opencv_cam/src/opencv_cam_node.cpp:1[m[K:
[01m[K/opt/ros/foxy/include/rclcpp/node.hpp:866:3:[m[K [01;36m[Knote: [m[Kdeclared here
  866 |   [01;36m[Kset_on_parameters_set_callback[m[K(rclcpp::Node::OnParametersSetCallbackType callback);
      |   [01;36m[K^~~~~~~~~~~~~~~~~~~~~~~~~~~~~~[m[K
make[2]: *** [CMakeFiles/opencv_cam_node.dir/build.make:63: CMakeFiles/opencv_cam_node.dir/src/opencv_cam_node.cpp.o] Interrupt
make[2]: *** [CMakeFiles/subscriber_node.dir/build.make:63: CMakeFiles/subscriber_node.dir/src/subscriber_node.cpp.o] Interrupt
make[1]: *** [CMakeFiles/Makefile2:139: CMakeFiles/subscriber_node.dir/all] Interrupt
make[1]: *** [CMakeFiles/Makefile2:166: CMakeFiles/opencv_cam_node.dir/all] Interrupt
make: *** [Makefile:141: all] Interrupt
