running egg_info
creating /home/ubuntu/ros2_ws/build/bno055/bno055.egg-info
writing /home/ubuntu/ros2_ws/build/bno055/bno055.egg-info/PKG-INFO
writing dependency_links to /home/ubuntu/ros2_ws/build/bno055/bno055.egg-info/dependency_links.txt
writing entry points to /home/ubuntu/ros2_ws/build/bno055/bno055.egg-info/entry_points.txt
writing requirements to /home/ubuntu/ros2_ws/build/bno055/bno055.egg-info/requires.txt
writing top-level names to /home/ubuntu/ros2_ws/build/bno055/bno055.egg-info/top_level.txt
writing manifest file '/home/ubuntu/ros2_ws/build/bno055/bno055.egg-info/SOURCES.txt'
reading manifest file '/home/ubuntu/ros2_ws/build/bno055/bno055.egg-info/SOURCES.txt'
writing manifest file '/home/ubuntu/ros2_ws/build/bno055/bno055.egg-info/SOURCES.txt'
running build
running build_py
creating /home/ubuntu/ros2_ws/build/bno055/build
creating /home/ubuntu/ros2_ws/build/bno055/build/lib
copying bno055.py -> /home/ubuntu/ros2_ws/build/bno055/build/lib
running install
running install_lib
copying /home/ubuntu/ros2_ws/build/bno055/build/lib/bno055.py -> /home/ubuntu/ros2_ws/install/bno055/lib/python3.8/site-packages
byte-compiling /home/ubuntu/ros2_ws/install/bno055/lib/python3.8/site-packages/bno055.py to bno055.cpython-38.pyc
running install_egg_info
Copying /home/ubuntu/ros2_ws/build/bno055/bno055.egg-info to /home/ubuntu/ros2_ws/install/bno055/lib/python3.8/site-packages/bno055-0.0.0-py3.8.egg-info
running install_scripts
Installing bno055 script to /home/ubuntu/ros2_ws/install/bno055/lib/bno055
writing list of installed files to '/home/ubuntu/ros2_ws/build/bno055/install.log'
