[0.120s] Invoking command in '/home/ubuntu/ros2_ws/build/apriltag_ros': CMAKE_PREFIX_PATH=/home/ubuntu/ros2_ws/install/apriltag_msgs:/home/ubuntu/ros2_ws/install/opencv_cam:/home/ubuntu/ros2_ws/install/ros2_shared:/home/ubuntu/ros2_ws/install/apriltag_ros:/home/ubuntu/ros2_ws/install/pi_car:/home/ubuntu/ros2_ws/install/bno055:/opt/ros/foxy LD_LIBRARY_PATH=/home/ubuntu/ros2_ws/install/apriltag_msgs/lib:/home/ubuntu/ros2_ws/install/opencv_cam/lib:/home/ubuntu/ros2_ws/install/apriltag_ros/lib:/opt/ros/foxy/opt/yaml_cpp_vendor/lib:/opt/ros/foxy/lib/aarch64-linux-gnu:/opt/ros/foxy/lib PYTHONPATH=/home/ubuntu/ros2_ws/install/apriltag_msgs/lib/python3.8/site-packages:/home/ubuntu/ros2_ws/install/pi_car/lib/python3.8/site-packages:/home/ubuntu/ros2_ws/install/bno055/lib/python3.8/site-packages:/opt/ros/foxy/lib/python3.8/site-packages /usr/bin/cmake --build /home/ubuntu/ros2_ws/build/apriltag_ros -- -j4 -l4
[0.900s] [100%] Built target AprilTagNode
[0.988s] Invoked command in '/home/ubuntu/ros2_ws/build/apriltag_ros' returned '0': CMAKE_PREFIX_PATH=/home/ubuntu/ros2_ws/install/apriltag_msgs:/home/ubuntu/ros2_ws/install/opencv_cam:/home/ubuntu/ros2_ws/install/ros2_shared:/home/ubuntu/ros2_ws/install/apriltag_ros:/home/ubuntu/ros2_ws/install/pi_car:/home/ubuntu/ros2_ws/install/bno055:/opt/ros/foxy LD_LIBRARY_PATH=/home/ubuntu/ros2_ws/install/apriltag_msgs/lib:/home/ubuntu/ros2_ws/install/opencv_cam/lib:/home/ubuntu/ros2_ws/install/apriltag_ros/lib:/opt/ros/foxy/opt/yaml_cpp_vendor/lib:/opt/ros/foxy/lib/aarch64-linux-gnu:/opt/ros/foxy/lib PYTHONPATH=/home/ubuntu/ros2_ws/install/apriltag_msgs/lib/python3.8/site-packages:/home/ubuntu/ros2_ws/install/pi_car/lib/python3.8/site-packages:/home/ubuntu/ros2_ws/install/bno055/lib/python3.8/site-packages:/opt/ros/foxy/lib/python3.8/site-packages /usr/bin/cmake --build /home/ubuntu/ros2_ws/build/apriltag_ros -- -j4 -l4
[1.231s] Invoking command in '/home/ubuntu/ros2_ws/build/apriltag_ros': CMAKE_PREFIX_PATH=/home/ubuntu/ros2_ws/install/apriltag_msgs:/home/ubuntu/ros2_ws/install/opencv_cam:/home/ubuntu/ros2_ws/install/ros2_shared:/home/ubuntu/ros2_ws/install/apriltag_ros:/home/ubuntu/ros2_ws/install/pi_car:/home/ubuntu/ros2_ws/install/bno055:/opt/ros/foxy LD_LIBRARY_PATH=/home/ubuntu/ros2_ws/install/apriltag_msgs/lib:/home/ubuntu/ros2_ws/install/opencv_cam/lib:/home/ubuntu/ros2_ws/install/apriltag_ros/lib:/opt/ros/foxy/opt/yaml_cpp_vendor/lib:/opt/ros/foxy/lib/aarch64-linux-gnu:/opt/ros/foxy/lib PYTHONPATH=/home/ubuntu/ros2_ws/install/apriltag_msgs/lib/python3.8/site-packages:/home/ubuntu/ros2_ws/install/pi_car/lib/python3.8/site-packages:/home/ubuntu/ros2_ws/install/bno055/lib/python3.8/site-packages:/opt/ros/foxy/lib/python3.8/site-packages /usr/bin/cmake --install /home/ubuntu/ros2_ws/build/apriltag_ros
[1.315s] -- Install configuration: ""
[1.317s] -- Up-to-date: /home/ubuntu/ros2_ws/install/apriltag_ros/share/apriltag_ros/environment/library_path.sh
[1.319s] -- Up-to-date: /home/ubuntu/ros2_ws/install/apriltag_ros/share/apriltag_ros/environment/library_path.dsv
[1.325s] -- Up-to-date: /home/ubuntu/ros2_ws/install/apriltag_ros/lib/libAprilTagNode.so
[1.329s] -- Up-to-date: /home/ubuntu/ros2_ws/install/apriltag_ros/share/apriltag_ros/cfg
[1.334s] -- Up-to-date: /home/ubuntu/ros2_ws/install/apriltag_ros/share/apriltag_ros/cfg/tags_36h11_all.yaml
[1.336s] -- Up-to-date: /home/ubuntu/ros2_ws/install/apriltag_ros/share/apriltag_ros/cfg/tags_16h5_all.yaml
[1.339s] -- Up-to-date: /home/ubuntu/ros2_ws/install/apriltag_ros/share/apriltag_ros/cfg/tags_16h5_filtered.yaml
[1.343s] -- Up-to-date: /home/ubuntu/ros2_ws/install/apriltag_ros/share/apriltag_ros/cfg/tags_25h7_all .yaml
[1.346s] -- Up-to-date: /home/ubuntu/ros2_ws/install/apriltag_ros/share/apriltag_ros/launch
[1.348s] -- Up-to-date: /home/ubuntu/ros2_ws/install/apriltag_ros/share/apriltag_ros/launch/36h11.launch.py
[1.351s] -- Up-to-date: /home/ubuntu/ros2_ws/install/apriltag_ros/share/apriltag_ros/launch/tag_16h5_all.launch.py
[1.355s] -- Up-to-date: /home/ubuntu/ros2_ws/install/apriltag_ros/share/ament_index/resource_index/package_run_dependencies/apriltag_ros
[1.358s] -- Up-to-date: /home/ubuntu/ros2_ws/install/apriltag_ros/share/ament_index/resource_index/parent_prefix_path/apriltag_ros
[1.359s] -- Up-to-date: /home/ubuntu/ros2_ws/install/apriltag_ros/share/apriltag_ros/environment/ament_prefix_path.sh
[1.361s] -- Up-to-date: /home/ubuntu/ros2_ws/install/apriltag_ros/share/apriltag_ros/environment/ament_prefix_path.dsv
[1.364s] -- Up-to-date: /home/ubuntu/ros2_ws/install/apriltag_ros/share/apriltag_ros/environment/path.sh
[1.366s] -- Up-to-date: /home/ubuntu/ros2_ws/install/apriltag_ros/share/apriltag_ros/environment/path.dsv
[1.368s] -- Up-to-date: /home/ubuntu/ros2_ws/install/apriltag_ros/share/apriltag_ros/local_setup.bash
[1.370s] -- Up-to-date: /home/ubuntu/ros2_ws/install/apriltag_ros/share/apriltag_ros/local_setup.sh
[1.372s] -- Up-to-date: /home/ubuntu/ros2_ws/install/apriltag_ros/share/apriltag_ros/local_setup.zsh
[1.373s] -- Up-to-date: /home/ubuntu/ros2_ws/install/apriltag_ros/share/apriltag_ros/local_setup.dsv
[1.375s] -- Installing: /home/ubuntu/ros2_ws/install/apriltag_ros/share/apriltag_ros/package.dsv
[1.377s] -- Up-to-date: /home/ubuntu/ros2_ws/install/apriltag_ros/share/ament_index/resource_index/packages/apriltag_ros
[1.381s] -- Up-to-date: /home/ubuntu/ros2_ws/install/apriltag_ros/share/ament_index/resource_index/rclcpp_components/apriltag_ros
[1.396s] -- Up-to-date: /home/ubuntu/ros2_ws/install/apriltag_ros/share/apriltag_ros/cmake/apriltag_rosConfig.cmake
[1.398s] -- Up-to-date: /home/ubuntu/ros2_ws/install/apriltag_ros/share/apriltag_ros/cmake/apriltag_rosConfig-version.cmake
[1.400s] -- Up-to-date: /home/ubuntu/ros2_ws/install/apriltag_ros/share/apriltag_ros/package.xml
[1.402s] Invoked command in '/home/ubuntu/ros2_ws/build/apriltag_ros' returned '0': CMAKE_PREFIX_PATH=/home/ubuntu/ros2_ws/install/apriltag_msgs:/home/ubuntu/ros2_ws/install/opencv_cam:/home/ubuntu/ros2_ws/install/ros2_shared:/home/ubuntu/ros2_ws/install/apriltag_ros:/home/ubuntu/ros2_ws/install/pi_car:/home/ubuntu/ros2_ws/install/bno055:/opt/ros/foxy LD_LIBRARY_PATH=/home/ubuntu/ros2_ws/install/apriltag_msgs/lib:/home/ubuntu/ros2_ws/install/opencv_cam/lib:/home/ubuntu/ros2_ws/install/apriltag_ros/lib:/opt/ros/foxy/opt/yaml_cpp_vendor/lib:/opt/ros/foxy/lib/aarch64-linux-gnu:/opt/ros/foxy/lib PYTHONPATH=/home/ubuntu/ros2_ws/install/apriltag_msgs/lib/python3.8/site-packages:/home/ubuntu/ros2_ws/install/pi_car/lib/python3.8/site-packages:/home/ubuntu/ros2_ws/install/bno055/lib/python3.8/site-packages:/opt/ros/foxy/lib/python3.8/site-packages /usr/bin/cmake --install /home/ubuntu/ros2_ws/build/apriltag_ros
