[0.218s] Invoking command in '/home/ubuntu/ros2_ws/build/apriltag_msgs': CMAKE_PREFIX_PATH=${CMAKE_PREFIX_PATH}:/home/ubuntu/ros2_ws/install/pi_car:/opt/ros/foxy /usr/bin/cmake --build /home/ubuntu/ros2_ws/build/apriltag_msgs -- -j4 -l4
[0.685s] [  2%] Built target apriltag_msgs__cpp
[0.724s] [ 12%] Built target apriltag_msgs__rosidl_generator_c
[0.956s] [ 23%] Built target apriltag_msgs__rosidl_typesupport_introspection_cpp
[0.990s] [ 34%] Built target apriltag_msgs__rosidl_typesupport_cpp
[0.997s] [ 44%] Built target apriltag_msgs__rosidl_typesupport_fastrtps_cpp
[1.039s] [ 55%] Built target apriltag_msgs__rosidl_typesupport_introspection_c
[1.182s] [ 65%] Built target apriltag_msgs__rosidl_typesupport_c
[1.243s] [ 76%] Built target apriltag_msgs__rosidl_typesupport_fastrtps_c
[1.407s] [ 76%] Built target apriltag_msgs
[1.578s] [ 78%] Built target apriltag_msgs__py
[1.808s] [ 87%] Built target apriltag_msgs__python
[2.048s] [ 95%] Built target apriltag_msgs__rosidl_typesupport_fastrtps_c__pyext
[2.050s] [ 95%] Built target apriltag_msgs__rosidl_typesupport_introspection_c__pyext
[2.054s] [100%] Built target apriltag_msgs__rosidl_typesupport_c__pyext
[2.482s] Invoked command in '/home/ubuntu/ros2_ws/build/apriltag_msgs' returned '0': CMAKE_PREFIX_PATH=${CMAKE_PREFIX_PATH}:/home/ubuntu/ros2_ws/install/pi_car:/opt/ros/foxy /usr/bin/cmake --build /home/ubuntu/ros2_ws/build/apriltag_msgs -- -j4 -l4
[3.306s] Invoking command in '/home/ubuntu/ros2_ws/build/apriltag_msgs': CMAKE_PREFIX_PATH=${CMAKE_PREFIX_PATH}:/home/ubuntu/ros2_ws/install/pi_car:/opt/ros/foxy /usr/bin/cmake --install /home/ubuntu/ros2_ws/build/apriltag_msgs
[3.381s] -- Install configuration: ""
[3.383s] -- Up-to-date: /home/ubuntu/ros2_ws/install/apriltag_msgs/share/ament_index/resource_index/rosidl_interfaces/apriltag_msgs
[3.384s] -- Up-to-date: /home/ubuntu/ros2_ws/install/apriltag_msgs/include/apriltag_msgs
[3.387s] -- Up-to-date: /home/ubuntu/ros2_ws/install/apriltag_msgs/include/apriltag_msgs/msg
[3.390s] -- Up-to-date: /home/ubuntu/ros2_ws/install/apriltag_msgs/include/apriltag_msgs/msg/point.h
[3.392s] -- Up-to-date: /home/ubuntu/ros2_ws/install/apriltag_msgs/include/apriltag_msgs/msg/april_tag_detection_array.h
[3.394s] -- Up-to-date: /home/ubuntu/ros2_ws/install/apriltag_msgs/include/apriltag_msgs/msg/april_tag_detection.h
[3.395s] -- Up-to-date: /home/ubuntu/ros2_ws/install/apriltag_msgs/include/apriltag_msgs/msg/detail
[3.396s] -- Up-to-date: /home/ubuntu/ros2_ws/install/apriltag_msgs/include/apriltag_msgs/msg/detail/april_tag_detection__functions.h
[3.399s] -- Up-to-date: /home/ubuntu/ros2_ws/install/apriltag_msgs/include/apriltag_msgs/msg/detail/april_tag_detection__struct.h
[3.401s] -- Up-to-date: /home/ubuntu/ros2_ws/install/apriltag_msgs/include/apriltag_msgs/msg/detail/point__functions.c
[3.405s] -- Up-to-date: /home/ubuntu/ros2_ws/install/apriltag_msgs/include/apriltag_msgs/msg/detail/april_tag_detection__functions.c
[3.406s] -- Up-to-date: /home/ubuntu/ros2_ws/install/apriltag_msgs/include/apriltag_msgs/msg/detail/point__functions.h
[3.414s] -- Up-to-date: /home/ubuntu/ros2_ws/install/apriltag_msgs/include/apriltag_msgs/msg/detail/april_tag_detection_array__type_support.h
[3.416s] -- Up-to-date: /home/ubuntu/ros2_ws/install/apriltag_msgs/include/apriltag_msgs/msg/detail/april_tag_detection_array__functions.c
[3.418s] -- Up-to-date: /home/ubuntu/ros2_ws/install/apriltag_msgs/include/apriltag_msgs/msg/detail/april_tag_detection_array__functions.h
[3.427s] -- Up-to-date: /home/ubuntu/ros2_ws/install/apriltag_msgs/include/apriltag_msgs/msg/detail/april_tag_detection__type_support.h
[3.428s] -- Up-to-date: /home/ubuntu/ros2_ws/install/apriltag_msgs/include/apriltag_msgs/msg/detail/point__type_support.h
[3.436s] -- Up-to-date: /home/ubuntu/ros2_ws/install/apriltag_msgs/include/apriltag_msgs/msg/detail/april_tag_detection_array__struct.h
[3.439s] -- Up-to-date: /home/ubuntu/ros2_ws/install/apriltag_msgs/include/apriltag_msgs/msg/detail/point__struct.h
[3.447s] -- Up-to-date: /home/ubuntu/ros2_ws/install/apriltag_msgs/include/apriltag_msgs/msg/rosidl_generator_c__visibility_control.h
[3.449s] -- Up-to-date: /home/ubuntu/ros2_ws/install/apriltag_msgs/share/apriltag_msgs/environment/library_path.sh
[3.451s] -- Up-to-date: /home/ubuntu/ros2_ws/install/apriltag_msgs/share/apriltag_msgs/environment/library_path.dsv
[3.452s] -- Up-to-date: /home/ubuntu/ros2_ws/install/apriltag_msgs/lib/libapriltag_msgs__rosidl_generator_c.so
[3.453s] -- Up-to-date: /home/ubuntu/ros2_ws/install/apriltag_msgs/include/apriltag_msgs
[3.461s] -- Up-to-date: /home/ubuntu/ros2_ws/install/apriltag_msgs/include/apriltag_msgs/msg
[3.463s] -- Up-to-date: /home/ubuntu/ros2_ws/install/apriltag_msgs/include/apriltag_msgs/msg/rosidl_typesupport_fastrtps_c__visibility_control.h
[3.465s] -- Up-to-date: /home/ubuntu/ros2_ws/install/apriltag_msgs/include/apriltag_msgs/msg/detail
[3.466s] -- Up-to-date: /home/ubuntu/ros2_ws/install/apriltag_msgs/include/apriltag_msgs/msg/detail/point__rosidl_typesupport_fastrtps_c.h
[3.468s] -- Up-to-date: /home/ubuntu/ros2_ws/install/apriltag_msgs/include/apriltag_msgs/msg/detail/april_tag_detection_array__rosidl_typesupport_fastrtps_c.h
[3.469s] -- Up-to-date: /home/ubuntu/ros2_ws/install/apriltag_msgs/include/apriltag_msgs/msg/detail/april_tag_detection__rosidl_typesupport_fastrtps_c.h
[3.483s] -- Up-to-date: /home/ubuntu/ros2_ws/install/apriltag_msgs/lib/libapriltag_msgs__rosidl_typesupport_fastrtps_c.so
[3.484s] -- Up-to-date: /home/ubuntu/ros2_ws/install/apriltag_msgs/include/apriltag_msgs
[3.485s] -- Up-to-date: /home/ubuntu/ros2_ws/install/apriltag_msgs/include/apriltag_msgs/msg
[3.487s] -- Up-to-date: /home/ubuntu/ros2_ws/install/apriltag_msgs/include/apriltag_msgs/msg/rosidl_typesupport_fastrtps_cpp__visibility_control.h
[3.488s] -- Up-to-date: /home/ubuntu/ros2_ws/install/apriltag_msgs/include/apriltag_msgs/msg/detail
[3.489s] -- Up-to-date: /home/ubuntu/ros2_ws/install/apriltag_msgs/include/apriltag_msgs/msg/detail/dds_fastrtps
[3.507s] -- Up-to-date: /home/ubuntu/ros2_ws/install/apriltag_msgs/include/apriltag_msgs/msg/detail/april_tag_detection_array__rosidl_typesupport_fastrtps_cpp.hpp
[3.508s] -- Up-to-date: /home/ubuntu/ros2_ws/install/apriltag_msgs/include/apriltag_msgs/msg/detail/point__rosidl_typesupport_fastrtps_cpp.hpp
[3.510s] -- Up-to-date: /home/ubuntu/ros2_ws/install/apriltag_msgs/include/apriltag_msgs/msg/detail/april_tag_detection__rosidl_typesupport_fastrtps_cpp.hpp
[3.511s] -- Up-to-date: /home/ubuntu/ros2_ws/install/apriltag_msgs/lib/libapriltag_msgs__rosidl_typesupport_fastrtps_cpp.so
[3.512s] -- Up-to-date: /home/ubuntu/ros2_ws/install/apriltag_msgs/include/apriltag_msgs
[3.514s] -- Up-to-date: /home/ubuntu/ros2_ws/install/apriltag_msgs/include/apriltag_msgs/msg
[3.517s] -- Up-to-date: /home/ubuntu/ros2_ws/install/apriltag_msgs/include/apriltag_msgs/msg/detail
[3.519s] -- Up-to-date: /home/ubuntu/ros2_ws/install/apriltag_msgs/include/apriltag_msgs/msg/detail/april_tag_detection__type_support.c
[3.520s] -- Up-to-date: /home/ubuntu/ros2_ws/install/apriltag_msgs/include/apriltag_msgs/msg/detail/april_tag_detection__rosidl_typesupport_introspection_c.h
[3.522s] -- Up-to-date: /home/ubuntu/ros2_ws/install/apriltag_msgs/include/apriltag_msgs/msg/detail/april_tag_detection_array__type_support.c
[3.523s] -- Up-to-date: /home/ubuntu/ros2_ws/install/apriltag_msgs/include/apriltag_msgs/msg/detail/point__type_support.c
[3.524s] -- Up-to-date: /home/ubuntu/ros2_ws/install/apriltag_msgs/include/apriltag_msgs/msg/detail/point__rosidl_typesupport_introspection_c.h
[3.525s] -- Up-to-date: /home/ubuntu/ros2_ws/install/apriltag_msgs/include/apriltag_msgs/msg/detail/april_tag_detection_array__rosidl_typesupport_introspection_c.h
[3.527s] -- Up-to-date: /home/ubuntu/ros2_ws/install/apriltag_msgs/include/apriltag_msgs/msg/rosidl_typesupport_introspection_c__visibility_control.h
[3.528s] -- Up-to-date: /home/ubuntu/ros2_ws/install/apriltag_msgs/lib/libapriltag_msgs__rosidl_typesupport_introspection_c.so
[3.529s] -- Up-to-date: /home/ubuntu/ros2_ws/install/apriltag_msgs/lib/libapriltag_msgs__rosidl_typesupport_c.so
[3.542s] -- Up-to-date: /home/ubuntu/ros2_ws/install/apriltag_msgs/include/apriltag_msgs
[3.543s] -- Up-to-date: /home/ubuntu/ros2_ws/install/apriltag_msgs/include/apriltag_msgs/msg
[3.544s] -- Up-to-date: /home/ubuntu/ros2_ws/install/apriltag_msgs/include/apriltag_msgs/msg/april_tag_detection.hpp
[3.546s] -- Up-to-date: /home/ubuntu/ros2_ws/install/apriltag_msgs/include/apriltag_msgs/msg/detail
[3.547s] -- Up-to-date: /home/ubuntu/ros2_ws/install/apriltag_msgs/include/apriltag_msgs/msg/detail/april_tag_detection_array__builder.hpp
[3.549s] -- Up-to-date: /home/ubuntu/ros2_ws/install/apriltag_msgs/include/apriltag_msgs/msg/detail/april_tag_detection__builder.hpp
[3.550s] -- Up-to-date: /home/ubuntu/ros2_ws/install/apriltag_msgs/include/apriltag_msgs/msg/detail/april_tag_detection_array__traits.hpp
[3.551s] -- Up-to-date: /home/ubuntu/ros2_ws/install/apriltag_msgs/include/apriltag_msgs/msg/detail/april_tag_detection__traits.hpp
[3.552s] -- Up-to-date: /home/ubuntu/ros2_ws/install/apriltag_msgs/include/apriltag_msgs/msg/detail/point__builder.hpp
[3.553s] -- Up-to-date: /home/ubuntu/ros2_ws/install/apriltag_msgs/include/apriltag_msgs/msg/detail/april_tag_detection_array__struct.hpp
[3.568s] -- Up-to-date: /home/ubuntu/ros2_ws/install/apriltag_msgs/include/apriltag_msgs/msg/detail/point__struct.hpp
[3.569s] -- Up-to-date: /home/ubuntu/ros2_ws/install/apriltag_msgs/include/apriltag_msgs/msg/detail/point__traits.hpp
[3.571s] -- Up-to-date: /home/ubuntu/ros2_ws/install/apriltag_msgs/include/apriltag_msgs/msg/detail/april_tag_detection__struct.hpp
[3.572s] -- Up-to-date: /home/ubuntu/ros2_ws/install/apriltag_msgs/include/apriltag_msgs/msg/point.hpp
[3.586s] -- Up-to-date: /home/ubuntu/ros2_ws/install/apriltag_msgs/include/apriltag_msgs/msg/april_tag_detection_array.hpp
[3.587s] -- Up-to-date: /home/ubuntu/ros2_ws/install/apriltag_msgs/include/apriltag_msgs
[3.588s] -- Up-to-date: /home/ubuntu/ros2_ws/install/apriltag_msgs/include/apriltag_msgs/msg
[3.589s] -- Up-to-date: /home/ubuntu/ros2_ws/install/apriltag_msgs/include/apriltag_msgs/msg/detail
[3.591s] -- Up-to-date: /home/ubuntu/ros2_ws/install/apriltag_msgs/include/apriltag_msgs/msg/detail/point__rosidl_typesupport_introspection_cpp.hpp
[3.592s] -- Up-to-date: /home/ubuntu/ros2_ws/install/apriltag_msgs/include/apriltag_msgs/msg/detail/april_tag_detection_array__type_support.cpp
[3.593s] -- Up-to-date: /home/ubuntu/ros2_ws/install/apriltag_msgs/include/apriltag_msgs/msg/detail/april_tag_detection_array__rosidl_typesupport_introspection_cpp.hpp
[3.595s] -- Up-to-date: /home/ubuntu/ros2_ws/install/apriltag_msgs/include/apriltag_msgs/msg/detail/point__type_support.cpp
[3.596s] -- Up-to-date: /home/ubuntu/ros2_ws/install/apriltag_msgs/include/apriltag_msgs/msg/detail/april_tag_detection__type_support.cpp
[3.597s] -- Up-to-date: /home/ubuntu/ros2_ws/install/apriltag_msgs/include/apriltag_msgs/msg/detail/april_tag_detection__rosidl_typesupport_introspection_cpp.hpp
[3.599s] -- Up-to-date: /home/ubuntu/ros2_ws/install/apriltag_msgs/lib/libapriltag_msgs__rosidl_typesupport_introspection_cpp.so
[3.600s] -- Up-to-date: /home/ubuntu/ros2_ws/install/apriltag_msgs/lib/libapriltag_msgs__rosidl_typesupport_cpp.so
[3.601s] -- Up-to-date: /home/ubuntu/ros2_ws/install/apriltag_msgs/share/apriltag_msgs/environment/pythonpath.sh
[3.602s] -- Up-to-date: /home/ubuntu/ros2_ws/install/apriltag_msgs/share/apriltag_msgs/environment/pythonpath.dsv
[3.604s] -- Up-to-date: /home/ubuntu/ros2_ws/install/apriltag_msgs/lib/python3.8/site-packages/apriltag_msgs/__init__.py
[3.852s] -- Up-to-date: /home/ubuntu/ros2_ws/install/apriltag_msgs/lib/python3.8/site-packages/apriltag_msgs/msg
[3.855s] -- Up-to-date: /home/ubuntu/ros2_ws/install/apriltag_msgs/lib/python3.8/site-packages/apriltag_msgs/msg/_april_tag_detection.py
[3.856s] -- Up-to-date: /home/ubuntu/ros2_ws/install/apriltag_msgs/lib/python3.8/site-packages/apriltag_msgs/msg/_april_tag_detection_array_s.c
[3.857s] -- Up-to-date: /home/ubuntu/ros2_ws/install/apriltag_msgs/lib/python3.8/site-packages/apriltag_msgs/msg/__init__.py
[3.859s] -- Up-to-date: /home/ubuntu/ros2_ws/install/apriltag_msgs/lib/python3.8/site-packages/apriltag_msgs/msg/_april_tag_detection_array.py
[3.860s] -- Up-to-date: /home/ubuntu/ros2_ws/install/apriltag_msgs/lib/python3.8/site-packages/apriltag_msgs/msg/_point.py
[3.862s] -- Up-to-date: /home/ubuntu/ros2_ws/install/apriltag_msgs/lib/python3.8/site-packages/apriltag_msgs/msg/_april_tag_detection_s.c
[3.863s] -- Up-to-date: /home/ubuntu/ros2_ws/install/apriltag_msgs/lib/python3.8/site-packages/apriltag_msgs/msg/_point_s.c
[3.865s] -- Up-to-date: /home/ubuntu/ros2_ws/install/apriltag_msgs/lib/python3.8/site-packages/apriltag_msgs/apriltag_msgs_s__rosidl_typesupport_fastrtps_c.cpython-38-aarch64-linux-gnu.so
[3.872s] -- Up-to-date: /home/ubuntu/ros2_ws/install/apriltag_msgs/lib/python3.8/site-packages/apriltag_msgs/apriltag_msgs_s__rosidl_typesupport_introspection_c.cpython-38-aarch64-linux-gnu.so
[3.881s] -- Up-to-date: /home/ubuntu/ros2_ws/install/apriltag_msgs/lib/python3.8/site-packages/apriltag_msgs/apriltag_msgs_s__rosidl_typesupport_c.cpython-38-aarch64-linux-gnu.so
[3.890s] -- Up-to-date: /home/ubuntu/ros2_ws/install/apriltag_msgs/lib/libapriltag_msgs__python.so
[3.895s] -- Up-to-date: /home/ubuntu/ros2_ws/install/apriltag_msgs/share/apriltag_msgs/msg/Point.idl
[3.898s] -- Up-to-date: /home/ubuntu/ros2_ws/install/apriltag_msgs/share/apriltag_msgs/msg/AprilTagDetection.idl
[3.901s] -- Up-to-date: /home/ubuntu/ros2_ws/install/apriltag_msgs/share/apriltag_msgs/msg/AprilTagDetectionArray.idl
[3.904s] -- Up-to-date: /home/ubuntu/ros2_ws/install/apriltag_msgs/share/apriltag_msgs/msg/Point.msg
[3.907s] -- Up-to-date: /home/ubuntu/ros2_ws/install/apriltag_msgs/share/apriltag_msgs/msg/AprilTagDetection.msg
[3.911s] -- Up-to-date: /home/ubuntu/ros2_ws/install/apriltag_msgs/share/apriltag_msgs/msg/AprilTagDetectionArray.msg
[3.915s] -- Up-to-date: /home/ubuntu/ros2_ws/install/apriltag_msgs/share/ament_index/resource_index/package_run_dependencies/apriltag_msgs
[3.917s] -- Up-to-date: /home/ubuntu/ros2_ws/install/apriltag_msgs/share/ament_index/resource_index/parent_prefix_path/apriltag_msgs
[3.920s] -- Up-to-date: /home/ubuntu/ros2_ws/install/apriltag_msgs/share/apriltag_msgs/environment/ament_prefix_path.sh
[3.924s] -- Up-to-date: /home/ubuntu/ros2_ws/install/apriltag_msgs/share/apriltag_msgs/environment/ament_prefix_path.dsv
[3.926s] -- Up-to-date: /home/ubuntu/ros2_ws/install/apriltag_msgs/share/apriltag_msgs/environment/path.sh
[3.930s] -- Up-to-date: /home/ubuntu/ros2_ws/install/apriltag_msgs/share/apriltag_msgs/environment/path.dsv
[3.933s] -- Up-to-date: /home/ubuntu/ros2_ws/install/apriltag_msgs/share/apriltag_msgs/local_setup.bash
[3.936s] -- Up-to-date: /home/ubuntu/ros2_ws/install/apriltag_msgs/share/apriltag_msgs/local_setup.sh
[3.939s] -- Up-to-date: /home/ubuntu/ros2_ws/install/apriltag_msgs/share/apriltag_msgs/local_setup.zsh
[3.942s] -- Up-to-date: /home/ubuntu/ros2_ws/install/apriltag_msgs/share/apriltag_msgs/local_setup.dsv
[3.945s] -- Installing: /home/ubuntu/ros2_ws/install/apriltag_msgs/share/apriltag_msgs/package.dsv
[3.949s] -- Up-to-date: /home/ubuntu/ros2_ws/install/apriltag_msgs/share/ament_index/resource_index/packages/apriltag_msgs
[3.953s] -- Up-to-date: /home/ubuntu/ros2_ws/install/apriltag_msgs/share/apriltag_msgs/cmake/apriltag_msgs__rosidl_generator_cExport.cmake
[3.956s] -- Up-to-date: /home/ubuntu/ros2_ws/install/apriltag_msgs/share/apriltag_msgs/cmake/apriltag_msgs__rosidl_generator_cExport-noconfig.cmake
[3.960s] -- Up-to-date: /home/ubuntu/ros2_ws/install/apriltag_msgs/share/apriltag_msgs/cmake/apriltag_msgs__rosidl_typesupport_introspection_cExport.cmake
[3.963s] -- Up-to-date: /home/ubuntu/ros2_ws/install/apriltag_msgs/share/apriltag_msgs/cmake/apriltag_msgs__rosidl_typesupport_introspection_cExport-noconfig.cmake
[3.967s] -- Up-to-date: /home/ubuntu/ros2_ws/install/apriltag_msgs/share/apriltag_msgs/cmake/apriltag_msgs__rosidl_typesupport_cExport.cmake
[3.972s] -- Up-to-date: /home/ubuntu/ros2_ws/install/apriltag_msgs/share/apriltag_msgs/cmake/apriltag_msgs__rosidl_typesupport_cExport-noconfig.cmake
[3.976s] -- Up-to-date: /home/ubuntu/ros2_ws/install/apriltag_msgs/share/apriltag_msgs/cmake/apriltag_msgs__rosidl_generator_cppExport.cmake
[3.980s] -- Up-to-date: /home/ubuntu/ros2_ws/install/apriltag_msgs/share/apriltag_msgs/cmake/apriltag_msgs__rosidl_typesupport_introspection_cppExport.cmake
[3.983s] -- Up-to-date: /home/ubuntu/ros2_ws/install/apriltag_msgs/share/apriltag_msgs/cmake/apriltag_msgs__rosidl_typesupport_introspection_cppExport-noconfig.cmake
[3.987s] -- Up-to-date: /home/ubuntu/ros2_ws/install/apriltag_msgs/share/apriltag_msgs/cmake/apriltag_msgs__rosidl_typesupport_cppExport.cmake
[3.989s] -- Up-to-date: /home/ubuntu/ros2_ws/install/apriltag_msgs/share/apriltag_msgs/cmake/apriltag_msgs__rosidl_typesupport_cppExport-noconfig.cmake
[3.992s] -- Up-to-date: /home/ubuntu/ros2_ws/install/apriltag_msgs/share/apriltag_msgs/cmake/rosidl_cmake-extras.cmake
[3.995s] -- Up-to-date: /home/ubuntu/ros2_ws/install/apriltag_msgs/share/apriltag_msgs/cmake/ament_cmake_export_dependencies-extras.cmake
[3.998s] -- Up-to-date: /home/ubuntu/ros2_ws/install/apriltag_msgs/share/apriltag_msgs/cmake/ament_cmake_export_libraries-extras.cmake
[4.000s] -- Up-to-date: /home/ubuntu/ros2_ws/install/apriltag_msgs/share/apriltag_msgs/cmake/ament_cmake_export_targets-extras.cmake
[4.003s] -- Up-to-date: /home/ubuntu/ros2_ws/install/apriltag_msgs/share/apriltag_msgs/cmake/ament_cmake_export_include_directories-extras.cmake
[4.006s] -- Up-to-date: /home/ubuntu/ros2_ws/install/apriltag_msgs/share/apriltag_msgs/cmake/rosidl_cmake_export_typesupport_libraries-extras.cmake
[4.009s] -- Up-to-date: /home/ubuntu/ros2_ws/install/apriltag_msgs/share/apriltag_msgs/cmake/rosidl_cmake_export_typesupport_targets-extras.cmake
[4.012s] -- Up-to-date: /home/ubuntu/ros2_ws/install/apriltag_msgs/share/apriltag_msgs/cmake/apriltag_msgsConfig.cmake
[4.015s] -- Up-to-date: /home/ubuntu/ros2_ws/install/apriltag_msgs/share/apriltag_msgs/cmake/apriltag_msgsConfig-version.cmake
[4.016s] -- Up-to-date: /home/ubuntu/ros2_ws/install/apriltag_msgs/share/apriltag_msgs/package.xml
[4.041s] Invoked command in '/home/ubuntu/ros2_ws/build/apriltag_msgs' returned '0': CMAKE_PREFIX_PATH=${CMAKE_PREFIX_PATH}:/home/ubuntu/ros2_ws/install/pi_car:/opt/ros/foxy /usr/bin/cmake --install /home/ubuntu/ros2_ws/build/apriltag_msgs
