[0.193s] Invoking command in '/home/ubuntu/ros2_ws/build/bno055_driver': CMAKE_PREFIX_PATH=${CMAKE_PREFIX_PATH}:/home/ubuntu/ros2_ws/install/pi_car:/home/ubuntu/ros2_ws/install/bno055:/opt/ros/foxy /usr/bin/cmake /home/ubuntu/ros2_ws/src/ros2_bno055_driver -DCMAKE_INSTALL_PREFIX=/home/ubuntu/ros2_ws/install/bno055_driver
[2.339s] -- The C compiler identification is GNU 9.3.0
[3.881s] -- The CXX compiler identification is GNU 9.3.0
[3.931s] -- Check for working C compiler: /usr/bin/cc
[4.740s] -- Check for working C compiler: /usr/bin/cc -- works
[4.817s] -- Detecting C compiler ABI info
[5.426s] -- Detecting C compiler ABI info - done
[5.527s] -- Detecting C compile features
[5.530s] -- Detecting C compile features - done
[5.557s] -- Check for working CXX compiler: /usr/bin/c++
[6.230s] -- Check for working CXX compiler: /usr/bin/c++ -- works
[6.234s] -- Detecting CXX compiler ABI info
[6.945s] -- Detecting CXX compiler ABI info - done
[7.048s] -- Detecting CXX compile features
[7.053s] -- Detecting CXX compile features - done
[7.096s] -- Found ament_cmake: 0.9.6 (/opt/ros/foxy/share/ament_cmake/cmake)
[7.402s] -- Found PythonInterp: /usr/bin/python3 (found suitable version "3.8.2", minimum required is "3") 
[7.404s] -- Using PYTHON_EXECUTABLE: /usr/bin/python3
[9.734s] -- Found diagnostic_msgs: 2.0.3 (/opt/ros/foxy/share/diagnostic_msgs/cmake)
[10.030s] -- Using all available rosidl_typesupport_c: rosidl_typesupport_fastrtps_c;rosidl_typesupport_introspection_c
[10.143s] -- Found rosidl_adapter: 1.0.1 (/opt/ros/foxy/share/rosidl_adapter/cmake)
[10.944s] -- Found OpenSSL: /usr/lib/aarch64-linux-gnu/libcrypto.so (found version "1.1.1f")  
[11.201s] -- Found FastRTPS: /opt/ros/foxy/include  
[12.098s] -- Using all available rosidl_typesupport_cpp: rosidl_typesupport_fastrtps_cpp;rosidl_typesupport_introspection_cpp
[12.939s] -- Found lifecycle_msgs: 1.0.0 (/opt/ros/foxy/share/lifecycle_msgs/cmake)
[13.059s] -- Found rclcpp: 2.1.0 (/opt/ros/foxy/share/rclcpp/cmake)
[13.605s] -- Found rmw_implementation_cmake: 1.0.1 (/opt/ros/foxy/share/rmw_implementation_cmake/cmake)
[13.623s] -- Using RMW implementation 'rmw_fastrtps_cpp' as default
[13.635s] -- Looking for pthread.h
[14.253s] -- Looking for pthread.h - found
[14.263s] -- Performing Test CMAKE_HAVE_LIBC_PTHREAD
[14.837s] -- Performing Test CMAKE_HAVE_LIBC_PTHREAD - Failed
[14.839s] -- Looking for pthread_create in pthreads
[15.301s] -- Looking for pthread_create in pthreads - not found
[15.303s] -- Looking for pthread_create in pthread
[15.871s] -- Looking for pthread_create in pthread - found
[15.881s] -- Found Threads: TRUE  
[17.304s] -- Found rclcpp_components: 2.1.0 (/opt/ros/foxy/share/rclcpp_components/cmake)
[17.925s] -- Found rclcpp_lifecycle: 2.1.0 (/opt/ros/foxy/share/rclcpp_lifecycle/cmake)
[18.123s] -- Found sensor_msgs: 2.0.3 (/opt/ros/foxy/share/sensor_msgs/cmake)
[19.276s] CMake Error at CMakeLists.txt:26 (find_package):
[19.277s]   By not providing "Findserial.cmake" in CMAKE_MODULE_PATH this project has
[19.278s]   asked CMake to find a package configuration file provided by "serial", but
[19.279s]   CMake did not find one.
[19.279s] 
[19.280s]   Could not find a package configuration file provided by "serial" with any
[19.281s]   of the following names:
[19.281s] 
[19.282s]     serialConfig.cmake
[19.283s]     serial-config.cmake
[19.283s] 
[19.284s]   Add the installation prefix of "serial" to CMAKE_PREFIX_PATH or set
[19.285s]   "serial_DIR" to a directory containing one of the above files.  If "serial"
[19.285s]   provides a separate development package or SDK, be sure it has been
[19.286s]   installed.
[19.286s] 
[19.287s] 
[19.308s] -- Configuring incomplete, errors occurred!
[19.309s] See also "/home/ubuntu/ros2_ws/build/bno055_driver/CMakeFiles/CMakeOutput.log".
[19.309s] See also "/home/ubuntu/ros2_ws/build/bno055_driver/CMakeFiles/CMakeError.log".
[19.364s] Invoked command in '/home/ubuntu/ros2_ws/build/bno055_driver' returned '1': CMAKE_PREFIX_PATH=${CMAKE_PREFIX_PATH}:/home/ubuntu/ros2_ws/install/pi_car:/home/ubuntu/ros2_ws/install/bno055:/opt/ros/foxy /usr/bin/cmake /home/ubuntu/ros2_ws/src/ros2_bno055_driver -DCMAKE_INSTALL_PREFIX=/home/ubuntu/ros2_ws/install/bno055_driver
