[0.214s] Invoking command in '/home/ubuntu/ros2_ws/build/apriltag_msgs': CMAKE_PREFIX_PATH=/opt/ros/foxy /usr/bin/cmake --build /home/ubuntu/ros2_ws/build/apriltag_msgs -- -j4 -l4
[0.674s] [  2%] Built target apriltag_msgs__cpp
[0.700s] [ 12%] Built target apriltag_msgs__rosidl_generator_c
[0.941s] [ 23%] Built target apriltag_msgs__rosidl_typesupport_fastrtps_cpp
[0.953s] [ 34%] Built target apriltag_msgs__rosidl_typesupport_cpp
[1.000s] [ 44%] Built target apriltag_msgs__rosidl_typesupport_introspection_c
[1.029s] [ 55%] Built target apriltag_msgs__rosidl_typesupport_introspection_cpp
[1.183s] [ 65%] Built target apriltag_msgs__rosidl_typesupport_c
[1.198s] [ 76%] Built target apriltag_msgs__rosidl_typesupport_fastrtps_c
[1.352s] [ 76%] Built target apriltag_msgs
[1.515s] [ 78%] Built target apriltag_msgs__py
[1.739s] [ 87%] Built target apriltag_msgs__python
[1.974s] [ 91%] Built target apriltag_msgs__rosidl_typesupport_introspection_c__pyext
[1.977s] [ 95%] Built target apriltag_msgs__rosidl_typesupport_c__pyext
[1.981s] [100%] Built target apriltag_msgs__rosidl_typesupport_fastrtps_c__pyext
[2.565s] Invoked command in '/home/ubuntu/ros2_ws/build/apriltag_msgs' returned '0': CMAKE_PREFIX_PATH=/opt/ros/foxy /usr/bin/cmake --build /home/ubuntu/ros2_ws/build/apriltag_msgs -- -j4 -l4
[3.364s] Invoking command in '/home/ubuntu/ros2_ws/build/apriltag_msgs': CMAKE_PREFIX_PATH=/opt/ros/foxy /usr/bin/cmake --install /home/ubuntu/ros2_ws/build/apriltag_msgs
[3.445s] -- Install configuration: ""
[3.447s] -- Installing: /home/ubuntu/ros2_ws/install/apriltag_msgs/share/ament_index/resource_index/rosidl_interfaces/apriltag_msgs
[3.450s] -- Installing: /home/ubuntu/ros2_ws/install/apriltag_msgs/include/apriltag_msgs
[3.452s] -- Installing: /home/ubuntu/ros2_ws/install/apriltag_msgs/include/apriltag_msgs/msg
[3.455s] -- Installing: /home/ubuntu/ros2_ws/install/apriltag_msgs/include/apriltag_msgs/msg/point.h
[3.457s] -- Installing: /home/ubuntu/ros2_ws/install/apriltag_msgs/include/apriltag_msgs/msg/april_tag_detection_array.h
[3.459s] -- Installing: /home/ubuntu/ros2_ws/install/apriltag_msgs/include/apriltag_msgs/msg/april_tag_detection.h
[3.461s] -- Installing: /home/ubuntu/ros2_ws/install/apriltag_msgs/include/apriltag_msgs/msg/detail
[3.463s] -- Installing: /home/ubuntu/ros2_ws/install/apriltag_msgs/include/apriltag_msgs/msg/detail/april_tag_detection__functions.h
[3.465s] -- Installing: /home/ubuntu/ros2_ws/install/apriltag_msgs/include/apriltag_msgs/msg/detail/april_tag_detection__struct.h
[3.466s] -- Installing: /home/ubuntu/ros2_ws/install/apriltag_msgs/include/apriltag_msgs/msg/detail/point__functions.c
[3.468s] -- Installing: /home/ubuntu/ros2_ws/install/apriltag_msgs/include/apriltag_msgs/msg/detail/april_tag_detection__functions.c
[3.470s] -- Installing: /home/ubuntu/ros2_ws/install/apriltag_msgs/include/apriltag_msgs/msg/detail/point__functions.h
[3.472s] -- Installing: /home/ubuntu/ros2_ws/install/apriltag_msgs/include/apriltag_msgs/msg/detail/april_tag_detection_array__type_support.h
[3.474s] -- Installing: /home/ubuntu/ros2_ws/install/apriltag_msgs/include/apriltag_msgs/msg/detail/april_tag_detection_array__functions.c
[3.477s] -- Installing: /home/ubuntu/ros2_ws/install/apriltag_msgs/include/apriltag_msgs/msg/detail/april_tag_detection_array__functions.h
[3.479s] -- Installing: /home/ubuntu/ros2_ws/install/apriltag_msgs/include/apriltag_msgs/msg/detail/april_tag_detection__type_support.h
[3.481s] -- Installing: /home/ubuntu/ros2_ws/install/apriltag_msgs/include/apriltag_msgs/msg/detail/point__type_support.h
[3.483s] -- Installing: /home/ubuntu/ros2_ws/install/apriltag_msgs/include/apriltag_msgs/msg/detail/april_tag_detection_array__struct.h
[3.485s] -- Installing: /home/ubuntu/ros2_ws/install/apriltag_msgs/include/apriltag_msgs/msg/detail/point__struct.h
[3.487s] -- Installing: /home/ubuntu/ros2_ws/install/apriltag_msgs/include/apriltag_msgs/msg/rosidl_generator_c__visibility_control.h
[3.491s] -- Installing: /home/ubuntu/ros2_ws/install/apriltag_msgs/share/apriltag_msgs/environment/library_path.sh
[3.493s] -- Installing: /home/ubuntu/ros2_ws/install/apriltag_msgs/share/apriltag_msgs/environment/library_path.dsv
[3.497s] -- Installing: /home/ubuntu/ros2_ws/install/apriltag_msgs/lib/libapriltag_msgs__rosidl_generator_c.so
[3.503s] -- Set runtime path of "/home/ubuntu/ros2_ws/install/apriltag_msgs/lib/libapriltag_msgs__rosidl_generator_c.so" to ""
[3.505s] -- Up-to-date: /home/ubuntu/ros2_ws/install/apriltag_msgs/include/apriltag_msgs
[3.508s] -- Up-to-date: /home/ubuntu/ros2_ws/install/apriltag_msgs/include/apriltag_msgs/msg
[3.510s] -- Installing: /home/ubuntu/ros2_ws/install/apriltag_msgs/include/apriltag_msgs/msg/rosidl_typesupport_fastrtps_c__visibility_control.h
[3.512s] -- Up-to-date: /home/ubuntu/ros2_ws/install/apriltag_msgs/include/apriltag_msgs/msg/detail
[3.522s] -- Installing: /home/ubuntu/ros2_ws/install/apriltag_msgs/include/apriltag_msgs/msg/detail/point__rosidl_typesupport_fastrtps_c.h
[3.524s] -- Installing: /home/ubuntu/ros2_ws/install/apriltag_msgs/include/apriltag_msgs/msg/detail/april_tag_detection_array__rosidl_typesupport_fastrtps_c.h
[3.529s] -- Installing: /home/ubuntu/ros2_ws/install/apriltag_msgs/include/apriltag_msgs/msg/detail/april_tag_detection__rosidl_typesupport_fastrtps_c.h
[3.530s] -- Installing: /home/ubuntu/ros2_ws/install/apriltag_msgs/lib/libapriltag_msgs__rosidl_typesupport_fastrtps_c.so
[3.537s] -- Set runtime path of "/home/ubuntu/ros2_ws/install/apriltag_msgs/lib/libapriltag_msgs__rosidl_typesupport_fastrtps_c.so" to ""
[3.538s] -- Up-to-date: /home/ubuntu/ros2_ws/install/apriltag_msgs/include/apriltag_msgs
[3.539s] -- Up-to-date: /home/ubuntu/ros2_ws/install/apriltag_msgs/include/apriltag_msgs/msg
[3.543s] -- Installing: /home/ubuntu/ros2_ws/install/apriltag_msgs/include/apriltag_msgs/msg/rosidl_typesupport_fastrtps_cpp__visibility_control.h
[3.544s] -- Up-to-date: /home/ubuntu/ros2_ws/install/apriltag_msgs/include/apriltag_msgs/msg/detail
[3.546s] -- Installing: /home/ubuntu/ros2_ws/install/apriltag_msgs/include/apriltag_msgs/msg/detail/dds_fastrtps
[3.547s] -- Installing: /home/ubuntu/ros2_ws/install/apriltag_msgs/include/apriltag_msgs/msg/detail/april_tag_detection_array__rosidl_typesupport_fastrtps_cpp.hpp
[3.548s] -- Installing: /home/ubuntu/ros2_ws/install/apriltag_msgs/include/apriltag_msgs/msg/detail/point__rosidl_typesupport_fastrtps_cpp.hpp
[3.561s] -- Installing: /home/ubuntu/ros2_ws/install/apriltag_msgs/include/apriltag_msgs/msg/detail/april_tag_detection__rosidl_typesupport_fastrtps_cpp.hpp
[3.563s] -- Installing: /home/ubuntu/ros2_ws/install/apriltag_msgs/lib/libapriltag_msgs__rosidl_typesupport_fastrtps_cpp.so
[3.565s] -- Set runtime path of "/home/ubuntu/ros2_ws/install/apriltag_msgs/lib/libapriltag_msgs__rosidl_typesupport_fastrtps_cpp.so" to ""
[3.577s] -- Up-to-date: /home/ubuntu/ros2_ws/install/apriltag_msgs/include/apriltag_msgs
[3.578s] -- Up-to-date: /home/ubuntu/ros2_ws/install/apriltag_msgs/include/apriltag_msgs/msg
[3.580s] -- Up-to-date: /home/ubuntu/ros2_ws/install/apriltag_msgs/include/apriltag_msgs/msg/detail
[3.581s] -- Installing: /home/ubuntu/ros2_ws/install/apriltag_msgs/include/apriltag_msgs/msg/detail/april_tag_detection__type_support.c
[3.584s] -- Installing: /home/ubuntu/ros2_ws/install/apriltag_msgs/include/apriltag_msgs/msg/detail/april_tag_detection__rosidl_typesupport_introspection_c.h
[3.588s] -- Installing: /home/ubuntu/ros2_ws/install/apriltag_msgs/include/apriltag_msgs/msg/detail/april_tag_detection_array__type_support.c
[3.590s] -- Installing: /home/ubuntu/ros2_ws/install/apriltag_msgs/include/apriltag_msgs/msg/detail/point__type_support.c
[3.593s] -- Installing: /home/ubuntu/ros2_ws/install/apriltag_msgs/include/apriltag_msgs/msg/detail/point__rosidl_typesupport_introspection_c.h
[3.598s] -- Installing: /home/ubuntu/ros2_ws/install/apriltag_msgs/include/apriltag_msgs/msg/detail/april_tag_detection_array__rosidl_typesupport_introspection_c.h
[3.600s] -- Installing: /home/ubuntu/ros2_ws/install/apriltag_msgs/include/apriltag_msgs/msg/rosidl_typesupport_introspection_c__visibility_control.h
[3.603s] -- Installing: /home/ubuntu/ros2_ws/install/apriltag_msgs/lib/libapriltag_msgs__rosidl_typesupport_introspection_c.so
[3.610s] -- Set runtime path of "/home/ubuntu/ros2_ws/install/apriltag_msgs/lib/libapriltag_msgs__rosidl_typesupport_introspection_c.so" to ""
[3.620s] -- Installing: /home/ubuntu/ros2_ws/install/apriltag_msgs/lib/libapriltag_msgs__rosidl_typesupport_c.so
[3.624s] -- Set runtime path of "/home/ubuntu/ros2_ws/install/apriltag_msgs/lib/libapriltag_msgs__rosidl_typesupport_c.so" to ""
[3.632s] -- Up-to-date: /home/ubuntu/ros2_ws/install/apriltag_msgs/include/apriltag_msgs
[3.634s] -- Up-to-date: /home/ubuntu/ros2_ws/install/apriltag_msgs/include/apriltag_msgs/msg
[3.635s] -- Installing: /home/ubuntu/ros2_ws/install/apriltag_msgs/include/apriltag_msgs/msg/april_tag_detection.hpp
[3.638s] -- Up-to-date: /home/ubuntu/ros2_ws/install/apriltag_msgs/include/apriltag_msgs/msg/detail
[3.640s] -- Installing: /home/ubuntu/ros2_ws/install/apriltag_msgs/include/apriltag_msgs/msg/detail/april_tag_detection_array__builder.hpp
[3.645s] -- Installing: /home/ubuntu/ros2_ws/install/apriltag_msgs/include/apriltag_msgs/msg/detail/april_tag_detection__builder.hpp
[3.647s] -- Installing: /home/ubuntu/ros2_ws/install/apriltag_msgs/include/apriltag_msgs/msg/detail/april_tag_detection_array__traits.hpp
[3.649s] -- Installing: /home/ubuntu/ros2_ws/install/apriltag_msgs/include/apriltag_msgs/msg/detail/april_tag_detection__traits.hpp
[3.650s] -- Installing: /home/ubuntu/ros2_ws/install/apriltag_msgs/include/apriltag_msgs/msg/detail/point__builder.hpp
[3.652s] -- Installing: /home/ubuntu/ros2_ws/install/apriltag_msgs/include/apriltag_msgs/msg/detail/april_tag_detection_array__struct.hpp
[3.655s] -- Installing: /home/ubuntu/ros2_ws/install/apriltag_msgs/include/apriltag_msgs/msg/detail/point__struct.hpp
[3.657s] -- Installing: /home/ubuntu/ros2_ws/install/apriltag_msgs/include/apriltag_msgs/msg/detail/point__traits.hpp
[3.658s] -- Installing: /home/ubuntu/ros2_ws/install/apriltag_msgs/include/apriltag_msgs/msg/detail/april_tag_detection__struct.hpp
[3.659s] -- Installing: /home/ubuntu/ros2_ws/install/apriltag_msgs/include/apriltag_msgs/msg/point.hpp
[3.662s] -- Installing: /home/ubuntu/ros2_ws/install/apriltag_msgs/include/apriltag_msgs/msg/april_tag_detection_array.hpp
[3.666s] -- Up-to-date: /home/ubuntu/ros2_ws/install/apriltag_msgs/include/apriltag_msgs
[3.667s] -- Up-to-date: /home/ubuntu/ros2_ws/install/apriltag_msgs/include/apriltag_msgs/msg
[3.669s] -- Up-to-date: /home/ubuntu/ros2_ws/install/apriltag_msgs/include/apriltag_msgs/msg/detail
[3.671s] -- Installing: /home/ubuntu/ros2_ws/install/apriltag_msgs/include/apriltag_msgs/msg/detail/point__rosidl_typesupport_introspection_cpp.hpp
[3.673s] -- Installing: /home/ubuntu/ros2_ws/install/apriltag_msgs/include/apriltag_msgs/msg/detail/april_tag_detection_array__type_support.cpp
[3.674s] -- Installing: /home/ubuntu/ros2_ws/install/apriltag_msgs/include/apriltag_msgs/msg/detail/april_tag_detection_array__rosidl_typesupport_introspection_cpp.hpp
[3.676s] -- Installing: /home/ubuntu/ros2_ws/install/apriltag_msgs/include/apriltag_msgs/msg/detail/point__type_support.cpp
[3.677s] -- Installing: /home/ubuntu/ros2_ws/install/apriltag_msgs/include/apriltag_msgs/msg/detail/april_tag_detection__type_support.cpp
[3.679s] -- Installing: /home/ubuntu/ros2_ws/install/apriltag_msgs/include/apriltag_msgs/msg/detail/april_tag_detection__rosidl_typesupport_introspection_cpp.hpp
[3.681s] -- Installing: /home/ubuntu/ros2_ws/install/apriltag_msgs/lib/libapriltag_msgs__rosidl_typesupport_introspection_cpp.so
[3.683s] -- Set runtime path of "/home/ubuntu/ros2_ws/install/apriltag_msgs/lib/libapriltag_msgs__rosidl_typesupport_introspection_cpp.so" to ""
[3.685s] -- Installing: /home/ubuntu/ros2_ws/install/apriltag_msgs/lib/libapriltag_msgs__rosidl_typesupport_cpp.so
[3.686s] -- Set runtime path of "/home/ubuntu/ros2_ws/install/apriltag_msgs/lib/libapriltag_msgs__rosidl_typesupport_cpp.so" to ""
[3.688s] -- Installing: /home/ubuntu/ros2_ws/install/apriltag_msgs/share/apriltag_msgs/environment/pythonpath.sh
[3.691s] -- Installing: /home/ubuntu/ros2_ws/install/apriltag_msgs/share/apriltag_msgs/environment/pythonpath.dsv
[3.693s] -- Installing: /home/ubuntu/ros2_ws/install/apriltag_msgs/lib/python3.8/site-packages/apriltag_msgs/__init__.py
[4.013s] Compiling '/home/ubuntu/ros2_ws/install/apriltag_msgs/lib/python3.8/site-packages/apriltag_msgs/__init__.py'...
[4.089s] -- Installing: /home/ubuntu/ros2_ws/install/apriltag_msgs/lib/python3.8/site-packages/apriltag_msgs/msg
[4.092s] -- Installing: /home/ubuntu/ros2_ws/install/apriltag_msgs/lib/python3.8/site-packages/apriltag_msgs/msg/_april_tag_detection.py
[4.094s] -- Installing: /home/ubuntu/ros2_ws/install/apriltag_msgs/lib/python3.8/site-packages/apriltag_msgs/msg/_april_tag_detection_array_s.c
[4.097s] -- Installing: /home/ubuntu/ros2_ws/install/apriltag_msgs/lib/python3.8/site-packages/apriltag_msgs/msg/__init__.py
[4.101s] -- Installing: /home/ubuntu/ros2_ws/install/apriltag_msgs/lib/python3.8/site-packages/apriltag_msgs/msg/_april_tag_detection_array.py
[4.104s] -- Installing: /home/ubuntu/ros2_ws/install/apriltag_msgs/lib/python3.8/site-packages/apriltag_msgs/msg/_point.py
[4.108s] -- Installing: /home/ubuntu/ros2_ws/install/apriltag_msgs/lib/python3.8/site-packages/apriltag_msgs/msg/_april_tag_detection_s.c
[4.110s] -- Installing: /home/ubuntu/ros2_ws/install/apriltag_msgs/lib/python3.8/site-packages/apriltag_msgs/msg/_point_s.c
[4.113s] -- Installing: /home/ubuntu/ros2_ws/install/apriltag_msgs/lib/python3.8/site-packages/apriltag_msgs/apriltag_msgs_s__rosidl_typesupport_fastrtps_c.cpython-38-aarch64-linux-gnu.so
[4.118s] -- Set runtime path of "/home/ubuntu/ros2_ws/install/apriltag_msgs/lib/python3.8/site-packages/apriltag_msgs/apriltag_msgs_s__rosidl_typesupport_fastrtps_c.cpython-38-aarch64-linux-gnu.so" to ""
[4.121s] -- Installing: /home/ubuntu/ros2_ws/install/apriltag_msgs/lib/python3.8/site-packages/apriltag_msgs/apriltag_msgs_s__rosidl_typesupport_introspection_c.cpython-38-aarch64-linux-gnu.so
[4.127s] -- Set runtime path of "/home/ubuntu/ros2_ws/install/apriltag_msgs/lib/python3.8/site-packages/apriltag_msgs/apriltag_msgs_s__rosidl_typesupport_introspection_c.cpython-38-aarch64-linux-gnu.so" to ""
[4.130s] -- Installing: /home/ubuntu/ros2_ws/install/apriltag_msgs/lib/python3.8/site-packages/apriltag_msgs/apriltag_msgs_s__rosidl_typesupport_c.cpython-38-aarch64-linux-gnu.so
[4.136s] -- Set runtime path of "/home/ubuntu/ros2_ws/install/apriltag_msgs/lib/python3.8/site-packages/apriltag_msgs/apriltag_msgs_s__rosidl_typesupport_c.cpython-38-aarch64-linux-gnu.so" to ""
[4.138s] -- Installing: /home/ubuntu/ros2_ws/install/apriltag_msgs/lib/libapriltag_msgs__python.so
[4.142s] -- Set runtime path of "/home/ubuntu/ros2_ws/install/apriltag_msgs/lib/libapriltag_msgs__python.so" to ""
[4.143s] -- Installing: /home/ubuntu/ros2_ws/install/apriltag_msgs/share/apriltag_msgs/msg/Point.idl
[4.146s] -- Installing: /home/ubuntu/ros2_ws/install/apriltag_msgs/share/apriltag_msgs/msg/AprilTagDetection.idl
[4.148s] -- Installing: /home/ubuntu/ros2_ws/install/apriltag_msgs/share/apriltag_msgs/msg/AprilTagDetectionArray.idl
[4.153s] -- Installing: /home/ubuntu/ros2_ws/install/apriltag_msgs/share/apriltag_msgs/msg/Point.msg
[4.156s] -- Installing: /home/ubuntu/ros2_ws/install/apriltag_msgs/share/apriltag_msgs/msg/AprilTagDetection.msg
[4.158s] -- Installing: /home/ubuntu/ros2_ws/install/apriltag_msgs/share/apriltag_msgs/msg/AprilTagDetectionArray.msg
[4.160s] -- Installing: /home/ubuntu/ros2_ws/install/apriltag_msgs/share/ament_index/resource_index/package_run_dependencies/apriltag_msgs
[4.162s] -- Installing: /home/ubuntu/ros2_ws/install/apriltag_msgs/share/ament_index/resource_index/parent_prefix_path/apriltag_msgs
[4.165s] -- Installing: /home/ubuntu/ros2_ws/install/apriltag_msgs/share/apriltag_msgs/environment/ament_prefix_path.sh
[4.167s] -- Installing: /home/ubuntu/ros2_ws/install/apriltag_msgs/share/apriltag_msgs/environment/ament_prefix_path.dsv
[4.170s] -- Installing: /home/ubuntu/ros2_ws/install/apriltag_msgs/share/apriltag_msgs/environment/path.sh
[4.172s] -- Installing: /home/ubuntu/ros2_ws/install/apriltag_msgs/share/apriltag_msgs/environment/path.dsv
[4.175s] -- Installing: /home/ubuntu/ros2_ws/install/apriltag_msgs/share/apriltag_msgs/local_setup.bash
[4.177s] -- Installing: /home/ubuntu/ros2_ws/install/apriltag_msgs/share/apriltag_msgs/local_setup.sh
[4.179s] -- Installing: /home/ubuntu/ros2_ws/install/apriltag_msgs/share/apriltag_msgs/local_setup.zsh
[4.182s] -- Installing: /home/ubuntu/ros2_ws/install/apriltag_msgs/share/apriltag_msgs/local_setup.dsv
[4.185s] -- Installing: /home/ubuntu/ros2_ws/install/apriltag_msgs/share/apriltag_msgs/package.dsv
[4.187s] -- Installing: /home/ubuntu/ros2_ws/install/apriltag_msgs/share/ament_index/resource_index/packages/apriltag_msgs
[4.191s] -- Installing: /home/ubuntu/ros2_ws/install/apriltag_msgs/share/apriltag_msgs/cmake/apriltag_msgs__rosidl_generator_cExport.cmake
[4.196s] -- Installing: /home/ubuntu/ros2_ws/install/apriltag_msgs/share/apriltag_msgs/cmake/apriltag_msgs__rosidl_generator_cExport-noconfig.cmake
[4.198s] -- Installing: /home/ubuntu/ros2_ws/install/apriltag_msgs/share/apriltag_msgs/cmake/apriltag_msgs__rosidl_typesupport_introspection_cExport.cmake
[4.201s] -- Installing: /home/ubuntu/ros2_ws/install/apriltag_msgs/share/apriltag_msgs/cmake/apriltag_msgs__rosidl_typesupport_introspection_cExport-noconfig.cmake
[4.206s] -- Installing: /home/ubuntu/ros2_ws/install/apriltag_msgs/share/apriltag_msgs/cmake/apriltag_msgs__rosidl_typesupport_cExport.cmake
[4.207s] -- Installing: /home/ubuntu/ros2_ws/install/apriltag_msgs/share/apriltag_msgs/cmake/apriltag_msgs__rosidl_typesupport_cExport-noconfig.cmake
[4.212s] -- Installing: /home/ubuntu/ros2_ws/install/apriltag_msgs/share/apriltag_msgs/cmake/apriltag_msgs__rosidl_generator_cppExport.cmake
[4.215s] -- Installing: /home/ubuntu/ros2_ws/install/apriltag_msgs/share/apriltag_msgs/cmake/apriltag_msgs__rosidl_typesupport_introspection_cppExport.cmake
[4.216s] -- Installing: /home/ubuntu/ros2_ws/install/apriltag_msgs/share/apriltag_msgs/cmake/apriltag_msgs__rosidl_typesupport_introspection_cppExport-noconfig.cmake
[4.218s] -- Installing: /home/ubuntu/ros2_ws/install/apriltag_msgs/share/apriltag_msgs/cmake/apriltag_msgs__rosidl_typesupport_cppExport.cmake
[4.221s] -- Installing: /home/ubuntu/ros2_ws/install/apriltag_msgs/share/apriltag_msgs/cmake/apriltag_msgs__rosidl_typesupport_cppExport-noconfig.cmake
[4.226s] -- Installing: /home/ubuntu/ros2_ws/install/apriltag_msgs/share/apriltag_msgs/cmake/rosidl_cmake-extras.cmake
[4.229s] -- Installing: /home/ubuntu/ros2_ws/install/apriltag_msgs/share/apriltag_msgs/cmake/ament_cmake_export_dependencies-extras.cmake
[4.234s] -- Installing: /home/ubuntu/ros2_ws/install/apriltag_msgs/share/apriltag_msgs/cmake/ament_cmake_export_libraries-extras.cmake
[4.241s] -- Installing: /home/ubuntu/ros2_ws/install/apriltag_msgs/share/apriltag_msgs/cmake/ament_cmake_export_targets-extras.cmake
[4.246s] -- Installing: /home/ubuntu/ros2_ws/install/apriltag_msgs/share/apriltag_msgs/cmake/ament_cmake_export_include_directories-extras.cmake
[4.252s] -- Installing: /home/ubuntu/ros2_ws/install/apriltag_msgs/share/apriltag_msgs/cmake/rosidl_cmake_export_typesupport_libraries-extras.cmake
[4.265s] -- Installing: /home/ubuntu/ros2_ws/install/apriltag_msgs/share/apriltag_msgs/cmake/rosidl_cmake_export_typesupport_targets-extras.cmake
[4.284s] -- Installing: /home/ubuntu/ros2_ws/install/apriltag_msgs/share/apriltag_msgs/cmake/apriltag_msgsConfig.cmake
[4.287s] -- Installing: /home/ubuntu/ros2_ws/install/apriltag_msgs/share/apriltag_msgs/cmake/apriltag_msgsConfig-version.cmake
[4.291s] -- Installing: /home/ubuntu/ros2_ws/install/apriltag_msgs/share/apriltag_msgs/package.xml
[4.294s] Invoked command in '/home/ubuntu/ros2_ws/build/apriltag_msgs' returned '0': CMAKE_PREFIX_PATH=/opt/ros/foxy /usr/bin/cmake --install /home/ubuntu/ros2_ws/build/apriltag_msgs
