[2.595s] Invoking command in '/home/ubuntu/ros2_ws/src/pi_car': PYTHONPATH=/home/ubuntu/ros2_ws/install/pi_car/lib/python3.8/site-packages:${PYTHONPATH} /usr/bin/python3 setup.py egg_info --egg-base /home/ubuntu/ros2_ws/build/pi_car build --build-base /home/ubuntu/ros2_ws/build/pi_car/build install --prefix /home/ubuntu/ros2_ws/install/pi_car --record /home/ubuntu/ros2_ws/build/pi_car/install.log --single-version-externally-managed
[4.734s] running egg_info
[4.739s] writing /home/ubuntu/ros2_ws/build/pi_car/pi_car.egg-info/PKG-INFO
[4.741s] writing dependency_links to /home/ubuntu/ros2_ws/build/pi_car/pi_car.egg-info/dependency_links.txt
[4.743s] writing entry points to /home/ubuntu/ros2_ws/build/pi_car/pi_car.egg-info/entry_points.txt
[4.745s] writing requirements to /home/ubuntu/ros2_ws/build/pi_car/pi_car.egg-info/requires.txt
[4.747s] writing top-level names to /home/ubuntu/ros2_ws/build/pi_car/pi_car.egg-info/top_level.txt
[5.089s] reading manifest file '/home/ubuntu/ros2_ws/build/pi_car/pi_car.egg-info/SOURCES.txt'
[5.099s] writing manifest file '/home/ubuntu/ros2_ws/build/pi_car/pi_car.egg-info/SOURCES.txt'
[5.100s] running build
[5.102s] running build_py
[5.104s] running install
[5.112s] running install_lib
[5.127s] running install_data
[5.133s] running install_egg_info
[5.150s] removing '/home/ubuntu/ros2_ws/install/pi_car/lib/python3.8/site-packages/pi_car-0.0.0-py3.8.egg-info' (and everything under it)
[5.153s] Copying /home/ubuntu/ros2_ws/build/pi_car/pi_car.egg-info to /home/ubuntu/ros2_ws/install/pi_car/lib/python3.8/site-packages/pi_car-0.0.0-py3.8.egg-info
[5.164s] running install_scripts
[5.328s] Installing pi_car script to /home/ubuntu/ros2_ws/install/pi_car/lib/pi_car
[5.331s] writing list of installed files to '/home/ubuntu/ros2_ws/build/pi_car/install.log'
[5.551s] Invoked command in '/home/ubuntu/ros2_ws/src/pi_car' returned '0': PYTHONPATH=/home/ubuntu/ros2_ws/install/pi_car/lib/python3.8/site-packages:${PYTHONPATH} /usr/bin/python3 setup.py egg_info --egg-base /home/ubuntu/ros2_ws/build/pi_car build --build-base /home/ubuntu/ros2_ws/build/pi_car/build install --prefix /home/ubuntu/ros2_ws/install/pi_car --record /home/ubuntu/ros2_ws/build/pi_car/install.log --single-version-externally-managed
